2019-03-24 13:51:15.946 ERROR 568 --- [ReplicaAwareInstanceRegistry - RenewalThresholdUpdater] c.n.e.r.PeerAwareInstanceRegistryImpl    : Cannot update renewal threshold

org.springframework.beans.factory.BeanCreationException: Error creating bean with name 'org.springframework.cloud.netflix.eureka.EurekaClientAutoConfiguration': Unexpected exception during bean creation; nested exception is org.springframework.beans.factory.NoSuchBeanDefinitionException: No qualifying bean of type 'org.springframework.core.env.ConfigurableEnvironment' available: expected at least 1 bean which qualifies as autowire candidate. Dependency annotations: {}
	at org.springframework.beans.factory.support.AbstractAutowireCapableBeanFactory.createBean(AbstractAutowireCapableBeanFactory.java:511)
	at org.springframework.beans.factory.support.AbstractBeanFactory.lambda$doGetBean$0(AbstractBeanFactory.java:320)
	at org.springframework.beans.factory.support.DefaultSingletonBeanRegistry.getSingleton(DefaultSingletonBeanRegistry.java:222)
	at org.springframework.beans.factory.support.AbstractBeanFactory.doGetBean(AbstractBeanFactory.java:318)
	at org.springframework.beans.factory.support.AbstractBeanFactory.getBean(AbstractBeanFactory.java:199)
	at org.springframework.beans.factory.support.ConstructorResolver.instantiateUsingFactoryMethod(ConstructorResolver.java:392)
	at org.springframework.beans.factory.support.AbstractAutowireCapableBeanFactory.instantiateUsingFactoryMethod(AbstractAutowireCapableBeanFactory.java:1288)
	at org.springframework.beans.factory.support.AbstractAutowireCapableBeanFactory.createBeanInstance(AbstractAutowireCapableBeanFactory.java:1127)
	at org.springframework.beans.factory.support.AbstractAutowireCapableBeanFactory.doCreateBean(AbstractAutowireCapableBeanFactory.java:538)
	at org.springframework.beans.factory.support.AbstractAutowireCapableBeanFactory.createBean(AbstractAutowireCapableBeanFactory.java:498)
	at org.springframework.beans.factory.support.AbstractBeanFactory.lambda$doGetBean$0(AbstractBeanFactory.java:320)
	at org.springframework.beans.factory.support.DefaultSingletonBeanRegistry.getSingleton(DefaultSingletonBeanRegistry.java:222)
	at org.springframework.beans.factory.support.AbstractBeanFactory.doGetBean(AbstractBeanFactory.java:318)
	at org.springframework.beans.factory.support.AbstractBeanFactory.getBean(AbstractBeanFactory.java:199)
	at org.springframework.beans.factory.config.DependencyDescriptor.resolveCandidate(DependencyDescriptor.java:273)
	at org.springframework.beans.factory.support.DefaultListableBeanFactory.doResolveDependency(DefaultListableBeanFactory.java:1237)
	at org.springframework.beans.factory.support.DefaultListableBeanFactory.resolveDependency(DefaultListableBeanFactory.java:1164)
	at org.springframework.beans.factory.support.ConstructorResolver.resolveAutowiredArgument(ConstructorResolver.java:857)
	at org.springframework.beans.factory.support.ConstructorResolver.resolvePreparedArguments(ConstructorResolver.java:804)
	at org.springframework.beans.factory.support.ConstructorResolver.instantiateUsingFactoryMethod(ConstructorResolver.java:430)
	at org.springframework.beans.factory.support.AbstractAutowireCapableBeanFactory.instantiateUsingFactoryMethod(AbstractAutowireCapableBeanFactory.java:1288)
	at org.springframework.beans.factory.support.AbstractAutowireCapableBeanFactory.createBeanInstance(AbstractAutowireCapableBeanFactory.java:1127)
	at org.springframework.beans.factory.support.AbstractAutowireCapableBeanFactory.doCreateBean(AbstractAutowireCapableBeanFactory.java:538)
	at org.springframework.beans.factory.support.AbstractAutowireCapableBeanFactory.createBean(AbstractAutowireCapableBeanFactory.java:498)
	at org.springframework.beans.factory.support.AbstractBeanFactory.lambda$doGetBean$1(AbstractBeanFactory.java:356)
	at org.springframework.cloud.context.scope.GenericScope$BeanLifecycleWrapper.getBean(GenericScope.java:390)
	at org.springframework.cloud.context.scope.GenericScope.get(GenericScope.java:184)
	at org.springframework.beans.factory.support.AbstractBeanFactory.doGetBean(AbstractBeanFactory.java:353)
	at org.springframework.beans.factory.support.AbstractBeanFactory.getBean(AbstractBeanFactory.java:199)
	at org.springframework.aop.target.SimpleBeanTargetSource.getTarget(SimpleBeanTargetSource.java:35)
	at org.springframework.aop.framework.JdkDynamicAopProxy.invoke(JdkDynamicAopProxy.java:193)
	at com.sun.proxy.$Proxy122.getApplications(Unknown Source)
	at com.netflix.eureka.registry.PeerAwareInstanceRegistryImpl.updateRenewalThreshold(PeerAwareInstanceRegistryImpl.java:521)
	at com.netflix.eureka.registry.PeerAwareInstanceRegistryImpl.access$000(PeerAwareInstanceRegistryImpl.java:92)
	at com.netflix.eureka.registry.PeerAwareInstanceRegistryImpl$2.run(PeerAwareInstanceRegistryImpl.java:194)
	at java.util.TimerThread.mainLoop(Timer.java:555)
	at java.util.TimerThread.run(Timer.java:505)
Caused by: org.springframework.beans.factory.NoSuchBeanDefinitionException: No qualifying bean of type 'org.springframework.core.env.ConfigurableEnvironment' available: expected at least 1 bean which qualifies as autowire candidate. Dependency annotations: {}
	at org.springframework.beans.factory.support.DefaultListableBeanFactory.raiseNoMatchingBeanFound(DefaultListableBeanFactory.java:1644)
	at org.springframework.beans.factory.support.DefaultListableBeanFactory.doResolveDependency(DefaultListableBeanFactory.java:1203)
	at org.springframework.beans.factory.support.DefaultListableBeanFactory.resolveDependency(DefaultListableBeanFactory.java:1164)
	at org.springframework.beans.factory.support.ConstructorResolver.resolveAutowiredArgument(ConstructorResolver.java:857)
	at org.springframework.beans.factory.support.ConstructorResolver.resolvePreparedArguments(ConstructorResolver.java:804)
	at org.springframework.beans.factory.support.ConstructorResolver.autowireConstructor(ConstructorResolver.java:143)
	at org.springframework.beans.factory.support.AbstractAutowireCapableBeanFactory.autowireConstructor(AbstractAutowireCapableBeanFactory.java:1308)
	at org.springframework.beans.factory.support.AbstractAutowireCapableBeanFactory.createBeanInstance(AbstractAutowireCapableBeanFactory.java:1143)
	at org.springframework.beans.factory.support.AbstractAutowireCapableBeanFactory.doCreateBean(AbstractAutowireCapableBeanFactory.java:538)
	at org.springframework.beans.factory.support.AbstractAutowireCapableBeanFactory.createBean(AbstractAutowireCapableBeanFactory.java:498)
	... 36 common frames omitted

2019-03-24 13:53:00.098 ERROR 568 --- [pool-7-thread-1] o.s.s.s.TaskUtils$LoggingErrorHandler    : Unexpected error occurred in scheduled task.

org.springframework.data.redis.RedisConnectionFailureException: Unable to connect to Redis; nested exception is io.lettuce.core.RedisConnectionException: Unable to connect to localhost:6379
	at org.springframework.data.redis.connection.lettuce.LettuceConnectionFactory$SharedConnection.getNativeConnection(LettuceConnectionFactory.java:1092)
	at org.springframework.data.redis.connection.lettuce.LettuceConnectionFactory$SharedConnection.getConnection(LettuceConnectionFactory.java:1065)
	at org.springframework.data.redis.connection.lettuce.LettuceConnectionFactory.getSharedConnection(LettuceConnectionFactory.java:865)
	at org.springframework.data.redis.connection.lettuce.LettuceConnectionFactory.getConnection(LettuceConnectionFactory.java:340)
	at org.springframework.data.redis.core.RedisConnectionUtils.doGetConnection(RedisConnectionUtils.java:132)
	at org.springframework.data.redis.core.RedisConnectionUtils.getConnection(RedisConnectionUtils.java:95)
	at org.springframework.data.redis.core.RedisConnectionUtils.getConnection(RedisConnectionUtils.java:82)
	at org.springframework.data.redis.core.RedisTemplate.execute(RedisTemplate.java:211)
	at org.springframework.data.redis.core.RedisTemplate.execute(RedisTemplate.java:184)
	at org.springframework.data.redis.core.AbstractOperations.execute(AbstractOperations.java:95)
	at org.springframework.data.redis.core.DefaultSetOperations.members(DefaultSetOperations.java:158)
	at org.springframework.data.redis.core.DefaultBoundSetOperations.members(DefaultBoundSetOperations.java:152)
	at org.springframework.session.data.redis.RedisSessionExpirationPolicy.cleanExpiredSessions(RedisSessionExpirationPolicy.java:132)
	at org.springframework.session.data.redis.RedisOperationsSessionRepository.cleanupExpiredSessions(RedisOperationsSessionRepository.java:430)
	at org.springframework.session.data.redis.config.annotation.web.http.RedisHttpSessionConfiguration.lambda$configureTasks$0(RedisHttpSessionConfiguration.java:248)
	at org.springframework.scheduling.support.DelegatingErrorHandlingRunnable.run(DelegatingErrorHandlingRunnable.java:54)
	at org.springframework.scheduling.concurrent.ReschedulingRunnable.run(ReschedulingRunnable.java:93)
	at java.util.concurrent.Executors$RunnableAdapter.call(Executors.java:511)
	at java.util.concurrent.FutureTask.run(FutureTask.java:266)
	at java.util.concurrent.ScheduledThreadPoolExecutor$ScheduledFutureTask.access$201(ScheduledThreadPoolExecutor.java:180)
	at java.util.concurrent.ScheduledThreadPoolExecutor$ScheduledFutureTask.run(ScheduledThreadPoolExecutor.java:293)
	at java.util.concurrent.ThreadPoolExecutor.runWorker(ThreadPoolExecutor.java:1149)
	at java.util.concurrent.ThreadPoolExecutor$Worker.run(ThreadPoolExecutor.java:624)
	at java.lang.Thread.run(Thread.java:748)
Caused by: io.lettuce.core.RedisConnectionException: Unable to connect to localhost:6379
	at io.lettuce.core.RedisConnectionException.create(RedisConnectionException.java:78)
	at io.lettuce.core.RedisConnectionException.create(RedisConnectionException.java:56)
	at io.lettuce.core.AbstractRedisClient.getConnection(AbstractRedisClient.java:234)
	at io.lettuce.core.RedisClient.connect(RedisClient.java:204)
	at org.springframework.data.redis.connection.lettuce.StandaloneConnectionProvider.lambda$getConnection$1(StandaloneConnectionProvider.java:113)
	at java.util.Optional.orElseGet(Optional.java:267)
	at org.springframework.data.redis.connection.lettuce.StandaloneConnectionProvider.getConnection(StandaloneConnectionProvider.java:113)
	at org.springframework.data.redis.connection.lettuce.LettuceConnectionFactory$SharedConnection.getNativeConnection(LettuceConnectionFactory.java:1085)
	... 23 common frames omitted
Caused by: java.lang.IllegalStateException: executor not accepting a task
	at io.netty.resolver.AddressResolverGroup.getResolver(AddressResolverGroup.java:60)
	at io.netty.bootstrap.Bootstrap.doResolveAndConnect0(Bootstrap.java:200)
	at io.netty.bootstrap.Bootstrap.doResolveAndConnect(Bootstrap.java:170)
	at io.netty.bootstrap.Bootstrap.connect(Bootstrap.java:145)
	at io.lettuce.core.AbstractRedisClient.initializeChannelAsync0(AbstractRedisClient.java:313)
	at io.lettuce.core.AbstractRedisClient.lambda$initializeChannelAsync$0(AbstractRedisClient.java:294)
	at reactor.core.publisher.LambdaMonoSubscriber.onNext(LambdaMonoSubscriber.java:137)
	at reactor.core.publisher.FluxOnAssembly$OnAssemblySubscriber.onNext(FluxOnAssembly.java:373)
	at reactor.core.publisher.FluxPeekFuseable$PeekFuseableSubscriber.onNext(FluxPeekFuseable.java:204)
	at reactor.core.publisher.FluxOnAssembly$OnAssemblySubscriber.onNext(FluxOnAssembly.java:373)
	at reactor.core.publisher.FluxPeekFuseable$PeekFuseableSubscriber.onNext(FluxPeekFuseable.java:204)
	at reactor.core.publisher.FluxOnAssembly$OnAssemblySubscriber.onNext(FluxOnAssembly.java:373)
	at reactor.core.publisher.FluxPeekFuseable$PeekFuseableSubscriber.onNext(FluxPeekFuseable.java:204)
	at reactor.core.publisher.FluxOnAssembly$OnAssemblySubscriber.onNext(FluxOnAssembly.java:373)
	at reactor.core.publisher.FluxOnAssembly$OnAssemblySubscriber.onNext(FluxOnAssembly.java:373)
	at reactor.core.publisher.Operators$MonoSubscriber.complete(Operators.java:1476)
	at reactor.core.publisher.MonoCallable.subscribe(MonoCallable.java:61)
	at reactor.core.publisher.MonoCallableOnAssembly.subscribe(MonoCallableOnAssembly.java:82)
	at reactor.core.publisher.MonoDefer.subscribe(MonoDefer.java:52)
	at reactor.core.publisher.MonoOnAssembly.subscribe(MonoOnAssembly.java:76)
	at reactor.core.publisher.MonoPeekFuseable.subscribe(MonoPeekFuseable.java:74)
	at reactor.core.publisher.MonoOnAssembly.subscribe(MonoOnAssembly.java:76)
	at reactor.core.publisher.MonoPeekFuseable.subscribe(MonoPeekFuseable.java:74)
	at reactor.core.publisher.MonoOnAssembly.subscribe(MonoOnAssembly.java:76)
	at reactor.core.publisher.MonoPeekFuseable.subscribe(MonoPeekFuseable.java:74)
	at reactor.core.publisher.MonoOnAssembly.subscribe(MonoOnAssembly.java:76)
	at reactor.core.publisher.Mono.subscribe(Mono.java:3608)
	at reactor.core.publisher.Mono.subscribeWith(Mono.java:3714)
	at reactor.core.publisher.Mono.subscribe(Mono.java:3602)
	at reactor.core.publisher.Mono.subscribe(Mono.java:3569)
	at reactor.core.publisher.Mono.subscribe(Mono.java:3541)
	at io.lettuce.core.AbstractRedisClient.initializeChannelAsync(AbstractRedisClient.java:289)
	at io.lettuce.core.RedisClient.connectStatefulAsync(RedisClient.java:314)
	at io.lettuce.core.RedisClient.connectStandaloneAsync(RedisClient.java:271)
	... 28 common frames omitted

2019-03-24 13:54:44.977 ERROR 568 --- [http-nio-8761-exec-1] o.s.web.servlet.DispatcherServlet        : Context initialization failed

org.springframework.beans.factory.BeanCreationNotAllowedException: Error creating bean with name 'requestMappingHandlerMapping': Singleton bean creation not allowed while singletons of this factory are in destruction (Do not request a bean from a BeanFactory in a destroy method implementation!)
	at org.springframework.beans.factory.support.DefaultSingletonBeanRegistry.getSingleton(DefaultSingletonBeanRegistry.java:208)
	at org.springframework.beans.factory.support.AbstractBeanFactory.doGetBean(AbstractBeanFactory.java:318)
	at org.springframework.beans.factory.support.AbstractBeanFactory.getBean(AbstractBeanFactory.java:199)
	at org.springframework.beans.factory.support.DefaultListableBeanFactory.getBeansOfType(DefaultListableBeanFactory.java:602)
	at org.springframework.context.support.AbstractApplicationContext.getBeansOfType(AbstractApplicationContext.java:1212)
	at org.springframework.beans.factory.BeanFactoryUtils.beansOfTypeIncludingAncestors(BeanFactoryUtils.java:340)
	at org.springframework.web.servlet.DispatcherServlet.initHandlerMappings(DispatcherServlet.java:598)
	at org.springframework.web.servlet.DispatcherServlet.initStrategies(DispatcherServlet.java:505)
	at org.springframework.web.servlet.DispatcherServlet.onRefresh(DispatcherServlet.java:494)
	at org.springframework.web.servlet.FrameworkServlet.initWebApplicationContext(FrameworkServlet.java:598)
	at org.springframework.web.servlet.FrameworkServlet.initServletBean(FrameworkServlet.java:529)
	at org.springframework.web.servlet.HttpServletBean.init(HttpServletBean.java:169)
	at javax.servlet.GenericServlet.init(GenericServlet.java:158)
	at org.apache.catalina.core.StandardWrapper.initServlet(StandardWrapper.java:1124)
	at org.apache.catalina.core.StandardWrapper.allocate(StandardWrapper.java:777)
	at org.apache.catalina.core.StandardWrapperValve.invoke(StandardWrapperValve.java:133)
	at org.apache.catalina.core.StandardContextValve.invoke(StandardContextValve.java:96)
	at org.apache.catalina.authenticator.AuthenticatorBase.invoke(AuthenticatorBase.java:490)
	at org.apache.catalina.core.StandardHostValve.invoke(StandardHostValve.java:139)
	at org.apache.catalina.valves.ErrorReportValve.invoke(ErrorReportValve.java:92)
	at org.apache.catalina.core.StandardEngineValve.invoke(StandardEngineValve.java:74)
	at org.apache.catalina.connector.CoyoteAdapter.service(CoyoteAdapter.java:343)
	at org.apache.coyote.http11.Http11Processor.service(Http11Processor.java:408)
	at org.apache.coyote.AbstractProcessorLight.process(AbstractProcessorLight.java:66)
	at org.apache.coyote.AbstractProtocol$ConnectionHandler.process(AbstractProtocol.java:791)
	at org.apache.tomcat.util.net.NioEndpoint$SocketProcessor.doRun(NioEndpoint.java:1417)
	at org.apache.tomcat.util.net.SocketProcessorBase.run(SocketProcessorBase.java:49)
	at java.util.concurrent.ThreadPoolExecutor.runWorker(ThreadPoolExecutor.java:1149)
	at java.util.concurrent.ThreadPoolExecutor$Worker.run(ThreadPoolExecutor.java:624)
	at org.apache.tomcat.util.threads.TaskThread$WrappingRunnable.run(TaskThread.java:61)
	at java.lang.Thread.run(Thread.java:748)

2019-03-24 13:54:44.989 ERROR 568 --- [http-nio-8761-exec-1] o.s.web.servlet.DispatcherServlet        : Context initialization failed

org.springframework.beans.factory.BeanCreationNotAllowedException: Error creating bean with name 'requestMappingHandlerMapping': Singleton bean creation not allowed while singletons of this factory are in destruction (Do not request a bean from a BeanFactory in a destroy method implementation!)
	at org.springframework.beans.factory.support.DefaultSingletonBeanRegistry.getSingleton(DefaultSingletonBeanRegistry.java:208)
	at org.springframework.beans.factory.support.AbstractBeanFactory.doGetBean(AbstractBeanFactory.java:318)
	at org.springframework.beans.factory.support.AbstractBeanFactory.getBean(AbstractBeanFactory.java:199)
	at org.springframework.beans.factory.support.DefaultListableBeanFactory.getBeansOfType(DefaultListableBeanFactory.java:602)
	at org.springframework.context.support.AbstractApplicationContext.getBeansOfType(AbstractApplicationContext.java:1212)
	at org.springframework.beans.factory.BeanFactoryUtils.beansOfTypeIncludingAncestors(BeanFactoryUtils.java:340)
	at org.springframework.web.servlet.DispatcherServlet.initHandlerMappings(DispatcherServlet.java:598)
	at org.springframework.web.servlet.DispatcherServlet.initStrategies(DispatcherServlet.java:505)
	at org.springframework.web.servlet.DispatcherServlet.onRefresh(DispatcherServlet.java:494)
	at org.springframework.web.servlet.FrameworkServlet.initWebApplicationContext(FrameworkServlet.java:598)
	at org.springframework.web.servlet.FrameworkServlet.initServletBean(FrameworkServlet.java:529)
	at org.springframework.web.servlet.HttpServletBean.init(HttpServletBean.java:169)
	at javax.servlet.GenericServlet.init(GenericServlet.java:158)
	at org.apache.catalina.core.StandardWrapper.initServlet(StandardWrapper.java:1124)
	at org.apache.catalina.core.StandardWrapper.allocate(StandardWrapper.java:777)
	at org.apache.catalina.core.ApplicationDispatcher.invoke(ApplicationDispatcher.java:688)
	at org.apache.catalina.core.ApplicationDispatcher.processRequest(ApplicationDispatcher.java:461)
	at org.apache.catalina.core.ApplicationDispatcher.doForward(ApplicationDispatcher.java:384)
	at org.apache.catalina.core.ApplicationDispatcher.forward(ApplicationDispatcher.java:312)
	at org.apache.catalina.core.StandardHostValve.custom(StandardHostValve.java:394)
	at org.apache.catalina.core.StandardHostValve.status(StandardHostValve.java:253)
	at org.apache.catalina.core.StandardHostValve.throwable(StandardHostValve.java:348)
	at org.apache.catalina.core.StandardHostValve.invoke(StandardHostValve.java:173)
	at org.apache.catalina.valves.ErrorReportValve.invoke(ErrorReportValve.java:92)
	at org.apache.catalina.core.StandardEngineValve.invoke(StandardEngineValve.java:74)
	at org.apache.catalina.connector.CoyoteAdapter.service(CoyoteAdapter.java:343)
	at org.apache.coyote.http11.Http11Processor.service(Http11Processor.java:408)
	at org.apache.coyote.AbstractProcessorLight.process(AbstractProcessorLight.java:66)
	at org.apache.coyote.AbstractProtocol$ConnectionHandler.process(AbstractProtocol.java:791)
	at org.apache.tomcat.util.net.NioEndpoint$SocketProcessor.doRun(NioEndpoint.java:1417)
	at org.apache.tomcat.util.net.SocketProcessorBase.run(SocketProcessorBase.java:49)
	at java.util.concurrent.ThreadPoolExecutor.runWorker(ThreadPoolExecutor.java:1149)
	at java.util.concurrent.ThreadPoolExecutor$Worker.run(ThreadPoolExecutor.java:624)
	at org.apache.tomcat.util.threads.TaskThread$WrappingRunnable.run(TaskThread.java:61)
	at java.lang.Thread.run(Thread.java:748)

2019-03-24 13:54:45.037 ERROR 568 --- [http-nio-8761-exec-2] o.s.web.servlet.DispatcherServlet        : Context initialization failed

org.springframework.beans.factory.BeanCreationNotAllowedException: Error creating bean with name 'requestMappingHandlerMapping': Singleton bean creation not allowed while singletons of this factory are in destruction (Do not request a bean from a BeanFactory in a destroy method implementation!)
	at org.springframework.beans.factory.support.DefaultSingletonBeanRegistry.getSingleton(DefaultSingletonBeanRegistry.java:208)
	at org.springframework.beans.factory.support.AbstractBeanFactory.doGetBean(AbstractBeanFactory.java:318)
	at org.springframework.beans.factory.support.AbstractBeanFactory.getBean(AbstractBeanFactory.java:199)
	at org.springframework.beans.factory.support.DefaultListableBeanFactory.getBeansOfType(DefaultListableBeanFactory.java:602)
	at org.springframework.context.support.AbstractApplicationContext.getBeansOfType(AbstractApplicationContext.java:1212)
	at org.springframework.beans.factory.BeanFactoryUtils.beansOfTypeIncludingAncestors(BeanFactoryUtils.java:340)
	at org.springframework.web.servlet.DispatcherServlet.initHandlerMappings(DispatcherServlet.java:598)
	at org.springframework.web.servlet.DispatcherServlet.initStrategies(DispatcherServlet.java:505)
	at org.springframework.web.servlet.DispatcherServlet.onRefresh(DispatcherServlet.java:494)
	at org.springframework.web.servlet.FrameworkServlet.initWebApplicationContext(FrameworkServlet.java:598)
	at org.springframework.web.servlet.FrameworkServlet.initServletBean(FrameworkServlet.java:529)
	at org.springframework.web.servlet.HttpServletBean.init(HttpServletBean.java:169)
	at javax.servlet.GenericServlet.init(GenericServlet.java:158)
	at org.apache.catalina.core.StandardWrapper.initServlet(StandardWrapper.java:1124)
	at org.apache.catalina.core.StandardWrapper.allocate(StandardWrapper.java:777)
	at org.apache.catalina.core.StandardWrapperValve.invoke(StandardWrapperValve.java:133)
	at org.apache.catalina.core.StandardContextValve.invoke(StandardContextValve.java:96)
	at org.apache.catalina.authenticator.AuthenticatorBase.invoke(AuthenticatorBase.java:490)
	at org.apache.catalina.core.StandardHostValve.invoke(StandardHostValve.java:139)
	at org.apache.catalina.valves.ErrorReportValve.invoke(ErrorReportValve.java:92)
	at org.apache.catalina.core.StandardEngineValve.invoke(StandardEngineValve.java:74)
	at org.apache.catalina.connector.CoyoteAdapter.service(CoyoteAdapter.java:343)
	at org.apache.coyote.http11.Http11Processor.service(Http11Processor.java:408)
	at org.apache.coyote.AbstractProcessorLight.process(AbstractProcessorLight.java:66)
	at org.apache.coyote.AbstractProtocol$ConnectionHandler.process(AbstractProtocol.java:791)
	at org.apache.tomcat.util.net.NioEndpoint$SocketProcessor.doRun(NioEndpoint.java:1417)
	at org.apache.tomcat.util.net.SocketProcessorBase.run(SocketProcessorBase.java:49)
	at java.util.concurrent.ThreadPoolExecutor.runWorker(ThreadPoolExecutor.java:1149)
	at java.util.concurrent.ThreadPoolExecutor$Worker.run(ThreadPoolExecutor.java:624)
	at org.apache.tomcat.util.threads.TaskThread$WrappingRunnable.run(TaskThread.java:61)
	at java.lang.Thread.run(Thread.java:748)

2019-03-24 13:54:45.042 ERROR 568 --- [http-nio-8761-exec-2] o.s.web.servlet.DispatcherServlet        : Context initialization failed

org.springframework.beans.factory.BeanCreationNotAllowedException: Error creating bean with name 'requestMappingHandlerMapping': Singleton bean creation not allowed while singletons of this factory are in destruction (Do not request a bean from a BeanFactory in a destroy method implementation!)
	at org.springframework.beans.factory.support.DefaultSingletonBeanRegistry.getSingleton(DefaultSingletonBeanRegistry.java:208)
	at org.springframework.beans.factory.support.AbstractBeanFactory.doGetBean(AbstractBeanFactory.java:318)
	at org.springframework.beans.factory.support.AbstractBeanFactory.getBean(AbstractBeanFactory.java:199)
	at org.springframework.beans.factory.support.DefaultListableBeanFactory.getBeansOfType(DefaultListableBeanFactory.java:602)
	at org.springframework.context.support.AbstractApplicationContext.getBeansOfType(AbstractApplicationContext.java:1212)
	at org.springframework.beans.factory.BeanFactoryUtils.beansOfTypeIncludingAncestors(BeanFactoryUtils.java:340)
	at org.springframework.web.servlet.DispatcherServlet.initHandlerMappings(DispatcherServlet.java:598)
	at org.springframework.web.servlet.DispatcherServlet.initStrategies(DispatcherServlet.java:505)
	at org.springframework.web.servlet.DispatcherServlet.onRefresh(DispatcherServlet.java:494)
	at org.springframework.web.servlet.FrameworkServlet.initWebApplicationContext(FrameworkServlet.java:598)
	at org.springframework.web.servlet.FrameworkServlet.initServletBean(FrameworkServlet.java:529)
	at org.springframework.web.servlet.HttpServletBean.init(HttpServletBean.java:169)
	at javax.servlet.GenericServlet.init(GenericServlet.java:158)
	at org.apache.catalina.core.StandardWrapper.initServlet(StandardWrapper.java:1124)
	at org.apache.catalina.core.StandardWrapper.allocate(StandardWrapper.java:777)
	at org.apache.catalina.core.ApplicationDispatcher.invoke(ApplicationDispatcher.java:688)
	at org.apache.catalina.core.ApplicationDispatcher.processRequest(ApplicationDispatcher.java:461)
	at org.apache.catalina.core.ApplicationDispatcher.doForward(ApplicationDispatcher.java:384)
	at org.apache.catalina.core.ApplicationDispatcher.forward(ApplicationDispatcher.java:312)
	at org.apache.catalina.core.StandardHostValve.custom(StandardHostValve.java:394)
	at org.apache.catalina.core.StandardHostValve.status(StandardHostValve.java:253)
	at org.apache.catalina.core.StandardHostValve.throwable(StandardHostValve.java:348)
	at org.apache.catalina.core.StandardHostValve.invoke(StandardHostValve.java:173)
	at org.apache.catalina.valves.ErrorReportValve.invoke(ErrorReportValve.java:92)
	at org.apache.catalina.core.StandardEngineValve.invoke(StandardEngineValve.java:74)
	at org.apache.catalina.connector.CoyoteAdapter.service(CoyoteAdapter.java:343)
	at org.apache.coyote.http11.Http11Processor.service(Http11Processor.java:408)
	at org.apache.coyote.AbstractProcessorLight.process(AbstractProcessorLight.java:66)
	at org.apache.coyote.AbstractProtocol$ConnectionHandler.process(AbstractProtocol.java:791)
	at org.apache.tomcat.util.net.NioEndpoint$SocketProcessor.doRun(NioEndpoint.java:1417)
	at org.apache.tomcat.util.net.SocketProcessorBase.run(SocketProcessorBase.java:49)
	at java.util.concurrent.ThreadPoolExecutor.runWorker(ThreadPoolExecutor.java:1149)
	at java.util.concurrent.ThreadPoolExecutor$Worker.run(ThreadPoolExecutor.java:624)
	at org.apache.tomcat.util.threads.TaskThread$WrappingRunnable.run(TaskThread.java:61)
	at java.lang.Thread.run(Thread.java:748)

2019-03-24 13:54:58.904 ERROR 568 --- [restartedMain] o.s.boot.SpringApplication               : Application run failed

org.springframework.jmx.export.UnableToRegisterMBeanException: Unable to register MBean [org.springframework.cloud.context.environment.EnvironmentManager@7701ba3c] with key 'environmentManager'; nested exception is java.lang.IllegalStateException: org.springframework.context.annotation.AnnotationConfigApplicationContext@46bfd590 has been closed already
	at org.springframework.jmx.export.MBeanExporter.registerBeanNameOrInstance(MBeanExporter.java:625)
	at org.springframework.jmx.export.MBeanExporter.lambda$registerBeans$2(MBeanExporter.java:551)
	at java.util.HashMap.forEach(HashMap.java:1289)
	at org.springframework.jmx.export.MBeanExporter.registerBeans(MBeanExporter.java:551)
	at org.springframework.jmx.export.MBeanExporter.afterSingletonsInstantiated(MBeanExporter.java:434)
	at org.springframework.beans.factory.support.DefaultListableBeanFactory.preInstantiateSingletons(DefaultListableBeanFactory.java:863)
	at org.springframework.context.support.AbstractApplicationContext.finishBeanFactoryInitialization(AbstractApplicationContext.java:863)
	at org.springframework.context.support.AbstractApplicationContext.refresh(AbstractApplicationContext.java:546)
	at org.springframework.boot.web.servlet.context.ServletWebServerApplicationContext.refresh(ServletWebServerApplicationContext.java:142)
	at org.springframework.boot.SpringApplication.refresh(SpringApplication.java:775)
	at org.springframework.boot.SpringApplication.refreshContext(SpringApplication.java:397)
	at org.springframework.boot.SpringApplication.run(SpringApplication.java:316)
	at org.springframework.boot.builder.SpringApplicationBuilder.run(SpringApplicationBuilder.java:139)
	at com.youmeng.eureka_server.EurekaServerApplication.main(EurekaServerApplication.java:13)
	at sun.reflect.NativeMethodAccessorImpl.invoke0(Native Method)
	at sun.reflect.NativeMethodAccessorImpl.invoke(NativeMethodAccessorImpl.java:62)
	at sun.reflect.DelegatingMethodAccessorImpl.invoke(DelegatingMethodAccessorImpl.java:43)
	at java.lang.reflect.Method.invoke(Method.java:498)
	at org.springframework.boot.devtools.restart.RestartLauncher.run(RestartLauncher.java:49)
Caused by: java.lang.IllegalStateException: org.springframework.context.annotation.AnnotationConfigApplicationContext@46bfd590 has been closed already
	at org.springframework.context.support.AbstractApplicationContext.assertBeanFactoryActive(AbstractApplicationContext.java:1067)
	at org.springframework.context.support.AbstractApplicationContext.getBean(AbstractApplicationContext.java:1082)
	at org.springframework.boot.autoconfigure.jmx.ParentAwareNamingStrategy.parentContextContainsSameBean(ParentAwareNamingStrategy.java:87)
	at org.springframework.boot.autoconfigure.jmx.ParentAwareNamingStrategy.getObjectName(ParentAwareNamingStrategy.java:68)
	at org.springframework.jmx.export.MBeanExporter.getObjectName(MBeanExporter.java:755)
	at org.springframework.jmx.export.MBeanExporter.registerBeanInstance(MBeanExporter.java:654)
	at org.springframework.jmx.export.MBeanExporter.registerBeanNameOrInstance(MBeanExporter.java:615)
	... 18 common frames omitted

2019-03-24 13:55:53.766 ERROR 568 --- [restartedMain] o.s.boot.SpringApplication               : Application run failed

org.springframework.jmx.export.UnableToRegisterMBeanException: Unable to register MBean [org.springframework.cloud.context.environment.EnvironmentManager@7c6395fc] with key 'environmentManager'; nested exception is javax.management.InstanceAlreadyExistsException: org.springframework.cloud.context.environment:name=environmentManager,type=EnvironmentManager
	at org.springframework.jmx.export.MBeanExporter.registerBeanNameOrInstance(MBeanExporter.java:625)
	at org.springframework.jmx.export.MBeanExporter.lambda$registerBeans$2(MBeanExporter.java:551)
	at java.util.HashMap.forEach(HashMap.java:1289)
	at org.springframework.jmx.export.MBeanExporter.registerBeans(MBeanExporter.java:551)
	at org.springframework.jmx.export.MBeanExporter.afterSingletonsInstantiated(MBeanExporter.java:434)
	at org.springframework.beans.factory.support.DefaultListableBeanFactory.preInstantiateSingletons(DefaultListableBeanFactory.java:863)
	at org.springframework.context.support.AbstractApplicationContext.finishBeanFactoryInitialization(AbstractApplicationContext.java:863)
	at org.springframework.context.support.AbstractApplicationContext.refresh(AbstractApplicationContext.java:546)
	at org.springframework.boot.web.servlet.context.ServletWebServerApplicationContext.refresh(ServletWebServerApplicationContext.java:142)
	at org.springframework.boot.SpringApplication.refresh(SpringApplication.java:775)
	at org.springframework.boot.SpringApplication.refreshContext(SpringApplication.java:397)
	at org.springframework.boot.SpringApplication.run(SpringApplication.java:316)
	at org.springframework.boot.builder.SpringApplicationBuilder.run(SpringApplicationBuilder.java:139)
	at com.youmeng.eureka_server.EurekaServerApplication.main(EurekaServerApplication.java:13)
	at sun.reflect.NativeMethodAccessorImpl.invoke0(Native Method)
	at sun.reflect.NativeMethodAccessorImpl.invoke(NativeMethodAccessorImpl.java:62)
	at sun.reflect.DelegatingMethodAccessorImpl.invoke(DelegatingMethodAccessorImpl.java:43)
	at java.lang.reflect.Method.invoke(Method.java:498)
	at org.springframework.boot.devtools.restart.RestartLauncher.run(RestartLauncher.java:49)
Caused by: javax.management.InstanceAlreadyExistsException: org.springframework.cloud.context.environment:name=environmentManager,type=EnvironmentManager
	at com.sun.jmx.mbeanserver.Repository.addMBean(Repository.java:437)
	at com.sun.jmx.interceptor.DefaultMBeanServerInterceptor.registerWithRepository(DefaultMBeanServerInterceptor.java:1898)
	at com.sun.jmx.interceptor.DefaultMBeanServerInterceptor.registerDynamicMBean(DefaultMBeanServerInterceptor.java:966)
	at com.sun.jmx.interceptor.DefaultMBeanServerInterceptor.registerObject(DefaultMBeanServerInterceptor.java:900)
	at com.sun.jmx.interceptor.DefaultMBeanServerInterceptor.registerMBean(DefaultMBeanServerInterceptor.java:324)
	at com.sun.jmx.mbeanserver.JmxMBeanServer.registerMBean(JmxMBeanServer.java:522)
	at org.springframework.jmx.support.MBeanRegistrationSupport.doRegister(MBeanRegistrationSupport.java:137)
	at org.springframework.jmx.export.MBeanExporter.registerBeanInstance(MBeanExporter.java:679)
	at org.springframework.jmx.export.MBeanExporter.registerBeanNameOrInstance(MBeanExporter.java:615)
	... 18 common frames omitted

2019-03-24 13:57:00.009 ERROR 568 --- [pool-12-thread-1] o.s.s.s.TaskUtils$LoggingErrorHandler    : Unexpected error occurred in scheduled task.

org.springframework.data.redis.RedisConnectionFailureException: Unable to connect to Redis; nested exception is io.lettuce.core.RedisConnectionException: Unable to connect to localhost:6379
	at org.springframework.data.redis.connection.lettuce.LettuceConnectionFactory$SharedConnection.getNativeConnection(LettuceConnectionFactory.java:1092)
	at org.springframework.data.redis.connection.lettuce.LettuceConnectionFactory$SharedConnection.getConnection(LettuceConnectionFactory.java:1065)
	at org.springframework.data.redis.connection.lettuce.LettuceConnectionFactory.getSharedConnection(LettuceConnectionFactory.java:865)
	at org.springframework.data.redis.connection.lettuce.LettuceConnectionFactory.getConnection(LettuceConnectionFactory.java:340)
	at org.springframework.data.redis.core.RedisConnectionUtils.doGetConnection(RedisConnectionUtils.java:132)
	at org.springframework.data.redis.core.RedisConnectionUtils.getConnection(RedisConnectionUtils.java:95)
	at org.springframework.data.redis.core.RedisConnectionUtils.getConnection(RedisConnectionUtils.java:82)
	at org.springframework.data.redis.core.RedisTemplate.execute(RedisTemplate.java:211)
	at org.springframework.data.redis.core.RedisTemplate.execute(RedisTemplate.java:184)
	at org.springframework.data.redis.core.AbstractOperations.execute(AbstractOperations.java:95)
	at org.springframework.data.redis.core.DefaultSetOperations.members(DefaultSetOperations.java:158)
	at org.springframework.data.redis.core.DefaultBoundSetOperations.members(DefaultBoundSetOperations.java:152)
	at org.springframework.session.data.redis.RedisSessionExpirationPolicy.cleanExpiredSessions(RedisSessionExpirationPolicy.java:132)
	at org.springframework.session.data.redis.RedisOperationsSessionRepository.cleanupExpiredSessions(RedisOperationsSessionRepository.java:430)
	at org.springframework.session.data.redis.config.annotation.web.http.RedisHttpSessionConfiguration.lambda$configureTasks$0(RedisHttpSessionConfiguration.java:248)
	at org.springframework.scheduling.support.DelegatingErrorHandlingRunnable.run(DelegatingErrorHandlingRunnable.java:54)
	at org.springframework.scheduling.concurrent.ReschedulingRunnable.run(ReschedulingRunnable.java:93)
	at java.util.concurrent.Executors$RunnableAdapter.call(Executors.java:511)
	at java.util.concurrent.FutureTask.run(FutureTask.java:266)
	at java.util.concurrent.ScheduledThreadPoolExecutor$ScheduledFutureTask.access$201(ScheduledThreadPoolExecutor.java:180)
	at java.util.concurrent.ScheduledThreadPoolExecutor$ScheduledFutureTask.run(ScheduledThreadPoolExecutor.java:293)
	at java.util.concurrent.ThreadPoolExecutor.runWorker(ThreadPoolExecutor.java:1149)
	at java.util.concurrent.ThreadPoolExecutor$Worker.run(ThreadPoolExecutor.java:624)
	at java.lang.Thread.run(Thread.java:748)
Caused by: io.lettuce.core.RedisConnectionException: Unable to connect to localhost:6379
	at io.lettuce.core.RedisConnectionException.create(RedisConnectionException.java:78)
	at io.lettuce.core.RedisConnectionException.create(RedisConnectionException.java:56)
	at io.lettuce.core.AbstractRedisClient.getConnection(AbstractRedisClient.java:234)
	at io.lettuce.core.RedisClient.connect(RedisClient.java:204)
	at org.springframework.data.redis.connection.lettuce.StandaloneConnectionProvider.lambda$getConnection$1(StandaloneConnectionProvider.java:113)
	at java.util.Optional.orElseGet(Optional.java:267)
	at org.springframework.data.redis.connection.lettuce.StandaloneConnectionProvider.getConnection(StandaloneConnectionProvider.java:113)
	at org.springframework.data.redis.connection.lettuce.LettuceConnectionFactory$SharedConnection.getNativeConnection(LettuceConnectionFactory.java:1085)
	... 23 common frames omitted
Caused by: java.lang.IllegalStateException: executor not accepting a task
	at io.netty.resolver.AddressResolverGroup.getResolver(AddressResolverGroup.java:60)
	at io.netty.bootstrap.Bootstrap.doResolveAndConnect0(Bootstrap.java:200)
	at io.netty.bootstrap.Bootstrap.access$000(Bootstrap.java:49)
	at io.netty.bootstrap.Bootstrap$1.operationComplete(Bootstrap.java:188)
	at io.netty.bootstrap.Bootstrap$1.operationComplete(Bootstrap.java:174)
	at io.netty.util.concurrent.DefaultPromise.notifyListener0(DefaultPromise.java:511)
	at io.netty.util.concurrent.DefaultPromise.notifyListenersNow(DefaultPromise.java:485)
	at io.netty.util.concurrent.DefaultPromise.notifyListeners(DefaultPromise.java:424)
	at io.netty.util.concurrent.DefaultPromise.trySuccess(DefaultPromise.java:103)
	at io.netty.channel.DefaultChannelPromise.trySuccess(DefaultChannelPromise.java:84)
	at io.netty.channel.AbstractChannel$AbstractUnsafe.safeSetSuccess(AbstractChannel.java:978)
	at io.netty.channel.AbstractChannel$AbstractUnsafe.register0(AbstractChannel.java:512)
	at io.netty.channel.AbstractChannel$AbstractUnsafe.access$200(AbstractChannel.java:423)
	at io.netty.channel.AbstractChannel$AbstractUnsafe$1.run(AbstractChannel.java:482)
	at io.netty.util.concurrent.AbstractEventExecutor.safeExecute(AbstractEventExecutor.java:163)
	at io.netty.util.concurrent.SingleThreadEventExecutor.runAllTasks(SingleThreadEventExecutor.java:404)
	at io.netty.channel.nio.NioEventLoop.run(NioEventLoop.java:466)
	at io.netty.util.concurrent.SingleThreadEventExecutor$5.run(SingleThreadEventExecutor.java:897)
	at io.netty.util.concurrent.FastThreadLocalRunnable.run(FastThreadLocalRunnable.java:30)
	... 1 common frames omitted

2019-03-24 13:57:01.289 ERROR 568 --- [restartedMain] o.s.b.d.LoggingFailureAnalysisReporter   : 

***************************
APPLICATION FAILED TO START
***************************

Description:

The Tomcat connector configured to listen on port 8761 failed to start. The port may already be in use or the connector may be misconfigured.

Action:

Verify the connector's configuration, identify and stop any process that's listening on port 8761, or configure this application to listen on another port.

