2019-02-17 22:01:22.148  INFO 24752 --- [restartedMain] trationDelegate$BeanPostProcessorChecker : Bean 'org.springframework.cloud.autoconfigure.ConfigurationPropertiesRebinderAutoConfiguration' of type [org.springframework.cloud.autoconfigure.ConfigurationPropertiesRebinderAutoConfiguration$$EnhancerBySpringCGLIB$$8a5ebd17] is not eligible for getting processed by all BeanPostProcessors (for example: not eligible for auto-proxying)
2019-02-17 22:01:25.093  INFO 24752 --- [restartedMain] c.y.e.EurekaServerApplication            : The following profiles are active: taotask2
2019-02-17 22:01:30.998  INFO 24752 --- [restartedMain] .s.d.r.c.RepositoryConfigurationDelegate : Multiple Spring Data modules found, entering strict repository configuration mode!
2019-02-17 22:01:30.999  INFO 24752 --- [restartedMain] .s.d.r.c.RepositoryConfigurationDelegate : Bootstrapping Spring Data repositories in DEFAULT mode.
2019-02-17 22:01:31.010  INFO 24752 --- [restartedMain] .s.d.r.c.RepositoryConfigurationDelegate : Finished Spring Data repository scanning in 11ms. Found 0 repository interfaces.
2019-02-17 22:01:31.680  INFO 24752 --- [restartedMain] o.s.cloud.context.scope.GenericScope     : BeanFactory id=3a6fceaa-efda-3943-a9e6-e5c6ca562212
2019-02-17 22:01:31.780  INFO 24752 --- [restartedMain] trationDelegate$BeanPostProcessorChecker : Bean 'org.springframework.cloud.autoconfigure.ConfigurationPropertiesRebinderAutoConfiguration' of type [org.springframework.cloud.autoconfigure.ConfigurationPropertiesRebinderAutoConfiguration$$EnhancerBySpringCGLIB$$8a5ebd17] is not eligible for getting processed by all BeanPostProcessors (for example: not eligible for auto-proxying)
2019-02-17 22:01:32.729  INFO 24752 --- [restartedMain] o.s.b.w.embedded.tomcat.TomcatWebServer  : Tomcat initialized with port(s): 8762 (http)
2019-02-17 22:01:32.734  INFO 24752 --- [restartedMain] o.a.coyote.http11.Http11NioProtocol      : Initializing ProtocolHandler ["http-nio-8762"]
2019-02-17 22:01:32.748  INFO 24752 --- [restartedMain] o.apache.catalina.core.StandardService   : Starting service [Tomcat]
2019-02-17 22:01:32.749  INFO 24752 --- [restartedMain] org.apache.catalina.core.StandardEngine  : Starting Servlet Engine: Apache Tomcat/9.0.13
2019-02-17 22:01:32.993  INFO 24752 --- [restartedMain] o.a.c.c.C.[Tomcat].[localhost].[/]       : Initializing Spring embedded WebApplicationContext
2019-02-17 22:01:32.993  INFO 24752 --- [restartedMain] o.s.web.context.ContextLoader            : Root WebApplicationContext: initialization completed in 7879 ms
2019-02-17 22:01:36.510  INFO 24752 --- [restartedMain] o.s.cloud.commons.util.InetUtils         : Cannot determine local hostname
2019-02-17 22:01:36.738  INFO 24752 --- [restartedMain] c.s.j.s.i.a.WebApplicationImpl           : Initiating Jersey application, version 'Jersey: 1.19.1 03/11/2016 02:08 PM'
2019-02-17 22:01:36.760  INFO 24752 --- [restartedMain] c.n.d.provider.DiscoveryJerseyProvider   : Using JSON encoding codec LegacyJacksonJson
2019-02-17 22:01:36.761  INFO 24752 --- [restartedMain] c.n.d.provider.DiscoveryJerseyProvider   : Using JSON decoding codec LegacyJacksonJson
2019-02-17 22:01:36.761  INFO 24752 --- [restartedMain] c.n.d.provider.DiscoveryJerseyProvider   : Using XML encoding codec XStreamXml
2019-02-17 22:01:36.761  INFO 24752 --- [restartedMain] c.n.d.provider.DiscoveryJerseyProvider   : Using XML decoding codec XStreamXml
2019-02-17 22:01:37.567  INFO 24752 --- [restartedMain] o.s.s.web.DefaultSecurityFilterChain     : Creating filter chain: any request, [org.springframework.security.web.context.request.async.WebAsyncManagerIntegrationFilter@e79708b, org.springframework.security.web.context.SecurityContextPersistenceFilter@36d2b5c, org.springframework.security.web.header.HeaderWriterFilter@7fcc3e53, org.springframework.security.web.authentication.logout.LogoutFilter@64a49088, org.springframework.security.web.savedrequest.RequestCacheAwareFilter@3e9b862, org.springframework.security.web.servletapi.SecurityContextHolderAwareRequestFilter@1dc920ea, org.springframework.security.web.authentication.AnonymousAuthenticationFilter@401df38e, org.springframework.security.web.session.SessionManagementFilter@27abc7fc, org.springframework.security.web.access.ExceptionTranslationFilter@513a27d4]
2019-02-17 22:01:37.771  INFO 24752 --- [restartedMain] c.n.c.sources.URLConfigurationSource     : To enable URLs as dynamic configuration sources, define System property archaius.configurationSource.additionalUrls or make config.properties available on classpath.
2019-02-17 22:01:38.558  INFO 24752 --- [restartedMain] o.s.s.concurrent.ThreadPoolTaskExecutor  : Initializing ExecutorService 'applicationTaskExecutor'
2019-02-17 22:01:39.731  INFO 24752 --- [restartedMain] o.s.b.a.e.web.EndpointLinksResolver      : Exposing 2 endpoint(s) beneath base path '/actuator'
2019-02-17 22:01:39.799  INFO 24752 --- [restartedMain] o.s.b.d.a.OptionalLiveReloadServer       : LiveReload server is running on port 35729
2019-02-17 22:01:42.341  INFO 24752 --- [restartedMain] o.s.cloud.commons.util.InetUtils         : Cannot determine local hostname
2019-02-17 22:01:42.395  INFO 24752 --- [restartedMain] o.s.c.n.eureka.InstanceInfoFactory       : Setting initial instance status as: STARTING
2019-02-17 22:01:42.396  INFO 24752 --- [restartedMain] com.netflix.discovery.DiscoveryClient    : Initializing Eureka in region us-east-1
2019-02-17 22:01:42.396  INFO 24752 --- [restartedMain] com.netflix.discovery.DiscoveryClient    : Client configured to neither register nor query for data.
2019-02-17 22:01:42.396  INFO 24752 --- [restartedMain] com.netflix.discovery.DiscoveryClient    : Discovery Client initialized at timestamp 1550412102396 with initial instances count: 0
2019-02-17 22:01:42.412  INFO 24752 --- [restartedMain] c.n.eureka.DefaultEurekaServerContext    : Initializing ...
2019-02-17 22:01:42.417  INFO 24752 --- [restartedMain] c.n.e.registry.AbstractInstanceRegistry  : Finished initializing remote region registries. All known remote regions: []
2019-02-17 22:01:42.423  INFO 24752 --- [restartedMain] c.n.eureka.DefaultEurekaServerContext    : Initialized
2019-02-17 22:01:42.690  INFO 24752 --- [restartedMain] o.s.c.n.e.s.EurekaServiceRegistry        : Registering application EURKA-SERVER with eureka with status UP
2019-02-17 22:01:42.695  INFO 24752 --- [Thread-43] o.s.c.n.e.server.EurekaServerBootstrap   : Setting the eureka configuration..
2019-02-17 22:01:42.699  INFO 24752 --- [Thread-43] o.s.c.n.e.server.EurekaServerBootstrap   : Eureka data center value eureka.datacenter is not set, defaulting to default
2019-02-17 22:01:42.699  INFO 24752 --- [Thread-43] o.s.c.n.e.server.EurekaServerBootstrap   : Eureka environment value eureka.environment is not set, defaulting to test
2019-02-17 22:01:42.700  INFO 24752 --- [Thread-43] o.s.c.n.e.server.EurekaServerBootstrap   : isAws returned false
2019-02-17 22:01:42.701  INFO 24752 --- [Thread-43] o.s.c.n.e.server.EurekaServerBootstrap   : Initialized server context
2019-02-17 22:01:42.701  INFO 24752 --- [Thread-43] c.n.e.r.PeerAwareInstanceRegistryImpl    : Got 1 instances from neighboring DS node
2019-02-17 22:01:42.701  INFO 24752 --- [Thread-43] c.n.e.r.PeerAwareInstanceRegistryImpl    : Renew threshold is: 1
2019-02-17 22:01:42.701  INFO 24752 --- [Thread-43] c.n.e.r.PeerAwareInstanceRegistryImpl    : Changing status to UP
2019-02-17 22:01:42.720  INFO 24752 --- [Thread-43] e.s.EurekaServerInitializerConfiguration : Started Eureka Server
2019-02-17 22:01:43.312  INFO 24752 --- [restartedMain] s.a.ScheduledAnnotationBeanPostProcessor : No TaskScheduler/ScheduledExecutorService bean found for scheduled processing
2019-02-17 22:01:43.314  INFO 24752 --- [restartedMain] o.a.coyote.http11.Http11NioProtocol      : Starting ProtocolHandler ["http-nio-8762"]
2019-02-17 22:01:43.329  INFO 24752 --- [restartedMain] o.a.tomcat.util.net.NioSelectorPool      : Using a shared selector for servlet write/read
2019-02-17 22:01:43.341  INFO 24752 --- [restartedMain] o.s.b.w.embedded.tomcat.TomcatWebServer  : Tomcat started on port(s): 8762 (http) with context path ''
2019-02-17 22:01:43.366  INFO 24752 --- [restartedMain] .s.c.n.e.s.EurekaAutoServiceRegistration : Updating port to 8762
2019-02-17 22:01:43.367  INFO 24752 --- [restartedMain] c.y.e.EurekaServerApplication            : Started EurekaServerApplication in 23.938 seconds (JVM running for 196871.005)
2019-02-17 22:01:43.378  INFO 24752 --- [restartedMain] .ConditionEvaluationDeltaLoggingListener : Condition evaluation unchanged
2019-02-17 22:01:47.703  INFO 24752 --- [Eureka-EvictionTimer] c.n.e.registry.AbstractInstanceRegistry  : Running the evict task with compensationTime 0ms
2019-02-17 22:01:52.704  INFO 24752 --- [Eureka-EvictionTimer] c.n.e.registry.AbstractInstanceRegistry  : Running the evict task with compensationTime 1ms
2019-02-17 22:01:57.704  INFO 24752 --- [Eureka-EvictionTimer] c.n.e.registry.AbstractInstanceRegistry  : Running the evict task with compensationTime 0ms
2019-02-17 22:02:02.704  INFO 24752 --- [Eureka-EvictionTimer] c.n.e.registry.AbstractInstanceRegistry  : Running the evict task with compensationTime 0ms
2019-02-17 22:02:07.704  INFO 24752 --- [Eureka-EvictionTimer] c.n.e.registry.AbstractInstanceRegistry  : Running the evict task with compensationTime 0ms
2019-02-17 22:02:12.704  INFO 24752 --- [Eureka-EvictionTimer] c.n.e.registry.AbstractInstanceRegistry  : Running the evict task with compensationTime 0ms
2019-02-17 22:02:17.705  INFO 24752 --- [Eureka-EvictionTimer] c.n.e.registry.AbstractInstanceRegistry  : Running the evict task with compensationTime 0ms
2019-02-17 22:02:18.918  INFO 24752 --- [Thread-26] o.s.c.n.e.s.EurekaServiceRegistry        : Unregistering application EURKA-SERVER with eureka with status DOWN
2019-02-17 22:02:18.927  INFO 24752 --- [Thread-26] c.n.eureka.DefaultEurekaServerContext    : Shutting down ...
2019-02-17 22:02:18.933  INFO 24752 --- [Thread-26] c.n.eureka.DefaultEurekaServerContext    : Shut down
2019-02-17 22:02:18.937  INFO 24752 --- [Thread-26] o.s.s.concurrent.ThreadPoolTaskExecutor  : Shutting down ExecutorService 'applicationTaskExecutor'
2019-02-17 22:02:20.062  INFO 24752 --- [Thread-26] com.netflix.discovery.DiscoveryClient    : Shutting down DiscoveryClient ...
2019-02-17 22:02:20.063  INFO 24752 --- [Thread-26] com.netflix.discovery.DiscoveryClient    : Completed shut down of DiscoveryClient
