2019-03-18 22:53:26.709  INFO 11160 --- [restartedMain] .e.DevToolsPropertyDefaultsPostProcessor : Devtools property defaults active! Set 'spring.devtools.add-properties' to 'false' to disable
2019-03-18 22:53:27.326  INFO 11160 --- [restartedMain] trationDelegate$BeanPostProcessorChecker : Bean 'org.springframework.cloud.autoconfigure.ConfigurationPropertiesRebinderAutoConfiguration' of type [org.springframework.cloud.autoconfigure.ConfigurationPropertiesRebinderAutoConfiguration$$EnhancerBySpringCGLIB$$c2c98b41] is not eligible for getting processed by all BeanPostProcessors (for example: not eligible for auto-proxying)
2019-03-18 22:53:28.393  INFO 11160 --- [restartedMain] c.y.e.EurekaServerApplication            : The following profiles are active: eureka-server1
2019-03-18 22:53:30.455  INFO 11160 --- [restartedMain] .s.d.r.c.RepositoryConfigurationDelegate : Multiple Spring Data modules found, entering strict repository configuration mode!
2019-03-18 22:53:30.460  INFO 11160 --- [restartedMain] .s.d.r.c.RepositoryConfigurationDelegate : Bootstrapping Spring Data repositories in DEFAULT mode.
2019-03-18 22:53:30.540  INFO 11160 --- [restartedMain] .s.d.r.c.RepositoryConfigurationDelegate : Finished Spring Data repository scanning in 37ms. Found 0 repository interfaces.
2019-03-18 22:53:31.608  INFO 11160 --- [restartedMain] o.s.cloud.context.scope.GenericScope     : BeanFactory id=540724b2-436f-3e50-b605-ebd49f82ca51
2019-03-18 22:53:32.154  INFO 11160 --- [restartedMain] trationDelegate$BeanPostProcessorChecker : Bean 'org.springframework.cloud.autoconfigure.ConfigurationPropertiesRebinderAutoConfiguration' of type [org.springframework.cloud.autoconfigure.ConfigurationPropertiesRebinderAutoConfiguration$$EnhancerBySpringCGLIB$$c2c98b41] is not eligible for getting processed by all BeanPostProcessors (for example: not eligible for auto-proxying)
2019-03-18 22:53:33.659  INFO 11160 --- [restartedMain] o.s.b.w.embedded.tomcat.TomcatWebServer  : Tomcat initialized with port(s): 8761 (http)
2019-03-18 22:53:33.679  INFO 11160 --- [restartedMain] o.a.coyote.http11.Http11NioProtocol      : Initializing ProtocolHandler ["http-nio-8761"]
2019-03-18 22:53:33.703  INFO 11160 --- [restartedMain] o.apache.catalina.core.StandardService   : Starting service [Tomcat]
2019-03-18 22:53:33.704  INFO 11160 --- [restartedMain] org.apache.catalina.core.StandardEngine  : Starting Servlet Engine: Apache Tomcat/9.0.13
2019-03-18 22:53:33.723  INFO 11160 --- [restartedMain] o.a.catalina.core.AprLifecycleListener   : The APR based Apache Tomcat Native library which allows optimal performance in production environments was not found on the java.library.path: [C:\Program Files\Java\jdk1.8.0_161\jre\bin;C:\WINDOWS\Sun\Java\bin;C:\WINDOWS\system32;C:\WINDOWS;C:\handsome\oracle11g\product\11.2.0\dbhome_1\bin;C:\handsome\oracle10g\product\10.2.0\db_1\BIN;C:\Hondsome\Oraclesoftware\product\12.2.0\dbhome_2\bin;C:\Hondsome\Oraclesoftware\product\12.2.0\dbhome_1\bin;C:\ProgramData\Oracle\Java\javapath;C:\WINDOWS\system32;C:\WINDOWS;C:\WINDOWS\System32\Wbem;C:\WINDOWS\System32\WindowsPowerShell\v1.0\;C:\Program Files\Java\jdk1.8.0_161\bin;C:\Program Files\Java\jdk1.8.0_161\jre\bin;C:\Hondsome\MySQL5.6;C:\Program Files\CodeTool\maven\apache-maven-3.5.2\bin;C:\Hondsome\Redis;C:\WINDOWS\System32\OpenSSH\;C:\Hondsome\TortoiseSVN\bin;C:\Hondsome\MySQL5.6\bin;C:\soft\Git\cmd;C:\soft\TortoiseGit\bin;C:\Ruby25-x64\bin;C:\Users\Administrator\AppData\Local\Microsoft\WindowsApps;;.]
2019-03-18 22:53:33.960  INFO 11160 --- [restartedMain] o.a.c.c.C.[Tomcat].[localhost].[/]       : Initializing Spring embedded WebApplicationContext
2019-03-18 22:53:33.961  INFO 11160 --- [restartedMain] o.s.web.context.ContextLoader            : Root WebApplicationContext: initialization completed in 5546 ms
2019-03-18 22:53:34.259  INFO 11160 --- [restartedMain] c.n.c.sources.URLConfigurationSource     : To enable URLs as dynamic configuration sources, define System property archaius.configurationSource.additionalUrls or make config.properties available on classpath.
2019-03-18 22:53:34.284  INFO 11160 --- [restartedMain] c.netflix.config.DynamicPropertyFactory  : DynamicPropertyFactory is initialized with configuration sources: com.netflix.config.ConcurrentCompositeConfiguration@16da2458
2019-03-18 22:53:37.720  INFO 11160 --- [restartedMain] c.s.j.s.i.a.WebApplicationImpl           : Initiating Jersey application, version 'Jersey: 1.19.1 03/11/2016 02:08 PM'
2019-03-18 22:53:37.858  INFO 11160 --- [restartedMain] c.n.d.provider.DiscoveryJerseyProvider   : Using JSON encoding codec LegacyJacksonJson
2019-03-18 22:53:37.859  INFO 11160 --- [restartedMain] c.n.d.provider.DiscoveryJerseyProvider   : Using JSON decoding codec LegacyJacksonJson
2019-03-18 22:53:38.094  INFO 11160 --- [restartedMain] c.n.d.provider.DiscoveryJerseyProvider   : Using XML encoding codec XStreamXml
2019-03-18 22:53:38.094  INFO 11160 --- [restartedMain] c.n.d.provider.DiscoveryJerseyProvider   : Using XML decoding codec XStreamXml
2019-03-18 22:53:39.712  INFO 11160 --- [restartedMain] o.s.s.web.DefaultSecurityFilterChain     : Creating filter chain: any request, [org.springframework.security.web.context.request.async.WebAsyncManagerIntegrationFilter@172aec19, org.springframework.security.web.context.SecurityContextPersistenceFilter@27e64c5c, org.springframework.security.web.header.HeaderWriterFilter@79b210d0, org.springframework.security.web.authentication.logout.LogoutFilter@3ded78f4, org.springframework.security.web.savedrequest.RequestCacheAwareFilter@17e58cc9, org.springframework.security.web.servletapi.SecurityContextHolderAwareRequestFilter@17ae3b32, org.springframework.security.web.authentication.AnonymousAuthenticationFilter@566e40a4, org.springframework.security.web.session.SessionManagementFilter@1d844bdf, org.springframework.security.web.access.ExceptionTranslationFilter@3de7f9ce]
2019-03-18 22:53:39.759  INFO 11160 --- [restartedMain] c.n.c.sources.URLConfigurationSource     : To enable URLs as dynamic configuration sources, define System property archaius.configurationSource.additionalUrls or make config.properties available on classpath.
2019-03-18 22:53:40.350  INFO 11160 --- [restartedMain] o.s.s.concurrent.ThreadPoolTaskExecutor  : Initializing ExecutorService 'applicationTaskExecutor'
2019-03-18 22:53:41.662  INFO 11160 --- [restartedMain] io.lettuce.core.EpollProvider            : Starting without optional epoll library
2019-03-18 22:53:41.665  INFO 11160 --- [restartedMain] io.lettuce.core.KqueueProvider           : Starting without optional kqueue library
2019-03-18 22:53:48.193  INFO 11160 --- [restartedMain] o.s.b.a.e.web.EndpointLinksResolver      : Exposing 2 endpoint(s) beneath base path '/actuator'
2019-03-18 22:53:48.637  INFO 11160 --- [restartedMain] o.s.b.d.a.OptionalLiveReloadServer       : LiveReload server is running on port 35729
2019-03-18 22:53:50.108  INFO 11160 --- [restartedMain] o.s.c.n.eureka.InstanceInfoFactory       : Setting initial instance status as: STARTING
2019-03-18 22:53:50.186  INFO 11160 --- [restartedMain] com.netflix.discovery.DiscoveryClient    : Initializing Eureka in region us-east-1
2019-03-18 22:53:50.187  INFO 11160 --- [restartedMain] com.netflix.discovery.DiscoveryClient    : Client configured to neither register nor query for data.
2019-03-18 22:53:50.219  INFO 11160 --- [restartedMain] com.netflix.discovery.DiscoveryClient    : Discovery Client initialized at timestamp 1552920830213 with initial instances count: 0
2019-03-18 22:53:50.374  INFO 11160 --- [restartedMain] c.n.eureka.DefaultEurekaServerContext    : Initializing ...
2019-03-18 22:53:50.382  INFO 11160 --- [restartedMain] c.n.eureka.cluster.PeerEurekaNodes       : Adding new peer nodes [http://root:235610@127.0.0.1:8761/eureka/]
2019-03-18 22:53:51.256  INFO 11160 --- [restartedMain] c.n.d.provider.DiscoveryJerseyProvider   : Using JSON encoding codec LegacyJacksonJson
2019-03-18 22:53:51.257  INFO 11160 --- [restartedMain] c.n.d.provider.DiscoveryJerseyProvider   : Using JSON decoding codec LegacyJacksonJson
2019-03-18 22:53:51.258  INFO 11160 --- [restartedMain] c.n.d.provider.DiscoveryJerseyProvider   : Using XML encoding codec XStreamXml
2019-03-18 22:53:51.259  INFO 11160 --- [restartedMain] c.n.d.provider.DiscoveryJerseyProvider   : Using XML decoding codec XStreamXml
2019-03-18 22:53:51.525  INFO 11160 --- [restartedMain] c.n.eureka.cluster.PeerEurekaNodes       : Replica node URL:  http://root:235610@127.0.0.1:8761/eureka/
2019-03-18 22:53:51.549  INFO 11160 --- [restartedMain] c.n.e.registry.AbstractInstanceRegistry  : Finished initializing remote region registries. All known remote regions: []
2019-03-18 22:53:51.551  INFO 11160 --- [restartedMain] c.n.eureka.DefaultEurekaServerContext    : Initialized
2019-03-18 22:53:52.149  INFO 11160 --- [restartedMain] o.s.c.n.e.s.EurekaServiceRegistry        : Registering application EUREKA-SERVER with eureka with status UP
2019-03-18 22:53:52.157  INFO 11160 --- [Thread-23] o.s.c.n.e.server.EurekaServerBootstrap   : Setting the eureka configuration..
2019-03-18 22:53:52.162  INFO 11160 --- [Thread-23] o.s.c.n.e.server.EurekaServerBootstrap   : Eureka data center value eureka.datacenter is not set, defaulting to default
2019-03-18 22:53:52.165  INFO 11160 --- [Thread-23] o.s.c.n.e.server.EurekaServerBootstrap   : Eureka environment value eureka.environment is not set, defaulting to test
2019-03-18 22:53:52.214  INFO 11160 --- [Thread-23] o.s.c.n.e.server.EurekaServerBootstrap   : isAws returned false
2019-03-18 22:53:52.215  INFO 11160 --- [Thread-23] o.s.c.n.e.server.EurekaServerBootstrap   : Initialized server context
2019-03-18 22:53:52.216  INFO 11160 --- [Thread-23] c.n.e.r.PeerAwareInstanceRegistryImpl    : Got 1 instances from neighboring DS node
2019-03-18 22:53:52.220  INFO 11160 --- [Thread-23] c.n.e.r.PeerAwareInstanceRegistryImpl    : Renew threshold is: 1
2019-03-18 22:53:52.222  INFO 11160 --- [Thread-23] c.n.e.r.PeerAwareInstanceRegistryImpl    : Changing status to UP
2019-03-18 22:53:52.239  INFO 11160 --- [Thread-23] e.s.EurekaServerInitializerConfiguration : Started Eureka Server
2019-03-18 22:53:52.752  INFO 11160 --- [restartedMain] s.a.ScheduledAnnotationBeanPostProcessor : No TaskScheduler/ScheduledExecutorService bean found for scheduled processing
2019-03-18 22:53:52.767  INFO 11160 --- [restartedMain] o.a.coyote.http11.Http11NioProtocol      : Starting ProtocolHandler ["http-nio-8761"]
2019-03-18 22:53:52.769  INFO 11160 --- [restartedMain] o.a.tomcat.util.net.NioSelectorPool      : Using a shared selector for servlet write/read
2019-03-18 22:53:52.802  INFO 11160 --- [restartedMain] o.s.b.w.embedded.tomcat.TomcatWebServer  : Tomcat started on port(s): 8761 (http) with context path ''
2019-03-18 22:53:52.803  INFO 11160 --- [restartedMain] .s.c.n.e.s.EurekaAutoServiceRegistration : Updating port to 8761
2019-03-18 22:53:52.810  INFO 11160 --- [restartedMain] c.y.e.EurekaServerApplication            : Started EurekaServerApplication in 27.806 seconds (JVM running for 28.942)
2019-03-18 22:54:52.228  INFO 11160 --- [Eureka-EvictionTimer] c.n.e.registry.AbstractInstanceRegistry  : Running the evict task with compensationTime 0ms
2019-03-18 22:55:52.229  INFO 11160 --- [Eureka-EvictionTimer] c.n.e.registry.AbstractInstanceRegistry  : Running the evict task with compensationTime 0ms
2019-03-18 22:56:52.230  INFO 11160 --- [Eureka-EvictionTimer] c.n.e.registry.AbstractInstanceRegistry  : Running the evict task with compensationTime 1ms
2019-03-18 22:57:52.235  INFO 11160 --- [Eureka-EvictionTimer] c.n.e.registry.AbstractInstanceRegistry  : Running the evict task with compensationTime 5ms
2019-03-18 22:58:52.244  INFO 11160 --- [Eureka-EvictionTimer] c.n.e.registry.AbstractInstanceRegistry  : Running the evict task with compensationTime 8ms
2019-03-18 22:59:52.253  INFO 11160 --- [Eureka-EvictionTimer] c.n.e.registry.AbstractInstanceRegistry  : Running the evict task with compensationTime 9ms
2019-03-18 23:00:52.258  INFO 11160 --- [Eureka-EvictionTimer] c.n.e.registry.AbstractInstanceRegistry  : Running the evict task with compensationTime 5ms
2019-03-18 23:01:52.261  INFO 11160 --- [Eureka-EvictionTimer] c.n.e.registry.AbstractInstanceRegistry  : Running the evict task with compensationTime 3ms
2019-03-18 23:02:52.265  INFO 11160 --- [Eureka-EvictionTimer] c.n.e.registry.AbstractInstanceRegistry  : Running the evict task with compensationTime 3ms
2019-03-18 23:03:52.270  INFO 11160 --- [Eureka-EvictionTimer] c.n.e.registry.AbstractInstanceRegistry  : Running the evict task with compensationTime 5ms
2019-03-18 23:04:52.277  INFO 11160 --- [Eureka-EvictionTimer] c.n.e.registry.AbstractInstanceRegistry  : Running the evict task with compensationTime 6ms
2019-03-18 23:05:52.281  INFO 11160 --- [Eureka-EvictionTimer] c.n.e.registry.AbstractInstanceRegistry  : Running the evict task with compensationTime 4ms
2019-03-18 23:06:52.286  INFO 11160 --- [Eureka-EvictionTimer] c.n.e.registry.AbstractInstanceRegistry  : Running the evict task with compensationTime 4ms
2019-03-18 23:07:52.296  INFO 11160 --- [Eureka-EvictionTimer] c.n.e.registry.AbstractInstanceRegistry  : Running the evict task with compensationTime 10ms
2019-03-18 23:08:51.554  INFO 11160 --- [ReplicaAwareInstanceRegistry - RenewalThresholdUpdater] c.n.e.r.PeerAwareInstanceRegistryImpl    : Current renewal threshold is : 1
2019-03-18 23:08:52.304  INFO 11160 --- [Eureka-EvictionTimer] c.n.e.registry.AbstractInstanceRegistry  : Running the evict task with compensationTime 7ms
2019-03-18 23:09:52.311  INFO 11160 --- [Eureka-EvictionTimer] c.n.e.registry.AbstractInstanceRegistry  : Running the evict task with compensationTime 7ms
2019-03-18 23:10:52.320  INFO 11160 --- [Eureka-EvictionTimer] c.n.e.registry.AbstractInstanceRegistry  : Running the evict task with compensationTime 8ms
2019-03-18 23:11:52.320  INFO 11160 --- [Eureka-EvictionTimer] c.n.e.registry.AbstractInstanceRegistry  : Running the evict task with compensationTime 0ms
2019-03-18 23:12:52.320  INFO 11160 --- [Eureka-EvictionTimer] c.n.e.registry.AbstractInstanceRegistry  : Running the evict task with compensationTime 0ms
2019-03-18 23:13:52.320  INFO 11160 --- [Eureka-EvictionTimer] c.n.e.registry.AbstractInstanceRegistry  : Running the evict task with compensationTime 0ms
2019-03-18 23:14:52.320  INFO 11160 --- [Eureka-EvictionTimer] c.n.e.registry.AbstractInstanceRegistry  : Running the evict task with compensationTime 0ms
2019-03-18 23:15:52.321  INFO 11160 --- [Eureka-EvictionTimer] c.n.e.registry.AbstractInstanceRegistry  : Running the evict task with compensationTime 1ms
2019-03-18 23:16:52.321  INFO 11160 --- [Eureka-EvictionTimer] c.n.e.registry.AbstractInstanceRegistry  : Running the evict task with compensationTime 0ms
2019-03-18 23:17:52.321  INFO 11160 --- [Eureka-EvictionTimer] c.n.e.registry.AbstractInstanceRegistry  : Running the evict task with compensationTime 0ms
2019-03-18 23:18:52.321  INFO 11160 --- [Eureka-EvictionTimer] c.n.e.registry.AbstractInstanceRegistry  : Running the evict task with compensationTime 0ms
2019-03-18 23:19:52.321  INFO 11160 --- [Eureka-EvictionTimer] c.n.e.registry.AbstractInstanceRegistry  : Running the evict task with compensationTime 0ms
2019-03-18 23:20:52.321  INFO 11160 --- [Eureka-EvictionTimer] c.n.e.registry.AbstractInstanceRegistry  : Running the evict task with compensationTime 0ms
2019-03-18 23:21:52.322  INFO 11160 --- [Eureka-EvictionTimer] c.n.e.registry.AbstractInstanceRegistry  : Running the evict task with compensationTime 1ms
2019-03-18 23:22:52.323  INFO 11160 --- [Eureka-EvictionTimer] c.n.e.registry.AbstractInstanceRegistry  : Running the evict task with compensationTime 0ms
2019-03-18 23:23:51.558  INFO 11160 --- [ReplicaAwareInstanceRegistry - RenewalThresholdUpdater] c.n.e.r.PeerAwareInstanceRegistryImpl    : Current renewal threshold is : 1
2019-03-18 23:23:52.326  INFO 11160 --- [Eureka-EvictionTimer] c.n.e.registry.AbstractInstanceRegistry  : Running the evict task with compensationTime 3ms
2019-03-18 23:24:52.329  INFO 11160 --- [Eureka-EvictionTimer] c.n.e.registry.AbstractInstanceRegistry  : Running the evict task with compensationTime 2ms
2019-03-18 23:25:52.334  INFO 11160 --- [Eureka-EvictionTimer] c.n.e.registry.AbstractInstanceRegistry  : Running the evict task with compensationTime 4ms
2019-03-18 23:26:52.340  INFO 11160 --- [Eureka-EvictionTimer] c.n.e.registry.AbstractInstanceRegistry  : Running the evict task with compensationTime 6ms
2019-03-18 23:27:52.346  INFO 11160 --- [Eureka-EvictionTimer] c.n.e.registry.AbstractInstanceRegistry  : Running the evict task with compensationTime 6ms
2019-03-18 23:28:52.353  INFO 11160 --- [Eureka-EvictionTimer] c.n.e.registry.AbstractInstanceRegistry  : Running the evict task with compensationTime 6ms
2019-03-18 23:29:52.361  INFO 11160 --- [Eureka-EvictionTimer] c.n.e.registry.AbstractInstanceRegistry  : Running the evict task with compensationTime 7ms
2019-03-18 23:30:52.368  INFO 11160 --- [Eureka-EvictionTimer] c.n.e.registry.AbstractInstanceRegistry  : Running the evict task with compensationTime 7ms
2019-03-18 23:31:52.368  INFO 11160 --- [Eureka-EvictionTimer] c.n.e.registry.AbstractInstanceRegistry  : Running the evict task with compensationTime 0ms
2019-03-18 23:32:42.297  INFO 11160 --- [http-nio-8761-exec-1] o.a.c.c.C.[Tomcat].[localhost].[/]       : Initializing Spring DispatcherServlet 'dispatcherServlet'
2019-03-18 23:32:42.299  INFO 11160 --- [http-nio-8761-exec-1] o.s.web.servlet.DispatcherServlet        : Initializing Servlet 'dispatcherServlet'
2019-03-18 23:32:42.395  INFO 11160 --- [http-nio-8761-exec-1] o.s.web.servlet.DispatcherServlet        : Completed initialization in 95 ms
2019-03-18 23:32:43.029  INFO 11160 --- [http-nio-8761-exec-3] c.n.e.registry.AbstractInstanceRegistry  : Registered instance UNKNOWN/192.168.0.103 with status UP (replication=false)
2019-03-18 23:32:43.723  INFO 11160 --- [http-nio-8761-exec-2] c.n.e.registry.AbstractInstanceRegistry  : Registered instance UNKNOWN/192.168.0.103 with status UP (replication=true)
2019-03-18 23:32:52.372  INFO 11160 --- [Eureka-EvictionTimer] c.n.e.registry.AbstractInstanceRegistry  : Running the evict task with compensationTime 3ms
2019-03-18 23:33:52.375  INFO 11160 --- [Eureka-EvictionTimer] c.n.e.registry.AbstractInstanceRegistry  : Running the evict task with compensationTime 3ms
2019-03-18 23:34:28.899  INFO 11160 --- [http-nio-8761-exec-5] c.n.e.registry.AbstractInstanceRegistry  : Registered instance UNKNOWN/192.168.0.103 with status DOWN (replication=false)
2019-03-18 23:34:29.428  INFO 11160 --- [http-nio-8761-exec-6] c.n.e.registry.AbstractInstanceRegistry  : Registered instance UNKNOWN/192.168.0.103 with status DOWN (replication=true)
2019-03-18 23:34:52.385  INFO 11160 --- [Eureka-EvictionTimer] c.n.e.registry.AbstractInstanceRegistry  : Running the evict task with compensationTime 9ms
2019-03-18 23:34:54.608  INFO 11160 --- [http-nio-8761-exec-8] c.n.e.registry.AbstractInstanceRegistry  : Registered instance UNKNOWN/192.168.0.103 with status UP (replication=false)
2019-03-18 23:34:55.127  INFO 11160 --- [http-nio-8761-exec-9] c.n.e.registry.AbstractInstanceRegistry  : Registered instance UNKNOWN/192.168.0.103 with status UP (replication=true)
2019-03-18 23:35:52.395  INFO 11160 --- [Eureka-EvictionTimer] c.n.e.registry.AbstractInstanceRegistry  : Running the evict task with compensationTime 9ms
2019-03-18 23:36:52.401  INFO 11160 --- [Eureka-EvictionTimer] c.n.e.registry.AbstractInstanceRegistry  : Running the evict task with compensationTime 6ms
2019-03-18 23:37:52.405  INFO 11160 --- [Eureka-EvictionTimer] c.n.e.registry.AbstractInstanceRegistry  : Running the evict task with compensationTime 4ms
2019-03-18 23:38:51.565  INFO 11160 --- [ReplicaAwareInstanceRegistry - RenewalThresholdUpdater] c.n.e.r.PeerAwareInstanceRegistryImpl    : Current renewal threshold is : 3
2019-03-18 23:38:52.413  INFO 11160 --- [Eureka-EvictionTimer] c.n.e.registry.AbstractInstanceRegistry  : Running the evict task with compensationTime 8ms
2019-03-18 23:39:52.420  INFO 11160 --- [Eureka-EvictionTimer] c.n.e.registry.AbstractInstanceRegistry  : Running the evict task with compensationTime 7ms
2019-03-18 23:40:52.423  INFO 11160 --- [Eureka-EvictionTimer] c.n.e.registry.AbstractInstanceRegistry  : Running the evict task with compensationTime 2ms
2019-03-18 23:41:52.423  INFO 11160 --- [Eureka-EvictionTimer] c.n.e.registry.AbstractInstanceRegistry  : Running the evict task with compensationTime 0ms
2019-03-18 23:42:52.423  INFO 11160 --- [Eureka-EvictionTimer] c.n.e.registry.AbstractInstanceRegistry  : Running the evict task with compensationTime 1ms
2019-03-18 23:43:52.424  INFO 11160 --- [Eureka-EvictionTimer] c.n.e.registry.AbstractInstanceRegistry  : Running the evict task with compensationTime 0ms
2019-03-18 23:44:52.425  INFO 11160 --- [Eureka-EvictionTimer] c.n.e.registry.AbstractInstanceRegistry  : Running the evict task with compensationTime 0ms
2019-03-18 23:45:52.425  INFO 11160 --- [Eureka-EvictionTimer] c.n.e.registry.AbstractInstanceRegistry  : Running the evict task with compensationTime 0ms
2019-03-18 23:46:52.429  INFO 11160 --- [Eureka-EvictionTimer] c.n.e.registry.AbstractInstanceRegistry  : Running the evict task with compensationTime 4ms
2019-03-18 23:47:11.370  INFO 11160 --- [http-nio-8761-exec-3] c.n.e.registry.AbstractInstanceRegistry  : Registered instance UNKNOWN/192.168.0.103 with status DOWN (replication=false)
2019-03-18 23:47:11.898  INFO 11160 --- [http-nio-8761-exec-2] c.n.e.registry.AbstractInstanceRegistry  : Registered instance UNKNOWN/192.168.0.103 with status DOWN (replication=true)
2019-03-18 23:47:15.561  INFO 11160 --- [http-nio-8761-exec-5] c.n.e.registry.AbstractInstanceRegistry  : Cancelled instance UNKNOWN/192.168.0.103 (replication=false)
2019-03-18 23:47:16.073  INFO 11160 --- [http-nio-8761-exec-7] c.n.eureka.resources.InstanceResource    : Not Found (Cancel): UNKNOWN - 192.168.0.103
2019-03-18 23:47:23.793  INFO 11160 --- [http-nio-8761-exec-9] c.n.e.registry.AbstractInstanceRegistry  : Registered instance UNKNOWN/192.168.0.103 with status UP (replication=false)
2019-03-18 23:47:24.323  INFO 11160 --- [http-nio-8761-exec-10] c.n.e.registry.AbstractInstanceRegistry  : Registered instance UNKNOWN/192.168.0.103 with status UP (replication=true)
2019-03-18 23:47:52.429  INFO 11160 --- [Eureka-EvictionTimer] c.n.e.registry.AbstractInstanceRegistry  : Running the evict task with compensationTime 0ms
2019-03-18 23:48:52.439  INFO 11160 --- [Eureka-EvictionTimer] c.n.e.registry.AbstractInstanceRegistry  : Running the evict task with compensationTime 10ms
2019-03-18 23:49:52.449  INFO 11160 --- [Eureka-EvictionTimer] c.n.e.registry.AbstractInstanceRegistry  : Running the evict task with compensationTime 9ms
2019-03-18 23:50:52.457  INFO 11160 --- [Eureka-EvictionTimer] c.n.e.registry.AbstractInstanceRegistry  : Running the evict task with compensationTime 7ms
2019-03-18 23:51:13.642  INFO 11160 --- [http-nio-8761-exec-7] c.n.e.registry.AbstractInstanceRegistry  : Registered instance UNKNOWN/192.168.0.103 with status DOWN (replication=false)
2019-03-18 23:51:14.176  INFO 11160 --- [http-nio-8761-exec-6] c.n.e.registry.AbstractInstanceRegistry  : Registered instance UNKNOWN/192.168.0.103 with status DOWN (replication=true)
2019-03-18 23:51:17.782  INFO 11160 --- [http-nio-8761-exec-9] c.n.e.registry.AbstractInstanceRegistry  : Cancelled instance UNKNOWN/192.168.0.103 (replication=false)
2019-03-18 23:51:18.299  INFO 11160 --- [http-nio-8761-exec-3] c.n.eureka.resources.InstanceResource    : Not Found (Cancel): UNKNOWN - 192.168.0.103
2019-03-18 23:51:25.062  INFO 11160 --- [http-nio-8761-exec-5] c.n.e.registry.AbstractInstanceRegistry  : Registered instance UNKNOWN/192.168.0.103 with status UP (replication=false)
2019-03-18 23:51:25.588  INFO 11160 --- [http-nio-8761-exec-4] c.n.e.registry.AbstractInstanceRegistry  : Registered instance UNKNOWN/192.168.0.103 with status UP (replication=true)
2019-03-18 23:51:52.464  INFO 11160 --- [Eureka-EvictionTimer] c.n.e.registry.AbstractInstanceRegistry  : Running the evict task with compensationTime 7ms
2019-03-18 23:52:52.474  INFO 11160 --- [Eureka-EvictionTimer] c.n.e.registry.AbstractInstanceRegistry  : Running the evict task with compensationTime 9ms
2019-03-18 23:53:51.571  INFO 11160 --- [ReplicaAwareInstanceRegistry - RenewalThresholdUpdater] c.n.e.r.PeerAwareInstanceRegistryImpl    : Current renewal threshold is : 3
2019-03-18 23:53:52.476  INFO 11160 --- [Eureka-EvictionTimer] c.n.e.registry.AbstractInstanceRegistry  : Running the evict task with compensationTime 2ms
2019-03-18 23:54:52.485  INFO 11160 --- [Eureka-EvictionTimer] c.n.e.registry.AbstractInstanceRegistry  : Running the evict task with compensationTime 8ms
2019-03-18 23:55:52.485  INFO 11160 --- [Eureka-EvictionTimer] c.n.e.registry.AbstractInstanceRegistry  : Running the evict task with compensationTime 0ms
2019-03-18 23:56:52.493  INFO 11160 --- [Eureka-EvictionTimer] c.n.e.registry.AbstractInstanceRegistry  : Running the evict task with compensationTime 7ms
2019-03-18 23:57:52.495  INFO 11160 --- [Eureka-EvictionTimer] c.n.e.registry.AbstractInstanceRegistry  : Running the evict task with compensationTime 1ms
2019-03-18 23:58:52.505  INFO 11160 --- [Eureka-EvictionTimer] c.n.e.registry.AbstractInstanceRegistry  : Running the evict task with compensationTime 10ms
2019-03-18 23:59:52.514  INFO 11160 --- [Eureka-EvictionTimer] c.n.e.registry.AbstractInstanceRegistry  : Running the evict task with compensationTime 9ms
2019-03-19 00:00:52.515  INFO 11160 --- [Eureka-EvictionTimer] c.n.e.registry.AbstractInstanceRegistry  : Running the evict task with compensationTime 0ms
2019-03-19 00:01:52.520  INFO 11160 --- [Eureka-EvictionTimer] c.n.e.registry.AbstractInstanceRegistry  : Running the evict task with compensationTime 4ms
2019-03-19 00:02:52.521  INFO 11160 --- [Eureka-EvictionTimer] c.n.e.registry.AbstractInstanceRegistry  : Running the evict task with compensationTime 1ms
2019-03-19 00:03:52.524  INFO 11160 --- [Eureka-EvictionTimer] c.n.e.registry.AbstractInstanceRegistry  : Running the evict task with compensationTime 3ms
2019-03-19 00:04:52.526  INFO 11160 --- [Eureka-EvictionTimer] c.n.e.registry.AbstractInstanceRegistry  : Running the evict task with compensationTime 1ms
2019-03-19 00:05:52.534  INFO 11160 --- [Eureka-EvictionTimer] c.n.e.registry.AbstractInstanceRegistry  : Running the evict task with compensationTime 8ms
2019-03-19 00:06:52.544  INFO 11160 --- [Eureka-EvictionTimer] c.n.e.registry.AbstractInstanceRegistry  : Running the evict task with compensationTime 9ms
2019-03-19 00:07:52.546  INFO 11160 --- [Eureka-EvictionTimer] c.n.e.registry.AbstractInstanceRegistry  : Running the evict task with compensationTime 1ms
2019-03-19 00:08:51.572  INFO 11160 --- [ReplicaAwareInstanceRegistry - RenewalThresholdUpdater] c.n.e.r.PeerAwareInstanceRegistryImpl    : Current renewal threshold is : 3
2019-03-19 00:08:52.553  INFO 11160 --- [Eureka-EvictionTimer] c.n.e.registry.AbstractInstanceRegistry  : Running the evict task with compensationTime 7ms
2019-03-19 00:09:52.555  INFO 11160 --- [Eureka-EvictionTimer] c.n.e.registry.AbstractInstanceRegistry  : Running the evict task with compensationTime 1ms
2019-03-19 00:10:52.559  INFO 11160 --- [Eureka-EvictionTimer] c.n.e.registry.AbstractInstanceRegistry  : Running the evict task with compensationTime 4ms
2019-03-19 00:11:52.561  INFO 11160 --- [Eureka-EvictionTimer] c.n.e.registry.AbstractInstanceRegistry  : Running the evict task with compensationTime 1ms
2019-03-19 00:12:52.565  INFO 11160 --- [Eureka-EvictionTimer] c.n.e.registry.AbstractInstanceRegistry  : Running the evict task with compensationTime 4ms
2019-03-19 00:13:52.574  INFO 11160 --- [Eureka-EvictionTimer] c.n.e.registry.AbstractInstanceRegistry  : Running the evict task with compensationTime 8ms
2019-03-19 00:14:39.207  INFO 11160 --- [http-nio-8761-exec-4] c.n.e.registry.AbstractInstanceRegistry  : Registered instance UNKNOWN/192.168.0.103 with status UP (replication=false)
2019-03-19 00:14:39.732  INFO 11160 --- [http-nio-8761-exec-9] c.n.e.registry.AbstractInstanceRegistry  : Registered instance UNKNOWN/192.168.0.103 with status UP (replication=true)
2019-03-19 00:14:52.584  INFO 11160 --- [Eureka-EvictionTimer] c.n.e.registry.AbstractInstanceRegistry  : Running the evict task with compensationTime 10ms
2019-03-19 00:15:52.590  INFO 11160 --- [Eureka-EvictionTimer] c.n.e.registry.AbstractInstanceRegistry  : Running the evict task with compensationTime 5ms
2019-03-19 00:16:52.595  INFO 11160 --- [Eureka-EvictionTimer] c.n.e.registry.AbstractInstanceRegistry  : Running the evict task with compensationTime 4ms
2019-03-19 00:17:52.600  INFO 11160 --- [Eureka-EvictionTimer] c.n.e.registry.AbstractInstanceRegistry  : Running the evict task with compensationTime 5ms
2019-03-19 00:18:52.602  INFO 11160 --- [Eureka-EvictionTimer] c.n.e.registry.AbstractInstanceRegistry  : Running the evict task with compensationTime 2ms
2019-03-19 00:19:52.602  INFO 11160 --- [Eureka-EvictionTimer] c.n.e.registry.AbstractInstanceRegistry  : Running the evict task with compensationTime 0ms
2019-03-19 00:20:52.603  INFO 11160 --- [Eureka-EvictionTimer] c.n.e.registry.AbstractInstanceRegistry  : Running the evict task with compensationTime 0ms
2019-03-19 00:21:52.613  INFO 11160 --- [Eureka-EvictionTimer] c.n.e.registry.AbstractInstanceRegistry  : Running the evict task with compensationTime 10ms
2019-03-19 00:22:52.613  INFO 11160 --- [Eureka-EvictionTimer] c.n.e.registry.AbstractInstanceRegistry  : Running the evict task with compensationTime 0ms
2019-03-19 00:23:51.573  INFO 11160 --- [ReplicaAwareInstanceRegistry - RenewalThresholdUpdater] c.n.e.r.PeerAwareInstanceRegistryImpl    : Current renewal threshold is : 3
2019-03-19 00:23:52.623  INFO 11160 --- [Eureka-EvictionTimer] c.n.e.registry.AbstractInstanceRegistry  : Running the evict task with compensationTime 10ms
2019-03-19 00:24:52.624  INFO 11160 --- [Eureka-EvictionTimer] c.n.e.registry.AbstractInstanceRegistry  : Running the evict task with compensationTime 0ms
2019-03-19 00:25:52.624  INFO 11160 --- [Eureka-EvictionTimer] c.n.e.registry.AbstractInstanceRegistry  : Running the evict task with compensationTime 0ms
2019-03-19 00:26:52.632  INFO 11160 --- [Eureka-EvictionTimer] c.n.e.registry.AbstractInstanceRegistry  : Running the evict task with compensationTime 8ms
2019-03-19 00:27:52.633  INFO 11160 --- [Eureka-EvictionTimer] c.n.e.registry.AbstractInstanceRegistry  : Running the evict task with compensationTime 0ms
2019-03-19 00:28:52.642  INFO 11160 --- [Eureka-EvictionTimer] c.n.e.registry.AbstractInstanceRegistry  : Running the evict task with compensationTime 9ms
2019-03-19 00:29:52.644  INFO 11160 --- [Eureka-EvictionTimer] c.n.e.registry.AbstractInstanceRegistry  : Running the evict task with compensationTime 1ms
2019-03-19 00:30:52.652  INFO 11160 --- [Eureka-EvictionTimer] c.n.e.registry.AbstractInstanceRegistry  : Running the evict task with compensationTime 7ms
2019-03-19 00:31:52.653  INFO 11160 --- [Eureka-EvictionTimer] c.n.e.registry.AbstractInstanceRegistry  : Running the evict task with compensationTime 1ms
2019-03-19 00:32:52.653  INFO 11160 --- [Eureka-EvictionTimer] c.n.e.registry.AbstractInstanceRegistry  : Running the evict task with compensationTime 0ms
2019-03-19 00:33:52.653  INFO 11160 --- [Eureka-EvictionTimer] c.n.e.registry.AbstractInstanceRegistry  : Running the evict task with compensationTime 0ms
2019-03-19 00:34:52.662  INFO 11160 --- [Eureka-EvictionTimer] c.n.e.registry.AbstractInstanceRegistry  : Running the evict task with compensationTime 9ms
2019-03-19 00:35:52.670  INFO 11160 --- [Eureka-EvictionTimer] c.n.e.registry.AbstractInstanceRegistry  : Running the evict task with compensationTime 8ms
2019-03-19 00:36:52.672  INFO 11160 --- [Eureka-EvictionTimer] c.n.e.registry.AbstractInstanceRegistry  : Running the evict task with compensationTime 1ms
2019-03-19 00:37:52.680  INFO 11160 --- [Eureka-EvictionTimer] c.n.e.registry.AbstractInstanceRegistry  : Running the evict task with compensationTime 8ms
2019-03-19 00:38:51.574  INFO 11160 --- [ReplicaAwareInstanceRegistry - RenewalThresholdUpdater] c.n.e.r.PeerAwareInstanceRegistryImpl    : Current renewal threshold is : 3
2019-03-19 00:38:52.682  INFO 11160 --- [Eureka-EvictionTimer] c.n.e.registry.AbstractInstanceRegistry  : Running the evict task with compensationTime 1ms
2019-03-19 00:39:52.688  INFO 11160 --- [Eureka-EvictionTimer] c.n.e.registry.AbstractInstanceRegistry  : Running the evict task with compensationTime 6ms
2019-03-19 00:40:52.690  INFO 11160 --- [Eureka-EvictionTimer] c.n.e.registry.AbstractInstanceRegistry  : Running the evict task with compensationTime 1ms
2019-03-19 00:41:52.700  INFO 11160 --- [Eureka-EvictionTimer] c.n.e.registry.AbstractInstanceRegistry  : Running the evict task with compensationTime 10ms
2019-03-19 00:42:52.701  INFO 11160 --- [Eureka-EvictionTimer] c.n.e.registry.AbstractInstanceRegistry  : Running the evict task with compensationTime 0ms
2019-03-19 00:43:52.703  INFO 11160 --- [Eureka-EvictionTimer] c.n.e.registry.AbstractInstanceRegistry  : Running the evict task with compensationTime 2ms
2019-03-19 00:44:52.713  INFO 11160 --- [Eureka-EvictionTimer] c.n.e.registry.AbstractInstanceRegistry  : Running the evict task with compensationTime 10ms
2019-03-19 00:45:52.715  INFO 11160 --- [Eureka-EvictionTimer] c.n.e.registry.AbstractInstanceRegistry  : Running the evict task with compensationTime 2ms
2019-03-19 00:46:52.719  INFO 11160 --- [Eureka-EvictionTimer] c.n.e.registry.AbstractInstanceRegistry  : Running the evict task with compensationTime 3ms
2019-03-19 00:47:52.721  INFO 11160 --- [Eureka-EvictionTimer] c.n.e.registry.AbstractInstanceRegistry  : Running the evict task with compensationTime 1ms
2019-03-19 00:48:52.723  INFO 11160 --- [Eureka-EvictionTimer] c.n.e.registry.AbstractInstanceRegistry  : Running the evict task with compensationTime 1ms
2019-03-19 00:49:52.730  INFO 11160 --- [Eureka-EvictionTimer] c.n.e.registry.AbstractInstanceRegistry  : Running the evict task with compensationTime 6ms
2019-03-19 00:50:52.730  INFO 11160 --- [Eureka-EvictionTimer] c.n.e.registry.AbstractInstanceRegistry  : Running the evict task with compensationTime 0ms
2019-03-19 00:51:52.734  INFO 11160 --- [Eureka-EvictionTimer] c.n.e.registry.AbstractInstanceRegistry  : Running the evict task with compensationTime 3ms
2019-03-19 00:52:52.743  INFO 11160 --- [Eureka-EvictionTimer] c.n.e.registry.AbstractInstanceRegistry  : Running the evict task with compensationTime 9ms
2019-03-19 00:53:51.576  INFO 11160 --- [ReplicaAwareInstanceRegistry - RenewalThresholdUpdater] c.n.e.r.PeerAwareInstanceRegistryImpl    : Current renewal threshold is : 3
2019-03-19 00:53:52.746  INFO 11160 --- [Eureka-EvictionTimer] c.n.e.registry.AbstractInstanceRegistry  : Running the evict task with compensationTime 2ms
2019-03-19 00:54:52.754  INFO 11160 --- [Eureka-EvictionTimer] c.n.e.registry.AbstractInstanceRegistry  : Running the evict task with compensationTime 7ms
2019-03-19 00:55:52.756  INFO 11160 --- [Eureka-EvictionTimer] c.n.e.registry.AbstractInstanceRegistry  : Running the evict task with compensationTime 2ms
2019-03-19 00:56:52.758  INFO 11160 --- [Eureka-EvictionTimer] c.n.e.registry.AbstractInstanceRegistry  : Running the evict task with compensationTime 1ms
2019-03-19 00:57:52.761  INFO 11160 --- [Eureka-EvictionTimer] c.n.e.registry.AbstractInstanceRegistry  : Running the evict task with compensationTime 3ms
2019-03-19 00:58:52.765  INFO 11160 --- [Eureka-EvictionTimer] c.n.e.registry.AbstractInstanceRegistry  : Running the evict task with compensationTime 4ms
2019-03-19 00:59:52.766  INFO 11160 --- [Eureka-EvictionTimer] c.n.e.registry.AbstractInstanceRegistry  : Running the evict task with compensationTime 0ms
2019-03-19 01:00:52.775  INFO 11160 --- [Eureka-EvictionTimer] c.n.e.registry.AbstractInstanceRegistry  : Running the evict task with compensationTime 9ms
2019-03-19 01:01:52.784  INFO 11160 --- [Eureka-EvictionTimer] c.n.e.registry.AbstractInstanceRegistry  : Running the evict task with compensationTime 8ms
2019-03-19 01:02:52.788  INFO 11160 --- [Eureka-EvictionTimer] c.n.e.registry.AbstractInstanceRegistry  : Running the evict task with compensationTime 4ms
2019-03-19 01:03:52.796  INFO 11160 --- [Eureka-EvictionTimer] c.n.e.registry.AbstractInstanceRegistry  : Running the evict task with compensationTime 8ms
2019-03-19 01:04:52.802  INFO 11160 --- [Eureka-EvictionTimer] c.n.e.registry.AbstractInstanceRegistry  : Running the evict task with compensationTime 5ms
2019-03-19 01:05:52.811  INFO 11160 --- [Eureka-EvictionTimer] c.n.e.registry.AbstractInstanceRegistry  : Running the evict task with compensationTime 9ms
2019-03-19 01:06:52.813  INFO 11160 --- [Eureka-EvictionTimer] c.n.e.registry.AbstractInstanceRegistry  : Running the evict task with compensationTime 2ms
2019-03-19 01:07:52.815  INFO 11160 --- [Eureka-EvictionTimer] c.n.e.registry.AbstractInstanceRegistry  : Running the evict task with compensationTime 2ms
2019-03-19 01:08:51.582  INFO 11160 --- [ReplicaAwareInstanceRegistry - RenewalThresholdUpdater] c.n.e.r.PeerAwareInstanceRegistryImpl    : Current renewal threshold is : 3
2019-03-19 01:08:52.817  INFO 11160 --- [Eureka-EvictionTimer] c.n.e.registry.AbstractInstanceRegistry  : Running the evict task with compensationTime 1ms
2019-03-19 01:09:52.821  INFO 11160 --- [Eureka-EvictionTimer] c.n.e.registry.AbstractInstanceRegistry  : Running the evict task with compensationTime 3ms
2019-03-19 01:10:52.821  INFO 11160 --- [Eureka-EvictionTimer] c.n.e.registry.AbstractInstanceRegistry  : Running the evict task with compensationTime 0ms
2019-03-19 01:11:52.825  INFO 11160 --- [Eureka-EvictionTimer] c.n.e.registry.AbstractInstanceRegistry  : Running the evict task with compensationTime 3ms
2019-03-19 01:12:52.833  INFO 11160 --- [Eureka-EvictionTimer] c.n.e.registry.AbstractInstanceRegistry  : Running the evict task with compensationTime 8ms
2019-03-19 01:13:52.842  INFO 11160 --- [Eureka-EvictionTimer] c.n.e.registry.AbstractInstanceRegistry  : Running the evict task with compensationTime 8ms
2019-03-19 01:14:52.847  INFO 11160 --- [Eureka-EvictionTimer] c.n.e.registry.AbstractInstanceRegistry  : Running the evict task with compensationTime 5ms
2019-03-19 01:15:52.850  INFO 11160 --- [Eureka-EvictionTimer] c.n.e.registry.AbstractInstanceRegistry  : Running the evict task with compensationTime 3ms
2019-03-19 01:16:52.858  INFO 11160 --- [Eureka-EvictionTimer] c.n.e.registry.AbstractInstanceRegistry  : Running the evict task with compensationTime 8ms
2019-03-19 01:17:52.867  INFO 11160 --- [Eureka-EvictionTimer] c.n.e.registry.AbstractInstanceRegistry  : Running the evict task with compensationTime 8ms
2019-03-19 01:18:52.872  INFO 11160 --- [Eureka-EvictionTimer] c.n.e.registry.AbstractInstanceRegistry  : Running the evict task with compensationTime 4ms
2019-03-19 01:19:52.873  INFO 11160 --- [Eureka-EvictionTimer] c.n.e.registry.AbstractInstanceRegistry  : Running the evict task with compensationTime 1ms
2019-03-19 01:20:52.882  INFO 11160 --- [Eureka-EvictionTimer] c.n.e.registry.AbstractInstanceRegistry  : Running the evict task with compensationTime 8ms
2019-03-19 01:21:52.882  INFO 11160 --- [Eureka-EvictionTimer] c.n.e.registry.AbstractInstanceRegistry  : Running the evict task with compensationTime 0ms
2019-03-19 01:22:52.891  INFO 11160 --- [Eureka-EvictionTimer] c.n.e.registry.AbstractInstanceRegistry  : Running the evict task with compensationTime 8ms
2019-03-19 01:23:51.584  INFO 11160 --- [ReplicaAwareInstanceRegistry - RenewalThresholdUpdater] c.n.e.r.PeerAwareInstanceRegistryImpl    : Current renewal threshold is : 3
2019-03-19 01:23:52.891  INFO 11160 --- [Eureka-EvictionTimer] c.n.e.registry.AbstractInstanceRegistry  : Running the evict task with compensationTime 0ms
2019-03-19 01:24:52.901  INFO 11160 --- [Eureka-EvictionTimer] c.n.e.registry.AbstractInstanceRegistry  : Running the evict task with compensationTime 9ms
2019-03-19 01:25:52.909  INFO 11160 --- [Eureka-EvictionTimer] c.n.e.registry.AbstractInstanceRegistry  : Running the evict task with compensationTime 8ms
2019-03-19 01:26:52.912  INFO 11160 --- [Eureka-EvictionTimer] c.n.e.registry.AbstractInstanceRegistry  : Running the evict task with compensationTime 2ms
2019-03-19 01:27:52.915  INFO 11160 --- [Eureka-EvictionTimer] c.n.e.registry.AbstractInstanceRegistry  : Running the evict task with compensationTime 2ms
2019-03-19 01:28:52.922  INFO 11160 --- [Eureka-EvictionTimer] c.n.e.registry.AbstractInstanceRegistry  : Running the evict task with compensationTime 6ms
2019-03-19 01:29:52.927  INFO 11160 --- [Eureka-EvictionTimer] c.n.e.registry.AbstractInstanceRegistry  : Running the evict task with compensationTime 5ms
2019-03-19 01:30:52.936  INFO 11160 --- [Eureka-EvictionTimer] c.n.e.registry.AbstractInstanceRegistry  : Running the evict task with compensationTime 8ms
2019-03-19 01:31:52.937  INFO 11160 --- [Eureka-EvictionTimer] c.n.e.registry.AbstractInstanceRegistry  : Running the evict task with compensationTime 0ms
2019-03-19 01:32:52.943  INFO 11160 --- [Eureka-EvictionTimer] c.n.e.registry.AbstractInstanceRegistry  : Running the evict task with compensationTime 6ms
2019-03-19 01:33:52.950  INFO 11160 --- [Eureka-EvictionTimer] c.n.e.registry.AbstractInstanceRegistry  : Running the evict task with compensationTime 7ms
2019-03-19 01:34:52.959  INFO 11160 --- [Eureka-EvictionTimer] c.n.e.registry.AbstractInstanceRegistry  : Running the evict task with compensationTime 8ms
2019-03-19 01:35:52.966  INFO 11160 --- [Eureka-EvictionTimer] c.n.e.registry.AbstractInstanceRegistry  : Running the evict task with compensationTime 7ms
2019-03-19 01:36:52.970  INFO 11160 --- [Eureka-EvictionTimer] c.n.e.registry.AbstractInstanceRegistry  : Running the evict task with compensationTime 3ms
2019-03-19 01:37:52.971  INFO 11160 --- [Eureka-EvictionTimer] c.n.e.registry.AbstractInstanceRegistry  : Running the evict task with compensationTime 0ms
2019-03-19 01:38:51.589  INFO 11160 --- [ReplicaAwareInstanceRegistry - RenewalThresholdUpdater] c.n.e.r.PeerAwareInstanceRegistryImpl    : Current renewal threshold is : 3
2019-03-19 01:38:52.974  INFO 11160 --- [Eureka-EvictionTimer] c.n.e.registry.AbstractInstanceRegistry  : Running the evict task with compensationTime 3ms
2019-03-19 01:39:52.980  INFO 11160 --- [Eureka-EvictionTimer] c.n.e.registry.AbstractInstanceRegistry  : Running the evict task with compensationTime 5ms
2019-03-19 01:40:52.980  INFO 11160 --- [Eureka-EvictionTimer] c.n.e.registry.AbstractInstanceRegistry  : Running the evict task with compensationTime 0ms
2019-03-19 01:41:52.989  INFO 11160 --- [Eureka-EvictionTimer] c.n.e.registry.AbstractInstanceRegistry  : Running the evict task with compensationTime 8ms
2019-03-19 01:42:52.992  INFO 11160 --- [Eureka-EvictionTimer] c.n.e.registry.AbstractInstanceRegistry  : Running the evict task with compensationTime 3ms
2019-03-19 01:43:52.994  INFO 11160 --- [Eureka-EvictionTimer] c.n.e.registry.AbstractInstanceRegistry  : Running the evict task with compensationTime 1ms
2019-03-19 01:44:53.002  INFO 11160 --- [Eureka-EvictionTimer] c.n.e.registry.AbstractInstanceRegistry  : Running the evict task with compensationTime 8ms
2019-03-19 01:45:53.005  INFO 11160 --- [Eureka-EvictionTimer] c.n.e.registry.AbstractInstanceRegistry  : Running the evict task with compensationTime 2ms
2019-03-19 01:46:53.011  INFO 11160 --- [Eureka-EvictionTimer] c.n.e.registry.AbstractInstanceRegistry  : Running the evict task with compensationTime 5ms
2019-03-19 01:47:53.021  INFO 11160 --- [Eureka-EvictionTimer] c.n.e.registry.AbstractInstanceRegistry  : Running the evict task with compensationTime 10ms
2019-03-19 01:48:53.021  INFO 11160 --- [Eureka-EvictionTimer] c.n.e.registry.AbstractInstanceRegistry  : Running the evict task with compensationTime 0ms
2019-03-19 01:49:22.973  INFO 11160 --- [http-nio-8761-exec-6] c.n.e.registry.AbstractInstanceRegistry  : Registered instance UNKNOWN/192.168.0.103 with status DOWN (replication=false)
2019-03-19 01:49:23.487  INFO 11160 --- [http-nio-8761-exec-7] c.n.e.registry.AbstractInstanceRegistry  : Registered instance UNKNOWN/192.168.0.103 with status DOWN (replication=true)
2019-03-19 01:49:27.154  INFO 11160 --- [http-nio-8761-exec-4] c.n.e.registry.AbstractInstanceRegistry  : Cancelled instance UNKNOWN/192.168.0.103 (replication=false)
2019-03-19 01:49:27.684  INFO 11160 --- [http-nio-8761-exec-9] c.n.eureka.resources.InstanceResource    : Not Found (Cancel): UNKNOWN - 192.168.0.103
2019-03-19 01:49:53.031  INFO 11160 --- [Eureka-EvictionTimer] c.n.e.registry.AbstractInstanceRegistry  : Running the evict task with compensationTime 10ms
2019-03-19 01:49:57.599  INFO 11160 --- [http-nio-8761-exec-2] c.n.e.registry.AbstractInstanceRegistry  : Registered instance UNKNOWN/192.168.0.103 with status UP (replication=false)
2019-03-19 01:49:58.113  INFO 11160 --- [http-nio-8761-exec-6] c.n.e.registry.AbstractInstanceRegistry  : Registered instance UNKNOWN/192.168.0.103 with status UP (replication=true)
2019-03-19 01:50:53.036  INFO 11160 --- [Eureka-EvictionTimer] c.n.e.registry.AbstractInstanceRegistry  : Running the evict task with compensationTime 4ms
2019-03-19 01:51:43.046  INFO 11160 --- [http-nio-8761-exec-7] c.n.e.registry.AbstractInstanceRegistry  : Registered instance UNKNOWN/192.168.0.103 with status DOWN (replication=false)
2019-03-19 01:51:43.576  INFO 11160 --- [http-nio-8761-exec-4] c.n.e.registry.AbstractInstanceRegistry  : Registered instance UNKNOWN/192.168.0.103 with status DOWN (replication=true)
2019-03-19 01:51:49.134  INFO 11160 --- [http-nio-8761-exec-10] c.n.e.registry.AbstractInstanceRegistry  : Cancelled instance UNKNOWN/192.168.0.103 (replication=false)
2019-03-19 01:51:49.640  INFO 11160 --- [http-nio-8761-exec-9] c.n.eureka.resources.InstanceResource    : Not Found (Cancel): UNKNOWN - 192.168.0.103
2019-03-19 01:51:53.042  INFO 11160 --- [Eureka-EvictionTimer] c.n.e.registry.AbstractInstanceRegistry  : Running the evict task with compensationTime 6ms
2019-03-19 01:51:58.114  INFO 11160 --- [http-nio-8761-exec-7] c.n.e.registry.AbstractInstanceRegistry  : Registered instance UNKNOWN/192.168.0.103 with status UP (replication=false)
2019-03-19 01:51:58.628  INFO 11160 --- [http-nio-8761-exec-4] c.n.e.registry.AbstractInstanceRegistry  : Registered instance UNKNOWN/192.168.0.103 with status UP (replication=true)
2019-03-19 01:52:53.044  INFO 11160 --- [Eureka-EvictionTimer] c.n.e.registry.AbstractInstanceRegistry  : Running the evict task with compensationTime 1ms
2019-03-19 01:53:51.589  INFO 11160 --- [ReplicaAwareInstanceRegistry - RenewalThresholdUpdater] c.n.e.r.PeerAwareInstanceRegistryImpl    : Current renewal threshold is : 3
2019-03-19 01:53:53.045  INFO 11160 --- [Eureka-EvictionTimer] c.n.e.registry.AbstractInstanceRegistry  : Running the evict task with compensationTime 1ms
2019-03-19 01:54:53.048  INFO 11160 --- [Eureka-EvictionTimer] c.n.e.registry.AbstractInstanceRegistry  : Running the evict task with compensationTime 3ms
2019-03-19 01:55:53.054  INFO 11160 --- [Eureka-EvictionTimer] c.n.e.registry.AbstractInstanceRegistry  : Running the evict task with compensationTime 5ms
2019-03-19 01:56:53.057  INFO 11160 --- [Eureka-EvictionTimer] c.n.e.registry.AbstractInstanceRegistry  : Running the evict task with compensationTime 2ms
2019-03-19 01:57:07.748  INFO 11160 --- [http-nio-8761-exec-2] c.n.e.registry.AbstractInstanceRegistry  : Registered instance UNKNOWN/192.168.0.103 with status UP (replication=false)
2019-03-19 01:57:08.273  INFO 11160 --- [http-nio-8761-exec-6] c.n.e.registry.AbstractInstanceRegistry  : Registered instance UNKNOWN/192.168.0.103 with status UP (replication=true)
2019-03-19 01:57:53.067  INFO 11160 --- [Eureka-EvictionTimer] c.n.e.registry.AbstractInstanceRegistry  : Running the evict task with compensationTime 9ms
2019-03-19 01:58:53.071  INFO 11160 --- [Eureka-EvictionTimer] c.n.e.registry.AbstractInstanceRegistry  : Running the evict task with compensationTime 3ms
2019-03-19 01:59:53.072  INFO 11160 --- [Eureka-EvictionTimer] c.n.e.registry.AbstractInstanceRegistry  : Running the evict task with compensationTime 1ms
2019-03-19 01:59:53.171  INFO 11160 --- [http-nio-8761-exec-1] c.n.e.registry.AbstractInstanceRegistry  : Registered instance UNKNOWN/192.168.0.103 with status DOWN (replication=false)
2019-03-19 01:59:53.694  INFO 11160 --- [http-nio-8761-exec-5] c.n.e.registry.AbstractInstanceRegistry  : Registered instance UNKNOWN/192.168.0.103 with status DOWN (replication=true)
2019-03-19 01:59:57.336  INFO 11160 --- [http-nio-8761-exec-3] c.n.e.registry.AbstractInstanceRegistry  : Cancelled instance UNKNOWN/192.168.0.103 (replication=false)
2019-03-19 01:59:57.866  INFO 11160 --- [http-nio-8761-exec-7] c.n.eureka.resources.InstanceResource    : Not Found (Cancel): UNKNOWN - 192.168.0.103
2019-03-19 02:00:05.481  INFO 11160 --- [http-nio-8761-exec-9] c.n.e.registry.AbstractInstanceRegistry  : Registered instance UNKNOWN/192.168.0.103 with status UP (replication=false)
2019-03-19 02:00:06.014  INFO 11160 --- [http-nio-8761-exec-8] c.n.e.registry.AbstractInstanceRegistry  : Registered instance UNKNOWN/192.168.0.103 with status UP (replication=true)
2019-03-19 02:00:53.072  INFO 11160 --- [Eureka-EvictionTimer] c.n.e.registry.AbstractInstanceRegistry  : Running the evict task with compensationTime 0ms
2019-03-19 02:01:53.096  INFO 11160 --- [Eureka-EvictionTimer] c.n.e.registry.AbstractInstanceRegistry  : Running the evict task with compensationTime 23ms
2019-03-19 02:01:57.850  INFO 11160 --- [http-nio-8761-exec-10] c.n.e.registry.AbstractInstanceRegistry  : Registered instance UNKNOWN/192.168.0.103 with status UP (replication=false)
2019-03-19 02:01:58.379  INFO 11160 --- [http-nio-8761-exec-1] c.n.e.registry.AbstractInstanceRegistry  : Registered instance UNKNOWN/192.168.0.103 with status UP (replication=true)
2019-03-19 02:02:52.764  INFO 11160 --- [http-nio-8761-exec-2] c.n.e.registry.AbstractInstanceRegistry  : Registered instance UNKNOWN/192.168.0.103 with status DOWN (replication=false)
2019-03-19 02:02:53.102  INFO 11160 --- [Eureka-EvictionTimer] c.n.e.registry.AbstractInstanceRegistry  : Running the evict task with compensationTime 6ms
2019-03-19 02:02:53.292  INFO 11160 --- [http-nio-8761-exec-7] c.n.e.registry.AbstractInstanceRegistry  : Registered instance UNKNOWN/192.168.0.103 with status DOWN (replication=true)
2019-03-19 02:02:56.943  INFO 11160 --- [http-nio-8761-exec-4] c.n.e.registry.AbstractInstanceRegistry  : Cancelled instance UNKNOWN/192.168.0.103 (replication=false)
2019-03-19 02:02:57.468  INFO 11160 --- [http-nio-8761-exec-10] c.n.eureka.resources.InstanceResource    : Not Found (Cancel): UNKNOWN - 192.168.0.103
2019-03-19 02:03:05.294  INFO 11160 --- [http-nio-8761-exec-5] c.n.e.registry.AbstractInstanceRegistry  : Registered instance UNKNOWN/192.168.0.103 with status UP (replication=false)
2019-03-19 02:03:05.825  INFO 11160 --- [http-nio-8761-exec-3] c.n.e.registry.AbstractInstanceRegistry  : Registered instance UNKNOWN/192.168.0.103 with status UP (replication=true)
2019-03-19 02:03:53.104  INFO 11160 --- [Eureka-EvictionTimer] c.n.e.registry.AbstractInstanceRegistry  : Running the evict task with compensationTime 1ms
2019-03-19 02:04:53.113  INFO 11160 --- [Eureka-EvictionTimer] c.n.e.registry.AbstractInstanceRegistry  : Running the evict task with compensationTime 9ms
2019-03-19 02:04:56.111  INFO 11160 --- [http-nio-8761-exec-3] c.n.e.registry.AbstractInstanceRegistry  : Registered instance UNKNOWN/192.168.0.103 with status DOWN (replication=false)
2019-03-19 02:04:56.638  INFO 11160 --- [http-nio-8761-exec-6] c.n.e.registry.AbstractInstanceRegistry  : Registered instance UNKNOWN/192.168.0.103 with status DOWN (replication=true)
2019-03-19 02:05:24.957  INFO 11160 --- [http-nio-8761-exec-9] c.n.e.registry.AbstractInstanceRegistry  : Registered instance UNKNOWN/192.168.0.103 with status UP (replication=false)
2019-03-19 02:05:25.473  INFO 11160 --- [http-nio-8761-exec-8] c.n.e.registry.AbstractInstanceRegistry  : Registered instance UNKNOWN/192.168.0.103 with status UP (replication=true)
2019-03-19 02:05:53.128  INFO 11160 --- [Eureka-EvictionTimer] c.n.e.registry.AbstractInstanceRegistry  : Running the evict task with compensationTime 14ms
2019-03-19 02:05:54.332  INFO 11160 --- [http-nio-8761-exec-10] c.n.e.registry.AbstractInstanceRegistry  : Registered instance UNKNOWN/192.168.0.103 with status DOWN (replication=false)
2019-03-19 02:05:54.855  INFO 11160 --- [http-nio-8761-exec-1] c.n.e.registry.AbstractInstanceRegistry  : Registered instance UNKNOWN/192.168.0.103 with status DOWN (replication=true)
2019-03-19 02:05:58.655  INFO 11160 --- [http-nio-8761-exec-2] c.n.e.registry.AbstractInstanceRegistry  : Cancelled instance UNKNOWN/192.168.0.103 (replication=false)
2019-03-19 02:05:59.172  INFO 11160 --- [http-nio-8761-exec-9] c.n.eureka.resources.InstanceResource    : Not Found (Cancel): UNKNOWN - 192.168.0.103
2019-03-19 02:06:53.134  INFO 11160 --- [Eureka-EvictionTimer] c.n.e.registry.AbstractInstanceRegistry  : Running the evict task with compensationTime 5ms
2019-03-19 02:07:53.141  INFO 11160 --- [Eureka-EvictionTimer] c.n.e.registry.AbstractInstanceRegistry  : Running the evict task with compensationTime 7ms
2019-03-19 02:08:51.594  INFO 11160 --- [ReplicaAwareInstanceRegistry - RenewalThresholdUpdater] c.n.e.r.PeerAwareInstanceRegistryImpl    : Current renewal threshold is : 1
2019-03-19 02:08:53.148  INFO 11160 --- [Eureka-EvictionTimer] c.n.e.registry.AbstractInstanceRegistry  : Running the evict task with compensationTime 6ms
2019-03-19 02:09:53.154  INFO 11160 --- [Eureka-EvictionTimer] c.n.e.registry.AbstractInstanceRegistry  : Running the evict task with compensationTime 5ms
2019-03-19 02:10:04.881  INFO 11160 --- [http-nio-8761-exec-1] c.n.e.registry.AbstractInstanceRegistry  : Registered instance UNKNOWN/192.168.0.103 with status UP (replication=false)
2019-03-19 02:10:05.390  INFO 11160 --- [http-nio-8761-exec-3] c.n.e.registry.AbstractInstanceRegistry  : Registered instance UNKNOWN/192.168.0.103 with status UP (replication=true)
2019-03-19 02:10:53.154  INFO 11160 --- [Eureka-EvictionTimer] c.n.e.registry.AbstractInstanceRegistry  : Running the evict task with compensationTime 0ms
2019-03-19 02:11:07.853  INFO 11160 --- [http-nio-8761-exec-8] c.n.e.registry.AbstractInstanceRegistry  : Registered instance UNKNOWN/192.168.0.103 with status DOWN (replication=false)
2019-03-19 02:11:08.385  INFO 11160 --- [http-nio-8761-exec-10] c.n.e.registry.AbstractInstanceRegistry  : Registered instance UNKNOWN/192.168.0.103 with status DOWN (replication=true)
2019-03-19 02:11:12.032  INFO 11160 --- [http-nio-8761-exec-1] c.n.e.registry.AbstractInstanceRegistry  : Cancelled instance UNKNOWN/192.168.0.103 (replication=false)
2019-03-19 02:11:12.551  INFO 11160 --- [http-nio-8761-exec-2] c.n.eureka.resources.InstanceResource    : Not Found (Cancel): UNKNOWN - 192.168.0.103
2019-03-19 02:11:20.241  INFO 11160 --- [http-nio-8761-exec-4] c.n.e.registry.AbstractInstanceRegistry  : Registered instance UNKNOWN/192.168.0.103 with status UP (replication=false)
2019-03-19 02:11:20.768  INFO 11160 --- [http-nio-8761-exec-7] c.n.e.registry.AbstractInstanceRegistry  : Registered instance UNKNOWN/192.168.0.103 with status UP (replication=true)
2019-03-19 02:11:27.662  INFO 11160 --- [http-nio-8761-exec-9] c.n.e.registry.AbstractInstanceRegistry  : Registered instance UNKNOWN/192.168.0.103 with status DOWN (replication=false)
2019-03-19 02:11:28.192  INFO 11160 --- [http-nio-8761-exec-8] c.n.e.registry.AbstractInstanceRegistry  : Registered instance UNKNOWN/192.168.0.103 with status DOWN (replication=true)
2019-03-19 02:11:31.802  INFO 11160 --- [http-nio-8761-exec-10] c.n.e.registry.AbstractInstanceRegistry  : Cancelled instance UNKNOWN/192.168.0.103 (replication=false)
2019-03-19 02:11:32.318  INFO 11160 --- [http-nio-8761-exec-3] c.n.eureka.resources.InstanceResource    : Not Found (Cancel): UNKNOWN - 192.168.0.103
2019-03-19 02:11:40.035  INFO 11160 --- [http-nio-8761-exec-7] c.n.e.registry.AbstractInstanceRegistry  : Registered instance UNKNOWN/192.168.0.103 with status UP (replication=false)
2019-03-19 02:11:40.567  INFO 11160 --- [http-nio-8761-exec-9] c.n.e.registry.AbstractInstanceRegistry  : Registered instance UNKNOWN/192.168.0.103 with status UP (replication=true)
2019-03-19 02:11:53.159  INFO 11160 --- [Eureka-EvictionTimer] c.n.e.registry.AbstractInstanceRegistry  : Running the evict task with compensationTime 4ms
2019-03-19 02:12:30.111  INFO 11160 --- [http-nio-8761-exec-5] c.n.e.registry.AbstractInstanceRegistry  : Registered instance UNKNOWN/192.168.0.103 with status DOWN (replication=false)
2019-03-19 02:12:30.626  INFO 11160 --- [http-nio-8761-exec-3] c.n.e.registry.AbstractInstanceRegistry  : Registered instance UNKNOWN/192.168.0.103 with status DOWN (replication=true)
2019-03-19 02:12:53.160  INFO 11160 --- [Eureka-EvictionTimer] c.n.e.registry.AbstractInstanceRegistry  : Running the evict task with compensationTime 0ms
2019-03-19 02:13:53.165  INFO 11160 --- [Eureka-EvictionTimer] c.n.e.registry.AbstractInstanceRegistry  : Running the evict task with compensationTime 5ms
2019-03-19 02:14:27.905  INFO 11160 --- [http-nio-8761-exec-9] c.n.e.registry.AbstractInstanceRegistry  : Registered instance TAO-AUTH-SERVICE/192.168.0.103:tao-auth-service:2104 with status UP (replication=false)
2019-03-19 02:14:28.430  INFO 11160 --- [http-nio-8761-exec-8] c.n.e.registry.AbstractInstanceRegistry  : Registered instance TAO-AUTH-SERVICE/192.168.0.103:tao-auth-service:2104 with status UP (replication=true)
2019-03-19 02:14:53.165  INFO 11160 --- [Eureka-EvictionTimer] c.n.e.registry.AbstractInstanceRegistry  : Running the evict task with compensationTime 0ms
2019-03-19 02:15:32.384  INFO 11160 --- [http-nio-8761-exec-7] c.n.e.registry.AbstractInstanceRegistry  : Registered instance UNKNOWN/192.168.0.103 with status UP (replication=false)
2019-03-19 02:15:32.916  INFO 11160 --- [http-nio-8761-exec-9] c.n.e.registry.AbstractInstanceRegistry  : Registered instance UNKNOWN/192.168.0.103 with status UP (replication=true)
2019-03-19 02:15:53.170  INFO 11160 --- [Eureka-EvictionTimer] c.n.e.registry.AbstractInstanceRegistry  : Running the evict task with compensationTime 5ms
2019-03-19 02:16:38.742  INFO 11160 --- [http-nio-8761-exec-5] c.n.e.registry.AbstractInstanceRegistry  : Registered instance UNKNOWN/192.168.0.103 with status DOWN (replication=false)
2019-03-19 02:16:39.265  INFO 11160 --- [http-nio-8761-exec-3] c.n.e.registry.AbstractInstanceRegistry  : Registered instance UNKNOWN/192.168.0.103 with status DOWN (replication=true)
2019-03-19 02:16:42.931  INFO 11160 --- [http-nio-8761-exec-2] c.n.e.registry.AbstractInstanceRegistry  : Cancelled instance UNKNOWN/192.168.0.103 (replication=false)
2019-03-19 02:16:43.443  INFO 11160 --- [http-nio-8761-exec-7] c.n.eureka.resources.InstanceResource    : Not Found (Cancel): UNKNOWN - 192.168.0.103
2019-03-19 02:16:53.175  INFO 11160 --- [Eureka-EvictionTimer] c.n.e.registry.AbstractInstanceRegistry  : Running the evict task with compensationTime 4ms
2019-03-19 02:17:53.184  INFO 11160 --- [Eureka-EvictionTimer] c.n.e.registry.AbstractInstanceRegistry  : Running the evict task with compensationTime 9ms
2019-03-19 02:18:39.743  INFO 11160 --- [http-nio-8761-exec-10] c.n.e.registry.AbstractInstanceRegistry  : Registered instance SPRING-RABBITMQ/192.168.0.103:spring-rabbitmq:2201 with status UP (replication=false)
2019-03-19 02:18:40.557  INFO 11160 --- [http-nio-8761-exec-5] c.n.e.registry.AbstractInstanceRegistry  : Registered instance SPRING-RABBITMQ/192.168.0.103:spring-rabbitmq:2201 with status UP (replication=true)
2019-03-19 02:18:53.185  INFO 11160 --- [Eureka-EvictionTimer] c.n.e.registry.AbstractInstanceRegistry  : Running the evict task with compensationTime 0ms
2019-03-19 02:18:55.802  INFO 11160 --- [http-nio-8761-exec-3] c.n.e.registry.AbstractInstanceRegistry  : Registered instance SPRING-RABBITMQ/192.168.0.103:spring-rabbitmq:2201 with status DOWN (replication=false)
2019-03-19 02:18:56.335  INFO 11160 --- [http-nio-8761-exec-2] c.n.e.registry.AbstractInstanceRegistry  : Registered instance SPRING-RABBITMQ/192.168.0.103:spring-rabbitmq:2201 with status DOWN (replication=true)
2019-03-19 02:19:00.056  INFO 11160 --- [http-nio-8761-exec-9] c.n.e.registry.AbstractInstanceRegistry  : Cancelled instance SPRING-RABBITMQ/192.168.0.103:spring-rabbitmq:2201 (replication=false)
2019-03-19 02:19:00.568  INFO 11160 --- [http-nio-8761-exec-1] c.n.eureka.resources.InstanceResource    : Not Found (Cancel): SPRING-RABBITMQ - 192.168.0.103:spring-rabbitmq:2201
2019-03-19 02:19:08.758  INFO 11160 --- [http-nio-8761-exec-5] c.n.e.registry.AbstractInstanceRegistry  : Registered instance SPRING-RABBITMQ/192.168.0.103:spring-rabbitmq:2201 with status UP (replication=false)
2019-03-19 02:19:09.278  INFO 11160 --- [http-nio-8761-exec-3] c.n.e.registry.AbstractInstanceRegistry  : Registered instance SPRING-RABBITMQ/192.168.0.103:spring-rabbitmq:2201 with status UP (replication=true)
2019-03-19 02:19:13.033  INFO 11160 --- [http-nio-8761-exec-2] c.n.e.registry.AbstractInstanceRegistry  : Registered instance SPRING-RABBITMQ/192.168.0.103:spring-rabbitmq:2201 with status DOWN (replication=false)
2019-03-19 02:19:13.564  INFO 11160 --- [http-nio-8761-exec-4] c.n.e.registry.AbstractInstanceRegistry  : Registered instance SPRING-RABBITMQ/192.168.0.103:spring-rabbitmq:2201 with status DOWN (replication=true)
2019-03-19 02:19:17.165  INFO 11160 --- [http-nio-8761-exec-6] c.n.e.registry.AbstractInstanceRegistry  : Cancelled instance SPRING-RABBITMQ/192.168.0.103:spring-rabbitmq:2201 (replication=false)
2019-03-19 02:19:17.710  INFO 11160 --- [http-nio-8761-exec-9] c.n.eureka.resources.InstanceResource    : Not Found (Cancel): SPRING-RABBITMQ - 192.168.0.103:spring-rabbitmq:2201
2019-03-19 02:19:25.712  INFO 11160 --- [http-nio-8761-exec-7] c.n.e.registry.AbstractInstanceRegistry  : Registered instance SPRING-RABBITMQ/192.168.0.103:spring-rabbitmq:2201 with status UP (replication=false)
2019-03-19 02:19:26.224  INFO 11160 --- [http-nio-8761-exec-9] c.n.e.registry.AbstractInstanceRegistry  : Registered instance SPRING-RABBITMQ/192.168.0.103:spring-rabbitmq:2201 with status UP (replication=true)
2019-03-19 02:19:52.951  INFO 11160 --- [http-nio-8761-exec-4] c.n.e.registry.AbstractInstanceRegistry  : Registered instance SPRING-RABBITMQ/192.168.0.103:spring-rabbitmq:2201 with status DOWN (replication=false)
2019-03-19 02:19:53.195  INFO 11160 --- [Eureka-EvictionTimer] c.n.e.registry.AbstractInstanceRegistry  : Running the evict task with compensationTime 9ms
2019-03-19 02:19:53.474  INFO 11160 --- [http-nio-8761-exec-7] c.n.e.registry.AbstractInstanceRegistry  : Registered instance SPRING-RABBITMQ/192.168.0.103:spring-rabbitmq:2201 with status DOWN (replication=true)
2019-03-19 02:19:57.077  INFO 11160 --- [http-nio-8761-exec-10] c.n.e.registry.AbstractInstanceRegistry  : Cancelled instance SPRING-RABBITMQ/192.168.0.103:spring-rabbitmq:2201 (replication=false)
2019-03-19 02:19:57.599  INFO 11160 --- [http-nio-8761-exec-5] c.n.eureka.resources.InstanceResource    : Not Found (Cancel): SPRING-RABBITMQ - 192.168.0.103:spring-rabbitmq:2201
2019-03-19 02:20:53.205  INFO 11160 --- [Eureka-EvictionTimer] c.n.e.registry.AbstractInstanceRegistry  : Running the evict task with compensationTime 9ms
2019-03-19 02:20:58.921  INFO 11160 --- [http-nio-8761-exec-7] c.n.e.registry.AbstractInstanceRegistry  : Registered instance SPRING-RABBITMQ/192.168.0.103:spring-rabbitmq:2201 with status UP (replication=false)
2019-03-19 02:20:59.435  INFO 11160 --- [http-nio-8761-exec-8] c.n.e.registry.AbstractInstanceRegistry  : Registered instance SPRING-RABBITMQ/192.168.0.103:spring-rabbitmq:2201 with status UP (replication=true)
2019-03-19 02:21:53.205  INFO 11160 --- [Eureka-EvictionTimer] c.n.e.registry.AbstractInstanceRegistry  : Running the evict task with compensationTime 0ms
2019-03-19 02:22:53.209  INFO 11160 --- [Eureka-EvictionTimer] c.n.e.registry.AbstractInstanceRegistry  : Running the evict task with compensationTime 4ms
2019-03-19 02:23:22.184  INFO 11160 --- [http-nio-8761-exec-9] c.n.e.registry.AbstractInstanceRegistry  : Registered instance SPRING-RABBITMQ/192.168.0.103:spring-rabbitmq:2201 with status DOWN (replication=false)
2019-03-19 02:23:22.699  INFO 11160 --- [http-nio-8761-exec-10] c.n.e.registry.AbstractInstanceRegistry  : Registered instance SPRING-RABBITMQ/192.168.0.103:spring-rabbitmq:2201 with status DOWN (replication=true)
2019-03-19 02:23:26.356  INFO 11160 --- [http-nio-8761-exec-3] c.n.e.registry.AbstractInstanceRegistry  : Cancelled instance SPRING-RABBITMQ/192.168.0.103:spring-rabbitmq:2201 (replication=false)
2019-03-19 02:23:26.872  INFO 11160 --- [http-nio-8761-exec-2] c.n.eureka.resources.InstanceResource    : Not Found (Cancel): SPRING-RABBITMQ - 192.168.0.103:spring-rabbitmq:2201
2019-03-19 02:23:35.713  INFO 11160 --- [http-nio-8761-exec-9] c.n.e.registry.AbstractInstanceRegistry  : Registered instance SPRING-RABBITMQ/192.168.0.103:spring-rabbitmq:2201 with status UP (replication=false)
2019-03-19 02:23:36.236  INFO 11160 --- [http-nio-8761-exec-10] c.n.e.registry.AbstractInstanceRegistry  : Registered instance SPRING-RABBITMQ/192.168.0.103:spring-rabbitmq:2201 with status UP (replication=true)
2019-03-19 02:23:51.604  INFO 11160 --- [ReplicaAwareInstanceRegistry - RenewalThresholdUpdater] c.n.e.r.PeerAwareInstanceRegistryImpl    : Current renewal threshold is : 5
2019-03-19 02:23:53.218  INFO 11160 --- [Eureka-EvictionTimer] c.n.e.registry.AbstractInstanceRegistry  : Running the evict task with compensationTime 8ms
2019-03-19 02:24:53.220  INFO 11160 --- [Eureka-EvictionTimer] c.n.e.registry.AbstractInstanceRegistry  : Running the evict task with compensationTime 2ms
2019-03-19 02:25:53.227  INFO 11160 --- [Eureka-EvictionTimer] c.n.e.registry.AbstractInstanceRegistry  : Running the evict task with compensationTime 6ms
2019-03-19 02:26:08.991  INFO 11160 --- [http-nio-8761-exec-3] c.n.e.registry.AbstractInstanceRegistry  : Registered instance SPRING-RABBITMQ/192.168.0.103:spring-rabbitmq:2201 with status DOWN (replication=false)
2019-03-19 02:26:09.521  INFO 11160 --- [http-nio-8761-exec-1] c.n.e.registry.AbstractInstanceRegistry  : Registered instance SPRING-RABBITMQ/192.168.0.103:spring-rabbitmq:2201 with status DOWN (replication=true)
2019-03-19 02:26:13.129  INFO 11160 --- [http-nio-8761-exec-5] c.n.e.registry.AbstractInstanceRegistry  : Cancelled instance SPRING-RABBITMQ/192.168.0.103:spring-rabbitmq:2201 (replication=false)
2019-03-19 02:26:13.659  INFO 11160 --- [http-nio-8761-exec-7] c.n.eureka.resources.InstanceResource    : Not Found (Cancel): SPRING-RABBITMQ - 192.168.0.103:spring-rabbitmq:2201
2019-03-19 02:26:20.567  INFO 11160 --- [http-nio-8761-exec-8] c.n.e.registry.AbstractInstanceRegistry  : Registered instance SPRING-RABBITMQ/192.168.0.103:spring-rabbitmq:2201 with status UP (replication=false)
2019-03-19 02:26:21.088  INFO 11160 --- [http-nio-8761-exec-9] c.n.e.registry.AbstractInstanceRegistry  : Registered instance SPRING-RABBITMQ/192.168.0.103:spring-rabbitmq:2201 with status UP (replication=true)
2019-03-19 02:26:53.233  INFO 11160 --- [Eureka-EvictionTimer] c.n.e.registry.AbstractInstanceRegistry  : Running the evict task with compensationTime 5ms
2019-03-19 02:27:40.864  INFO 11160 --- [http-nio-8761-exec-4] c.n.e.registry.AbstractInstanceRegistry  : Registered instance SPRING-RABBITMQ/192.168.0.103:spring-rabbitmq:2201 with status DOWN (replication=false)
2019-03-19 02:27:41.394  INFO 11160 --- [http-nio-8761-exec-7] c.n.e.registry.AbstractInstanceRegistry  : Registered instance SPRING-RABBITMQ/192.168.0.103:spring-rabbitmq:2201 with status DOWN (replication=true)
2019-03-19 02:27:45.557  INFO 11160 --- [http-nio-8761-exec-6] c.n.e.registry.AbstractInstanceRegistry  : Cancelled instance SPRING-RABBITMQ/192.168.0.103:spring-rabbitmq:2201 (replication=false)
2019-03-19 02:27:46.085  INFO 11160 --- [http-nio-8761-exec-10] c.n.eureka.resources.InstanceResource    : Not Found (Cancel): SPRING-RABBITMQ - 192.168.0.103:spring-rabbitmq:2201
2019-03-19 02:27:52.582  INFO 11160 --- [http-nio-8761-exec-1] c.n.e.registry.AbstractInstanceRegistry  : Registered instance SPRING-RABBITMQ/192.168.0.103:spring-rabbitmq:2201 with status UP (replication=false)
2019-03-19 02:27:53.107  INFO 11160 --- [http-nio-8761-exec-5] c.n.e.registry.AbstractInstanceRegistry  : Registered instance SPRING-RABBITMQ/192.168.0.103:spring-rabbitmq:2201 with status UP (replication=true)
2019-03-19 02:27:53.233  INFO 11160 --- [Eureka-EvictionTimer] c.n.e.registry.AbstractInstanceRegistry  : Running the evict task with compensationTime 0ms
2019-03-19 02:28:53.235  INFO 11160 --- [Eureka-EvictionTimer] c.n.e.registry.AbstractInstanceRegistry  : Running the evict task with compensationTime 1ms
2019-03-19 02:29:08.664  INFO 11160 --- [http-nio-8761-exec-9] c.n.e.registry.AbstractInstanceRegistry  : Registered instance SPRING-RABBITMQ/192.168.0.103:spring-rabbitmq:2201 with status DOWN (replication=false)
2019-03-19 02:29:09.180  INFO 11160 --- [http-nio-8761-exec-10] c.n.e.registry.AbstractInstanceRegistry  : Registered instance SPRING-RABBITMQ/192.168.0.103:spring-rabbitmq:2201 with status DOWN (replication=true)
2019-03-19 02:29:12.946  INFO 11160 --- [http-nio-8761-exec-3] c.n.e.registry.AbstractInstanceRegistry  : Cancelled instance SPRING-RABBITMQ/192.168.0.103:spring-rabbitmq:2201 (replication=false)
2019-03-19 02:29:13.452  INFO 11160 --- [http-nio-8761-exec-5] c.n.eureka.resources.InstanceResource    : Not Found (Cancel): SPRING-RABBITMQ - 192.168.0.103:spring-rabbitmq:2201
2019-03-19 02:29:19.800  INFO 11160 --- [http-nio-8761-exec-7] c.n.e.registry.AbstractInstanceRegistry  : Registered instance SPRING-RABBITMQ/192.168.0.103:spring-rabbitmq:2201 with status UP (replication=false)
2019-03-19 02:29:20.322  INFO 11160 --- [http-nio-8761-exec-6] c.n.e.registry.AbstractInstanceRegistry  : Registered instance SPRING-RABBITMQ/192.168.0.103:spring-rabbitmq:2201 with status UP (replication=true)
2019-03-19 02:29:53.238  INFO 11160 --- [Eureka-EvictionTimer] c.n.e.registry.AbstractInstanceRegistry  : Running the evict task with compensationTime 2ms
2019-03-19 02:30:19.270  INFO 11160 --- [http-nio-8761-exec-6] c.n.e.registry.AbstractInstanceRegistry  : Registered instance SPRING-RABBITMQ/192.168.0.103:spring-rabbitmq:2201 with status DOWN (replication=false)
2019-03-19 02:30:19.786  INFO 11160 --- [http-nio-8761-exec-8] c.n.e.registry.AbstractInstanceRegistry  : Registered instance SPRING-RABBITMQ/192.168.0.103:spring-rabbitmq:2201 with status DOWN (replication=true)
2019-03-19 02:30:24.164  INFO 11160 --- [http-nio-8761-exec-1] c.n.e.registry.AbstractInstanceRegistry  : Cancelled instance SPRING-RABBITMQ/192.168.0.103:spring-rabbitmq:2201 (replication=false)
2019-03-19 02:30:24.691  INFO 11160 --- [http-nio-8761-exec-4] c.n.eureka.resources.InstanceResource    : Not Found (Cancel): SPRING-RABBITMQ - 192.168.0.103:spring-rabbitmq:2201
2019-03-19 02:30:31.411  INFO 11160 --- [http-nio-8761-exec-10] c.n.e.registry.AbstractInstanceRegistry  : Registered instance SPRING-RABBITMQ/192.168.0.103:spring-rabbitmq:2201 with status UP (replication=false)
2019-03-19 02:30:31.932  INFO 11160 --- [http-nio-8761-exec-3] c.n.e.registry.AbstractInstanceRegistry  : Registered instance SPRING-RABBITMQ/192.168.0.103:spring-rabbitmq:2201 with status UP (replication=true)
2019-03-19 02:30:53.246  INFO 11160 --- [Eureka-EvictionTimer] c.n.e.registry.AbstractInstanceRegistry  : Running the evict task with compensationTime 8ms
2019-03-19 02:31:53.249  INFO 11160 --- [Eureka-EvictionTimer] c.n.e.registry.AbstractInstanceRegistry  : Running the evict task with compensationTime 2ms
2019-03-19 02:32:53.254  INFO 11160 --- [Eureka-EvictionTimer] c.n.e.registry.AbstractInstanceRegistry  : Running the evict task with compensationTime 5ms
2019-03-19 02:33:53.260  INFO 11160 --- [Eureka-EvictionTimer] c.n.e.registry.AbstractInstanceRegistry  : Running the evict task with compensationTime 5ms
2019-03-19 02:34:53.263  INFO 11160 --- [Eureka-EvictionTimer] c.n.e.registry.AbstractInstanceRegistry  : Running the evict task with compensationTime 3ms
2019-03-19 02:35:53.263  INFO 11160 --- [Eureka-EvictionTimer] c.n.e.registry.AbstractInstanceRegistry  : Running the evict task with compensationTime 0ms
2019-03-19 02:36:53.264  INFO 11160 --- [Eureka-EvictionTimer] c.n.e.registry.AbstractInstanceRegistry  : Running the evict task with compensationTime 1ms
2019-03-19 02:37:53.267  INFO 11160 --- [Eureka-EvictionTimer] c.n.e.registry.AbstractInstanceRegistry  : Running the evict task with compensationTime 2ms
2019-03-19 02:38:51.607  INFO 11160 --- [ReplicaAwareInstanceRegistry - RenewalThresholdUpdater] c.n.e.r.PeerAwareInstanceRegistryImpl    : Current renewal threshold is : 5
2019-03-19 02:38:53.276  INFO 11160 --- [Eureka-EvictionTimer] c.n.e.registry.AbstractInstanceRegistry  : Running the evict task with compensationTime 8ms
2019-03-19 02:39:45.048  INFO 11160 --- [http-nio-8761-exec-10] c.n.e.registry.AbstractInstanceRegistry  : Registered instance SPRING-RABBITMQ/192.168.0.103:spring-rabbitmq:2201 with status DOWN (replication=false)
2019-03-19 02:39:45.570  INFO 11160 --- [http-nio-8761-exec-3] c.n.e.registry.AbstractInstanceRegistry  : Registered instance SPRING-RABBITMQ/192.168.0.103:spring-rabbitmq:2201 with status DOWN (replication=true)
2019-03-19 02:39:50.158  INFO 11160 --- [http-nio-8761-exec-1] c.n.e.registry.AbstractInstanceRegistry  : Cancelled instance SPRING-RABBITMQ/192.168.0.103:spring-rabbitmq:2201 (replication=false)
2019-03-19 02:39:50.739  INFO 11160 --- [http-nio-8761-exec-4] c.n.eureka.resources.InstanceResource    : Not Found (Cancel): SPRING-RABBITMQ - 192.168.0.103:spring-rabbitmq:2201
2019-03-19 02:39:53.276  INFO 11160 --- [Eureka-EvictionTimer] c.n.e.registry.AbstractInstanceRegistry  : Running the evict task with compensationTime 0ms
2019-03-19 02:39:58.304  INFO 11160 --- [http-nio-8761-exec-6] c.n.e.registry.AbstractInstanceRegistry  : Registered instance SPRING-RABBITMQ/192.168.0.103:spring-rabbitmq:2201 with status UP (replication=false)
2019-03-19 02:39:58.835  INFO 11160 --- [http-nio-8761-exec-9] c.n.e.registry.AbstractInstanceRegistry  : Registered instance SPRING-RABBITMQ/192.168.0.103:spring-rabbitmq:2201 with status UP (replication=true)
2019-03-19 02:40:53.279  INFO 11160 --- [Eureka-EvictionTimer] c.n.e.registry.AbstractInstanceRegistry  : Running the evict task with compensationTime 3ms
2019-03-19 02:41:53.285  INFO 11160 --- [Eureka-EvictionTimer] c.n.e.registry.AbstractInstanceRegistry  : Running the evict task with compensationTime 5ms
2019-03-19 02:42:53.287  INFO 11160 --- [Eureka-EvictionTimer] c.n.e.registry.AbstractInstanceRegistry  : Running the evict task with compensationTime 2ms
2019-03-19 02:43:53.296  INFO 11160 --- [Eureka-EvictionTimer] c.n.e.registry.AbstractInstanceRegistry  : Running the evict task with compensationTime 8ms
2019-03-19 02:44:53.301  INFO 11160 --- [Eureka-EvictionTimer] c.n.e.registry.AbstractInstanceRegistry  : Running the evict task with compensationTime 5ms
2019-03-19 02:45:53.306  INFO 11160 --- [Eureka-EvictionTimer] c.n.e.registry.AbstractInstanceRegistry  : Running the evict task with compensationTime 4ms
2019-03-19 02:46:36.680  INFO 11160 --- [http-nio-8761-exec-2] c.n.e.registry.AbstractInstanceRegistry  : Registered instance SPRING-RABBITMQ/192.168.0.103:spring-rabbitmq:2201 with status UP (replication=false)
2019-03-19 02:46:37.233  INFO 11160 --- [http-nio-8761-exec-5] c.n.e.registry.AbstractInstanceRegistry  : Registered instance SPRING-RABBITMQ/192.168.0.103:spring-rabbitmq:2201 with status UP (replication=true)
2019-03-19 02:46:41.626  INFO 11160 --- [http-nio-8761-exec-7] c.n.e.registry.AbstractInstanceRegistry  : Registered instance SPRING-RABBITMQ/192.168.0.103:spring-rabbitmq:2202 with status UP (replication=false)
2019-03-19 02:46:42.170  INFO 11160 --- [http-nio-8761-exec-6] c.n.e.registry.AbstractInstanceRegistry  : Registered instance SPRING-RABBITMQ/192.168.0.103:spring-rabbitmq:2202 with status UP (replication=true)
2019-03-19 02:46:53.314  INFO 11160 --- [Eureka-EvictionTimer] c.n.e.registry.AbstractInstanceRegistry  : Running the evict task with compensationTime 8ms
2019-03-19 02:47:53.323  INFO 11160 --- [Eureka-EvictionTimer] c.n.e.registry.AbstractInstanceRegistry  : Running the evict task with compensationTime 8ms
2019-03-19 02:48:53.332  INFO 11160 --- [Eureka-EvictionTimer] c.n.e.registry.AbstractInstanceRegistry  : Running the evict task with compensationTime 8ms
2019-03-19 02:49:53.334  INFO 11160 --- [Eureka-EvictionTimer] c.n.e.registry.AbstractInstanceRegistry  : Running the evict task with compensationTime 1ms
2019-03-19 02:50:53.338  INFO 11160 --- [Eureka-EvictionTimer] c.n.e.registry.AbstractInstanceRegistry  : Running the evict task with compensationTime 4ms
2019-03-19 02:51:51.264  INFO 11160 --- [http-nio-8761-exec-8] c.n.e.registry.AbstractInstanceRegistry  : Registered instance SPRING-RABBITMQ/192.168.0.103:spring-rabbitmq:2201 with status DOWN (replication=false)
2019-03-19 02:51:51.795  INFO 11160 --- [http-nio-8761-exec-3] c.n.e.registry.AbstractInstanceRegistry  : Registered instance SPRING-RABBITMQ/192.168.0.103:spring-rabbitmq:2201 with status DOWN (replication=true)
2019-03-19 02:51:53.345  INFO 11160 --- [Eureka-EvictionTimer] c.n.e.registry.AbstractInstanceRegistry  : Running the evict task with compensationTime 6ms
2019-03-19 02:51:55.587  INFO 11160 --- [http-nio-8761-exec-9] c.n.e.registry.AbstractInstanceRegistry  : Cancelled instance SPRING-RABBITMQ/192.168.0.103:spring-rabbitmq:2201 (replication=false)
2019-03-19 02:51:56.098  INFO 11160 --- [http-nio-8761-exec-2] c.n.eureka.resources.InstanceResource    : Not Found (Cancel): SPRING-RABBITMQ - 192.168.0.103:spring-rabbitmq:2201
2019-03-19 02:52:05.273  INFO 11160 --- [http-nio-8761-exec-8] c.n.e.registry.AbstractInstanceRegistry  : Registered instance SPRING-RABBITMQ/192.168.0.103:spring-rabbitmq:2201 with status UP (replication=false)
2019-03-19 02:52:05.799  INFO 11160 --- [http-nio-8761-exec-3] c.n.e.registry.AbstractInstanceRegistry  : Registered instance SPRING-RABBITMQ/192.168.0.103:spring-rabbitmq:2201 with status UP (replication=true)
2019-03-19 02:52:53.350  INFO 11160 --- [Eureka-EvictionTimer] c.n.e.registry.AbstractInstanceRegistry  : Running the evict task with compensationTime 5ms
2019-03-19 02:53:19.079  INFO 11160 --- [http-nio-8761-exec-10] c.n.e.registry.AbstractInstanceRegistry  : Registered instance SPRING-RABBITMQ/192.168.0.103:spring-rabbitmq:2201 with status DOWN (replication=false)
2019-03-19 02:53:19.598  INFO 11160 --- [http-nio-8761-exec-1] c.n.e.registry.AbstractInstanceRegistry  : Registered instance SPRING-RABBITMQ/192.168.0.103:spring-rabbitmq:2201 with status DOWN (replication=true)
2019-03-19 02:53:23.751  INFO 11160 --- [http-nio-8761-exec-2] c.n.e.registry.AbstractInstanceRegistry  : Cancelled instance SPRING-RABBITMQ/192.168.0.103:spring-rabbitmq:2201 (replication=false)
2019-03-19 02:53:24.270  INFO 11160 --- [http-nio-8761-exec-6] c.n.eureka.resources.InstanceResource    : Not Found (Cancel): SPRING-RABBITMQ - 192.168.0.103:spring-rabbitmq:2201
2019-03-19 02:53:31.224  INFO 11160 --- [http-nio-8761-exec-10] c.n.e.registry.AbstractInstanceRegistry  : Registered instance SPRING-RABBITMQ/192.168.0.103:spring-rabbitmq:2201 with status UP (replication=false)
2019-03-19 02:53:31.749  INFO 11160 --- [http-nio-8761-exec-1] c.n.e.registry.AbstractInstanceRegistry  : Registered instance SPRING-RABBITMQ/192.168.0.103:spring-rabbitmq:2201 with status UP (replication=true)
2019-03-19 02:53:51.612  INFO 11160 --- [ReplicaAwareInstanceRegistry - RenewalThresholdUpdater] c.n.e.r.PeerAwareInstanceRegistryImpl    : Current renewal threshold is : 6
2019-03-19 02:53:53.358  INFO 11160 --- [Eureka-EvictionTimer] c.n.e.registry.AbstractInstanceRegistry  : Running the evict task with compensationTime 8ms
2019-03-19 02:54:53.364  INFO 11160 --- [Eureka-EvictionTimer] c.n.e.registry.AbstractInstanceRegistry  : Running the evict task with compensationTime 5ms
2019-03-19 02:54:57.980  INFO 11160 --- [http-nio-8761-exec-5] c.n.e.registry.AbstractInstanceRegistry  : Registered instance SPRING-RABBITMQ/192.168.0.103:spring-rabbitmq:2202 with status DOWN (replication=false)
2019-03-19 02:54:58.497  INFO 11160 --- [http-nio-8761-exec-4] c.n.e.registry.AbstractInstanceRegistry  : Registered instance SPRING-RABBITMQ/192.168.0.103:spring-rabbitmq:2202 with status DOWN (replication=true)
2019-03-19 02:54:58.804  INFO 11160 --- [http-nio-8761-exec-6] c.n.e.registry.AbstractInstanceRegistry  : Registered instance SPRING-RABBITMQ/192.168.0.103:spring-rabbitmq:2201 with status DOWN (replication=false)
2019-03-19 02:54:58.842  INFO 11160 --- [Thread-15] o.s.c.n.e.s.EurekaServiceRegistry        : Unregistering application EUREKA-SERVER with eureka with status DOWN
2019-03-19 02:54:59.175  INFO 11160 --- [http-nio-8761-exec-7] c.n.e.registry.AbstractInstanceRegistry  : Registered instance TAO-AUTH-SERVICE/192.168.0.103:tao-auth-service:2104 with status DOWN (replication=false)
2019-03-19 02:54:59.271  INFO 11160 --- [Thread-15] c.n.eureka.DefaultEurekaServerContext    : Shutting down ...
2019-03-19 02:54:59.283  INFO 11160 --- [Thread-15] c.n.eureka.DefaultEurekaServerContext    : Shut down
2019-03-19 02:54:59.327  INFO 11160 --- [Thread-15] o.s.s.concurrent.ThreadPoolTaskExecutor  : Shutting down ExecutorService 'applicationTaskExecutor'
2019-03-19 02:55:01.087  INFO 11160 --- [Thread-15] com.netflix.discovery.DiscoveryClient    : Shutting down DiscoveryClient ...
2019-03-19 02:55:01.088  INFO 11160 --- [Thread-15] com.netflix.discovery.DiscoveryClient    : Completed shut down of DiscoveryClient
