2019-08-05 12:01:56.923  INFO 20024 --- [restartedMain] .e.DevToolsPropertyDefaultsPostProcessor : Devtools property defaults active! Set 'spring.devtools.add-properties' to 'false' to disable
2019-08-05 12:01:57.470  INFO 20024 --- [restartedMain] trationDelegate$BeanPostProcessorChecker : Bean 'org.springframework.cloud.autoconfigure.ConfigurationPropertiesRebinderAutoConfiguration' of type [org.springframework.cloud.autoconfigure.ConfigurationPropertiesRebinderAutoConfiguration$$EnhancerBySpringCGLIB$$108ea9cd] is not eligible for getting processed by all BeanPostProcessors (for example: not eligible for auto-proxying)
2019-08-05 12:01:58.976  INFO 20024 --- [restartedMain] c.y.e.EurekaServerApplication            : The following profiles are active: eureka-server1
2019-08-05 12:02:01.883  INFO 20024 --- [restartedMain] .s.d.r.c.RepositoryConfigurationDelegate : Multiple Spring Data modules found, entering strict repository configuration mode!
2019-08-05 12:02:01.889  INFO 20024 --- [restartedMain] .s.d.r.c.RepositoryConfigurationDelegate : Bootstrapping Spring Data repositories in DEFAULT mode.
2019-08-05 12:02:01.966  INFO 20024 --- [restartedMain] .s.d.r.c.RepositoryConfigurationDelegate : Finished Spring Data repository scanning in 33ms. Found 0 repository interfaces.
2019-08-05 12:02:03.354  INFO 20024 --- [restartedMain] o.s.cloud.context.scope.GenericScope     : BeanFactory id=9826e40e-7bae-3220-810b-bf0821c046bc
2019-08-05 12:02:04.063  INFO 20024 --- [restartedMain] trationDelegate$BeanPostProcessorChecker : Bean 'org.springframework.cloud.autoconfigure.ConfigurationPropertiesRebinderAutoConfiguration' of type [org.springframework.cloud.autoconfigure.ConfigurationPropertiesRebinderAutoConfiguration$$EnhancerBySpringCGLIB$$108ea9cd] is not eligible for getting processed by all BeanPostProcessors (for example: not eligible for auto-proxying)
2019-08-05 12:02:06.345  INFO 20024 --- [restartedMain] o.s.b.w.embedded.tomcat.TomcatWebServer  : Tomcat initialized with port(s): 8761 (http)
2019-08-05 12:02:06.386  INFO 20024 --- [restartedMain] o.a.coyote.http11.Http11NioProtocol      : Initializing ProtocolHandler ["http-nio-8761"]
2019-08-05 12:02:06.451  INFO 20024 --- [restartedMain] o.apache.catalina.core.StandardService   : Starting service [Tomcat]
2019-08-05 12:02:06.457  INFO 20024 --- [restartedMain] org.apache.catalina.core.StandardEngine  : Starting Servlet Engine: Apache Tomcat/9.0.13
2019-08-05 12:02:06.476  INFO 20024 --- [restartedMain] o.a.catalina.core.AprLifecycleListener   : The APR based Apache Tomcat Native library which allows optimal performance in production environments was not found on the java.library.path: [C:\Program Files\Java\jdk1.8.0_161\jre\bin;C:\WINDOWS\Sun\Java\bin;C:\WINDOWS\system32;C:\WINDOWS;C:\handsome\oracle11g\product\11.2.0\dbhome_1\bin;C:\handsome\oracle10g\product\10.2.0\db_1\BIN;C:\Hondsome\Oraclesoftware\product\12.2.0\dbhome_2\bin;C:\Hondsome\Oraclesoftware\product\12.2.0\dbhome_1\bin;C:\ProgramData\Oracle\Java\javapath;C:\WINDOWS\system32;C:\WINDOWS;C:\WINDOWS\System32\Wbem;C:\WINDOWS\System32\WindowsPowerShell\v1.0\;C:\Program Files\Java\jdk1.8.0_161\bin;C:\Program Files\Java\jdk1.8.0_161\jre\bin;C:\Hondsome\MySQL5.6;C:\Program Files\CodeTool\maven\apache-maven-3.5.2\bin;C:\Hondsome\Redis;C:\WINDOWS\System32\OpenSSH\;C:\Hondsome\TortoiseSVN\bin;C:\Hondsome\MySQL5.6\bin;C:\soft\Git\cmd;C:\soft\TortoiseGit\bin;C:\handsome\nodejs\;C:\handsome\MongoDB4.0\bin;C:\Ruby25-x64\bin;C:\Users\Administrator\AppData\Local\Microsoft\WindowsApps;C:\Users\Administrator\AppData\Roaming\npm;C:\handsome\Microsoft VS Code\bin;.]
2019-08-05 12:02:06.785  INFO 20024 --- [restartedMain] o.a.c.c.C.[Tomcat].[localhost].[/]       : Initializing Spring embedded WebApplicationContext
2019-08-05 12:02:06.789  INFO 20024 --- [restartedMain] o.s.web.context.ContextLoader            : Root WebApplicationContext: initialization completed in 7788 ms
2019-08-05 12:02:07.215  INFO 20024 --- [restartedMain] c.n.c.sources.URLConfigurationSource     : To enable URLs as dynamic configuration sources, define System property archaius.configurationSource.additionalUrls or make config.properties available on classpath.
2019-08-05 12:02:07.244  INFO 20024 --- [restartedMain] c.netflix.config.DynamicPropertyFactory  : DynamicPropertyFactory is initialized with configuration sources: com.netflix.config.ConcurrentCompositeConfiguration@1ea28707
2019-08-05 12:02:12.657  INFO 20024 --- [restartedMain] c.s.j.s.i.a.WebApplicationImpl           : Initiating Jersey application, version 'Jersey: 1.19.1 03/11/2016 02:08 PM'
2019-08-05 12:02:20.403  INFO 18528 --- [restartedMain] .e.DevToolsPropertyDefaultsPostProcessor : Devtools property defaults active! Set 'spring.devtools.add-properties' to 'false' to disable
2019-08-05 12:02:20.888  INFO 18528 --- [restartedMain] trationDelegate$BeanPostProcessorChecker : Bean 'org.springframework.cloud.autoconfigure.ConfigurationPropertiesRebinderAutoConfiguration' of type [org.springframework.cloud.autoconfigure.ConfigurationPropertiesRebinderAutoConfiguration$$EnhancerBySpringCGLIB$$d350439e] is not eligible for getting processed by all BeanPostProcessors (for example: not eligible for auto-proxying)
2019-08-05 12:02:21.937  INFO 18528 --- [restartedMain] c.y.e.EurekaServerApplication            : The following profiles are active: eureka-server1
2019-08-05 12:02:24.034  INFO 18528 --- [restartedMain] .s.d.r.c.RepositoryConfigurationDelegate : Multiple Spring Data modules found, entering strict repository configuration mode!
2019-08-05 12:02:24.042  INFO 18528 --- [restartedMain] .s.d.r.c.RepositoryConfigurationDelegate : Bootstrapping Spring Data repositories in DEFAULT mode.
2019-08-05 12:02:24.083  INFO 18528 --- [restartedMain] .s.d.r.c.RepositoryConfigurationDelegate : Finished Spring Data repository scanning in 18ms. Found 0 repository interfaces.
2019-08-05 12:02:25.637  INFO 18528 --- [restartedMain] o.s.cloud.context.scope.GenericScope     : BeanFactory id=9826e40e-7bae-3220-810b-bf0821c046bc
2019-08-05 12:02:37.903  INFO 21064 --- [restartedMain] .e.DevToolsPropertyDefaultsPostProcessor : Devtools property defaults active! Set 'spring.devtools.add-properties' to 'false' to disable
2019-08-05 12:02:38.607  INFO 21064 --- [restartedMain] trationDelegate$BeanPostProcessorChecker : Bean 'org.springframework.cloud.autoconfigure.ConfigurationPropertiesRebinderAutoConfiguration' of type [org.springframework.cloud.autoconfigure.ConfigurationPropertiesRebinderAutoConfiguration$$EnhancerBySpringCGLIB$$e52a33ea] is not eligible for getting processed by all BeanPostProcessors (for example: not eligible for auto-proxying)
2019-08-05 12:02:39.762  INFO 21064 --- [restartedMain] c.y.e.EurekaServerApplication            : The following profiles are active: eureka-server1
2019-08-05 12:02:43.262  INFO 21064 --- [restartedMain] .s.d.r.c.RepositoryConfigurationDelegate : Multiple Spring Data modules found, entering strict repository configuration mode!
2019-08-05 12:02:43.268  INFO 21064 --- [restartedMain] .s.d.r.c.RepositoryConfigurationDelegate : Bootstrapping Spring Data repositories in DEFAULT mode.
2019-08-05 12:02:43.329  INFO 21064 --- [restartedMain] .s.d.r.c.RepositoryConfigurationDelegate : Finished Spring Data repository scanning in 29ms. Found 0 repository interfaces.
2019-08-05 12:02:45.477  INFO 21064 --- [restartedMain] o.s.cloud.context.scope.GenericScope     : BeanFactory id=9826e40e-7bae-3220-810b-bf0821c046bc
2019-08-05 12:02:46.906  INFO 21064 --- [restartedMain] trationDelegate$BeanPostProcessorChecker : Bean 'org.springframework.cloud.autoconfigure.ConfigurationPropertiesRebinderAutoConfiguration' of type [org.springframework.cloud.autoconfigure.ConfigurationPropertiesRebinderAutoConfiguration$$EnhancerBySpringCGLIB$$e52a33ea] is not eligible for getting processed by all BeanPostProcessors (for example: not eligible for auto-proxying)
2019-08-05 12:02:50.384  INFO 21064 --- [restartedMain] o.s.b.w.embedded.tomcat.TomcatWebServer  : Tomcat initialized with port(s): 8761 (http)
2019-08-05 12:02:50.420  INFO 21064 --- [restartedMain] o.a.coyote.http11.Http11NioProtocol      : Initializing ProtocolHandler ["http-nio-8761"]
2019-08-05 12:02:50.445  INFO 21064 --- [restartedMain] o.apache.catalina.core.StandardService   : Starting service [Tomcat]
2019-08-05 12:02:50.447  INFO 21064 --- [restartedMain] org.apache.catalina.core.StandardEngine  : Starting Servlet Engine: Apache Tomcat/9.0.13
2019-08-05 12:02:50.471  INFO 21064 --- [restartedMain] o.a.catalina.core.AprLifecycleListener   : The APR based Apache Tomcat Native library which allows optimal performance in production environments was not found on the java.library.path: [C:\Program Files\Java\jdk1.8.0_161\jre\bin;C:\WINDOWS\Sun\Java\bin;C:\WINDOWS\system32;C:\WINDOWS;C:\handsome\oracle11g\product\11.2.0\dbhome_1\bin;C:\handsome\oracle10g\product\10.2.0\db_1\BIN;C:\Hondsome\Oraclesoftware\product\12.2.0\dbhome_2\bin;C:\Hondsome\Oraclesoftware\product\12.2.0\dbhome_1\bin;C:\ProgramData\Oracle\Java\javapath;C:\WINDOWS\system32;C:\WINDOWS;C:\WINDOWS\System32\Wbem;C:\WINDOWS\System32\WindowsPowerShell\v1.0\;C:\Program Files\Java\jdk1.8.0_161\bin;C:\Program Files\Java\jdk1.8.0_161\jre\bin;C:\Hondsome\MySQL5.6;C:\Program Files\CodeTool\maven\apache-maven-3.5.2\bin;C:\Hondsome\Redis;C:\WINDOWS\System32\OpenSSH\;C:\Hondsome\TortoiseSVN\bin;C:\Hondsome\MySQL5.6\bin;C:\soft\Git\cmd;C:\soft\TortoiseGit\bin;C:\handsome\nodejs\;C:\handsome\MongoDB4.0\bin;C:\Ruby25-x64\bin;C:\Users\Administrator\AppData\Local\Microsoft\WindowsApps;C:\Users\Administrator\AppData\Roaming\npm;C:\handsome\Microsoft VS Code\bin;.]
2019-08-05 12:02:51.297  INFO 21064 --- [restartedMain] o.a.c.c.C.[Tomcat].[localhost].[/]       : Initializing Spring embedded WebApplicationContext
2019-08-05 12:02:51.298  INFO 21064 --- [restartedMain] o.s.web.context.ContextLoader            : Root WebApplicationContext: initialization completed in 11505 ms
2019-08-05 12:02:51.987  INFO 21064 --- [restartedMain] c.n.c.sources.URLConfigurationSource     : To enable URLs as dynamic configuration sources, define System property archaius.configurationSource.additionalUrls or make config.properties available on classpath.
2019-08-05 12:02:52.033  INFO 21064 --- [restartedMain] c.netflix.config.DynamicPropertyFactory  : DynamicPropertyFactory is initialized with configuration sources: com.netflix.config.ConcurrentCompositeConfiguration@5b44adb6
2019-08-05 12:03:02.466  INFO 21064 --- [restartedMain] c.s.j.s.i.a.WebApplicationImpl           : Initiating Jersey application, version 'Jersey: 1.19.1 03/11/2016 02:08 PM'
2019-08-05 12:03:02.667  INFO 21064 --- [restartedMain] c.n.d.provider.DiscoveryJerseyProvider   : Using JSON encoding codec LegacyJacksonJson
2019-08-05 12:03:02.667  INFO 21064 --- [restartedMain] c.n.d.provider.DiscoveryJerseyProvider   : Using JSON decoding codec LegacyJacksonJson
2019-08-05 12:03:03.061  INFO 21064 --- [restartedMain] c.n.d.provider.DiscoveryJerseyProvider   : Using XML encoding codec XStreamXml
2019-08-05 12:03:03.063  INFO 21064 --- [restartedMain] c.n.d.provider.DiscoveryJerseyProvider   : Using XML decoding codec XStreamXml
2019-08-05 12:03:08.904  INFO 21064 --- [restartedMain] o.s.s.web.DefaultSecurityFilterChain     : Creating filter chain: any request, [org.springframework.security.web.context.request.async.WebAsyncManagerIntegrationFilter@e07bd5f, org.springframework.security.web.context.SecurityContextPersistenceFilter@1455db0e, org.springframework.security.web.header.HeaderWriterFilter@7bf7043a, org.springframework.security.web.authentication.logout.LogoutFilter@3de7f9ce, org.springframework.security.web.savedrequest.RequestCacheAwareFilter@68a1659f, org.springframework.security.web.servletapi.SecurityContextHolderAwareRequestFilter@637c5b54, org.springframework.security.web.authentication.AnonymousAuthenticationFilter@364078c1, org.springframework.security.web.session.SessionManagementFilter@637e80a1, org.springframework.security.web.access.ExceptionTranslationFilter@5ee698d]
2019-08-05 12:03:08.991  INFO 21064 --- [restartedMain] c.n.c.sources.URLConfigurationSource     : To enable URLs as dynamic configuration sources, define System property archaius.configurationSource.additionalUrls or make config.properties available on classpath.
2019-08-05 12:03:11.810  INFO 21064 --- [restartedMain] o.s.s.concurrent.ThreadPoolTaskExecutor  : Initializing ExecutorService 'applicationTaskExecutor'
2019-08-05 12:03:14.631  INFO 21064 --- [restartedMain] io.lettuce.core.EpollProvider            : Starting without optional epoll library
2019-08-05 12:03:14.635  INFO 21064 --- [restartedMain] io.lettuce.core.KqueueProvider           : Starting without optional kqueue library
2019-08-05 12:03:17.219  INFO 21064 --- [restartedMain] o.s.b.a.e.web.EndpointLinksResolver      : Exposing 2 endpoint(s) beneath base path '/actuator'
2019-08-05 12:03:19.307  INFO 21064 --- [restartedMain] o.s.c.n.eureka.InstanceInfoFactory       : Setting initial instance status as: STARTING
2019-08-05 12:03:19.484  INFO 21064 --- [restartedMain] com.netflix.discovery.DiscoveryClient    : Initializing Eureka in region us-east-1
2019-08-05 12:03:19.485  INFO 21064 --- [restartedMain] com.netflix.discovery.DiscoveryClient    : Client configured to neither register nor query for data.
2019-08-05 12:03:19.523  INFO 21064 --- [restartedMain] com.netflix.discovery.DiscoveryClient    : Discovery Client initialized at timestamp 1564977799519 with initial instances count: 0
2019-08-05 12:03:19.695  INFO 21064 --- [restartedMain] c.n.eureka.DefaultEurekaServerContext    : Initializing ...
2019-08-05 12:03:19.701  INFO 21064 --- [restartedMain] c.n.eureka.cluster.PeerEurekaNodes       : Adding new peer nodes [http://root:235610@127.0.0.1:8761/eureka/]
2019-08-05 12:03:20.491  INFO 21064 --- [restartedMain] c.n.d.provider.DiscoveryJerseyProvider   : Using JSON encoding codec LegacyJacksonJson
2019-08-05 12:03:20.493  INFO 21064 --- [restartedMain] c.n.d.provider.DiscoveryJerseyProvider   : Using JSON decoding codec LegacyJacksonJson
2019-08-05 12:03:20.494  INFO 21064 --- [restartedMain] c.n.d.provider.DiscoveryJerseyProvider   : Using XML encoding codec XStreamXml
2019-08-05 12:03:20.495  INFO 21064 --- [restartedMain] c.n.d.provider.DiscoveryJerseyProvider   : Using XML decoding codec XStreamXml
2019-08-05 12:03:20.888  INFO 21064 --- [restartedMain] c.n.eureka.cluster.PeerEurekaNodes       : Replica node URL:  http://root:235610@127.0.0.1:8761/eureka/
2019-08-05 12:03:20.909  INFO 21064 --- [restartedMain] c.n.e.registry.AbstractInstanceRegistry  : Finished initializing remote region registries. All known remote regions: []
2019-08-05 12:03:20.913  INFO 21064 --- [restartedMain] c.n.eureka.DefaultEurekaServerContext    : Initialized
2019-08-05 12:03:21.525  INFO 21064 --- [restartedMain] o.s.c.n.e.s.EurekaServiceRegistry        : Registering application EUREKA-SERVER with eureka with status UP
2019-08-05 12:03:21.644  INFO 21064 --- [Thread-21] o.s.c.n.e.server.EurekaServerBootstrap   : Setting the eureka configuration..
2019-08-05 12:03:21.650  INFO 21064 --- [Thread-21] o.s.c.n.e.server.EurekaServerBootstrap   : Eureka data center value eureka.datacenter is not set, defaulting to default
2019-08-05 12:03:21.653  INFO 21064 --- [Thread-21] o.s.c.n.e.server.EurekaServerBootstrap   : Eureka environment value eureka.environment is not set, defaulting to test
2019-08-05 12:03:21.693  INFO 21064 --- [Thread-21] o.s.c.n.e.server.EurekaServerBootstrap   : isAws returned false
2019-08-05 12:03:21.696  INFO 21064 --- [Thread-21] o.s.c.n.e.server.EurekaServerBootstrap   : Initialized server context
2019-08-05 12:03:21.699  INFO 21064 --- [Thread-21] c.n.e.r.PeerAwareInstanceRegistryImpl    : Got 1 instances from neighboring DS node
2019-08-05 12:03:21.702  INFO 21064 --- [Thread-21] c.n.e.r.PeerAwareInstanceRegistryImpl    : Renew threshold is: 1
2019-08-05 12:03:21.704  INFO 21064 --- [Thread-21] c.n.e.r.PeerAwareInstanceRegistryImpl    : Changing status to UP
2019-08-05 12:03:21.759  INFO 21064 --- [Thread-21] e.s.EurekaServerInitializerConfiguration : Started Eureka Server
2019-08-05 12:03:22.319  INFO 21064 --- [restartedMain] s.a.ScheduledAnnotationBeanPostProcessor : No TaskScheduler/ScheduledExecutorService bean found for scheduled processing
2019-08-05 12:03:22.340  INFO 21064 --- [restartedMain] o.a.coyote.http11.Http11NioProtocol      : Starting ProtocolHandler ["http-nio-8761"]
2019-08-05 12:03:22.345  INFO 21064 --- [restartedMain] o.a.tomcat.util.net.NioSelectorPool      : Using a shared selector for servlet write/read
2019-08-05 12:03:22.457  INFO 21064 --- [restartedMain] o.s.b.w.embedded.tomcat.TomcatWebServer  : Tomcat started on port(s): 8761 (http) with context path ''
2019-08-05 12:03:22.460  INFO 21064 --- [restartedMain] .s.c.n.e.s.EurekaAutoServiceRegistration : Updating port to 8761
2019-08-05 12:03:22.465  INFO 21064 --- [restartedMain] c.y.e.EurekaServerApplication            : Started EurekaServerApplication in 47.034 seconds (JVM running for 48.428)
2019-08-05 12:03:23.257  INFO 21064 --- [http-nio-8761-exec-2] o.a.c.c.C.[Tomcat].[localhost].[/]       : Initializing Spring DispatcherServlet 'dispatcherServlet'
2019-08-05 12:03:23.259  INFO 21064 --- [http-nio-8761-exec-2] o.s.web.servlet.DispatcherServlet        : Initializing Servlet 'dispatcherServlet'
2019-08-05 12:03:23.287  INFO 21064 --- [http-nio-8761-exec-2] o.s.web.servlet.DispatcherServlet        : Completed initialization in 28 ms
2019-08-05 12:03:23.938  INFO 21064 --- [http-nio-8761-exec-1] c.n.e.registry.AbstractInstanceRegistry  : Registered instance TAO_FEIGN/V9AVS9NHI49S52E:tao_feign:89 with status UP (replication=false)
2019-08-05 12:03:24.622  INFO 21064 --- [http-nio-8761-exec-3] c.n.e.registry.AbstractInstanceRegistry  : Registered instance TAO_FEIGN/V9AVS9NHI49S52E:tao_feign:89 with status UP (replication=true)
2019-08-05 12:04:21.716  INFO 21064 --- [Eureka-EvictionTimer] c.n.e.registry.AbstractInstanceRegistry  : Running the evict task with compensationTime 0ms
2019-08-05 12:05:21.716  INFO 21064 --- [Eureka-EvictionTimer] c.n.e.registry.AbstractInstanceRegistry  : Running the evict task with compensationTime 0ms
2019-08-05 12:06:21.717  INFO 21064 --- [Eureka-EvictionTimer] c.n.e.registry.AbstractInstanceRegistry  : Running the evict task with compensationTime 0ms
2019-08-05 12:07:21.717  INFO 21064 --- [Eureka-EvictionTimer] c.n.e.registry.AbstractInstanceRegistry  : Running the evict task with compensationTime 0ms
2019-08-05 12:08:21.718  INFO 21064 --- [Eureka-EvictionTimer] c.n.e.registry.AbstractInstanceRegistry  : Running the evict task with compensationTime 0ms
2019-08-05 12:09:21.719  INFO 21064 --- [Eureka-EvictionTimer] c.n.e.registry.AbstractInstanceRegistry  : Running the evict task with compensationTime 0ms
2019-08-05 12:10:21.719  INFO 21064 --- [Eureka-EvictionTimer] c.n.e.registry.AbstractInstanceRegistry  : Running the evict task with compensationTime 0ms
2019-08-05 12:11:21.720  INFO 21064 --- [Eureka-EvictionTimer] c.n.e.registry.AbstractInstanceRegistry  : Running the evict task with compensationTime 0ms
2019-08-05 12:12:21.736  INFO 21064 --- [Eureka-EvictionTimer] c.n.e.registry.AbstractInstanceRegistry  : Running the evict task with compensationTime 16ms
2019-08-05 12:13:21.737  INFO 21064 --- [Eureka-EvictionTimer] c.n.e.registry.AbstractInstanceRegistry  : Running the evict task with compensationTime 0ms
2019-08-05 12:14:21.737  INFO 21064 --- [Eureka-EvictionTimer] c.n.e.registry.AbstractInstanceRegistry  : Running the evict task with compensationTime 0ms
2019-08-05 12:15:21.738  INFO 21064 --- [Eureka-EvictionTimer] c.n.e.registry.AbstractInstanceRegistry  : Running the evict task with compensationTime 0ms
2019-08-05 12:16:21.738  INFO 21064 --- [Eureka-EvictionTimer] c.n.e.registry.AbstractInstanceRegistry  : Running the evict task with compensationTime 0ms
2019-08-05 12:17:21.739  INFO 21064 --- [Eureka-EvictionTimer] c.n.e.registry.AbstractInstanceRegistry  : Running the evict task with compensationTime 1ms
2019-08-05 12:18:20.910  INFO 21064 --- [ReplicaAwareInstanceRegistry - RenewalThresholdUpdater] c.n.e.r.PeerAwareInstanceRegistryImpl    : Current renewal threshold is : 3
2019-08-05 12:18:21.740  INFO 21064 --- [Eureka-EvictionTimer] c.n.e.registry.AbstractInstanceRegistry  : Running the evict task with compensationTime 0ms
2019-08-05 12:19:21.741  INFO 21064 --- [Eureka-EvictionTimer] c.n.e.registry.AbstractInstanceRegistry  : Running the evict task with compensationTime 0ms
2019-08-05 12:20:21.741  INFO 21064 --- [Eureka-EvictionTimer] c.n.e.registry.AbstractInstanceRegistry  : Running the evict task with compensationTime 0ms
2019-08-05 12:21:21.742  INFO 21064 --- [Eureka-EvictionTimer] c.n.e.registry.AbstractInstanceRegistry  : Running the evict task with compensationTime 0ms
2019-08-05 12:22:21.743  INFO 21064 --- [Eureka-EvictionTimer] c.n.e.registry.AbstractInstanceRegistry  : Running the evict task with compensationTime 0ms
2019-08-05 12:23:21.744  INFO 21064 --- [Eureka-EvictionTimer] c.n.e.registry.AbstractInstanceRegistry  : Running the evict task with compensationTime 0ms
2019-08-05 12:24:21.744  INFO 21064 --- [Eureka-EvictionTimer] c.n.e.registry.AbstractInstanceRegistry  : Running the evict task with compensationTime 0ms
2019-08-05 12:25:21.744  INFO 21064 --- [Eureka-EvictionTimer] c.n.e.registry.AbstractInstanceRegistry  : Running the evict task with compensationTime 0ms
2019-08-05 12:26:21.745  INFO 21064 --- [Eureka-EvictionTimer] c.n.e.registry.AbstractInstanceRegistry  : Running the evict task with compensationTime 0ms
2019-08-05 12:27:21.746  INFO 21064 --- [Eureka-EvictionTimer] c.n.e.registry.AbstractInstanceRegistry  : Running the evict task with compensationTime 0ms
2019-08-05 12:28:21.746  INFO 21064 --- [Eureka-EvictionTimer] c.n.e.registry.AbstractInstanceRegistry  : Running the evict task with compensationTime 0ms
2019-08-05 12:29:21.746  INFO 21064 --- [Eureka-EvictionTimer] c.n.e.registry.AbstractInstanceRegistry  : Running the evict task with compensationTime 0ms
2019-08-05 12:30:21.747  INFO 21064 --- [Eureka-EvictionTimer] c.n.e.registry.AbstractInstanceRegistry  : Running the evict task with compensationTime 0ms
2019-08-05 12:31:21.747  INFO 21064 --- [Eureka-EvictionTimer] c.n.e.registry.AbstractInstanceRegistry  : Running the evict task with compensationTime 0ms
2019-08-05 12:32:21.747  INFO 21064 --- [Eureka-EvictionTimer] c.n.e.registry.AbstractInstanceRegistry  : Running the evict task with compensationTime 0ms
2019-08-05 12:33:20.910  INFO 21064 --- [ReplicaAwareInstanceRegistry - RenewalThresholdUpdater] c.n.e.r.PeerAwareInstanceRegistryImpl    : Current renewal threshold is : 3
2019-08-05 12:33:21.748  INFO 21064 --- [Eureka-EvictionTimer] c.n.e.registry.AbstractInstanceRegistry  : Running the evict task with compensationTime 0ms
2019-08-05 12:34:21.748  INFO 21064 --- [Eureka-EvictionTimer] c.n.e.registry.AbstractInstanceRegistry  : Running the evict task with compensationTime 0ms
2019-08-05 12:35:21.749  INFO 21064 --- [Eureka-EvictionTimer] c.n.e.registry.AbstractInstanceRegistry  : Running the evict task with compensationTime 0ms
2019-08-05 12:36:21.750  INFO 21064 --- [Eureka-EvictionTimer] c.n.e.registry.AbstractInstanceRegistry  : Running the evict task with compensationTime 0ms
2019-08-05 12:37:21.750  INFO 21064 --- [Eureka-EvictionTimer] c.n.e.registry.AbstractInstanceRegistry  : Running the evict task with compensationTime 0ms
2019-08-05 12:38:21.751  INFO 21064 --- [Eureka-EvictionTimer] c.n.e.registry.AbstractInstanceRegistry  : Running the evict task with compensationTime 0ms
2019-08-05 12:39:21.751  INFO 21064 --- [Eureka-EvictionTimer] c.n.e.registry.AbstractInstanceRegistry  : Running the evict task with compensationTime 0ms
2019-08-05 12:40:21.752  INFO 21064 --- [Eureka-EvictionTimer] c.n.e.registry.AbstractInstanceRegistry  : Running the evict task with compensationTime 0ms
2019-08-05 12:41:21.752  INFO 21064 --- [Eureka-EvictionTimer] c.n.e.registry.AbstractInstanceRegistry  : Running the evict task with compensationTime 0ms
2019-08-05 12:42:21.753  INFO 21064 --- [Eureka-EvictionTimer] c.n.e.registry.AbstractInstanceRegistry  : Running the evict task with compensationTime 0ms
2019-08-05 12:43:21.753  INFO 21064 --- [Eureka-EvictionTimer] c.n.e.registry.AbstractInstanceRegistry  : Running the evict task with compensationTime 0ms
2019-08-05 12:44:21.754  INFO 21064 --- [Eureka-EvictionTimer] c.n.e.registry.AbstractInstanceRegistry  : Running the evict task with compensationTime 0ms
2019-08-05 12:45:21.754  INFO 21064 --- [Eureka-EvictionTimer] c.n.e.registry.AbstractInstanceRegistry  : Running the evict task with compensationTime 0ms
2019-08-05 12:46:21.755  INFO 21064 --- [Eureka-EvictionTimer] c.n.e.registry.AbstractInstanceRegistry  : Running the evict task with compensationTime 0ms
2019-08-05 12:47:21.755  INFO 21064 --- [Eureka-EvictionTimer] c.n.e.registry.AbstractInstanceRegistry  : Running the evict task with compensationTime 0ms
2019-08-05 12:48:20.911  INFO 21064 --- [ReplicaAwareInstanceRegistry - RenewalThresholdUpdater] c.n.e.r.PeerAwareInstanceRegistryImpl    : Current renewal threshold is : 3
2019-08-05 12:48:21.756  INFO 21064 --- [Eureka-EvictionTimer] c.n.e.registry.AbstractInstanceRegistry  : Running the evict task with compensationTime 0ms
2019-08-05 12:49:21.757  INFO 21064 --- [Eureka-EvictionTimer] c.n.e.registry.AbstractInstanceRegistry  : Running the evict task with compensationTime 0ms
2019-08-05 12:50:21.757  INFO 21064 --- [Eureka-EvictionTimer] c.n.e.registry.AbstractInstanceRegistry  : Running the evict task with compensationTime 0ms
2019-08-05 12:51:21.758  INFO 21064 --- [Eureka-EvictionTimer] c.n.e.registry.AbstractInstanceRegistry  : Running the evict task with compensationTime 0ms
2019-08-05 12:52:21.758  INFO 21064 --- [Eureka-EvictionTimer] c.n.e.registry.AbstractInstanceRegistry  : Running the evict task with compensationTime 0ms
2019-08-05 12:53:21.758  INFO 21064 --- [Eureka-EvictionTimer] c.n.e.registry.AbstractInstanceRegistry  : Running the evict task with compensationTime 0ms
2019-08-05 12:54:21.759  INFO 21064 --- [Eureka-EvictionTimer] c.n.e.registry.AbstractInstanceRegistry  : Running the evict task with compensationTime 0ms
2019-08-05 12:55:21.759  INFO 21064 --- [Eureka-EvictionTimer] c.n.e.registry.AbstractInstanceRegistry  : Running the evict task with compensationTime 0ms
2019-08-05 12:56:21.760  INFO 21064 --- [Eureka-EvictionTimer] c.n.e.registry.AbstractInstanceRegistry  : Running the evict task with compensationTime 0ms
2019-08-05 12:57:21.761  INFO 21064 --- [Eureka-EvictionTimer] c.n.e.registry.AbstractInstanceRegistry  : Running the evict task with compensationTime 0ms
2019-08-05 12:58:21.761  INFO 21064 --- [Eureka-EvictionTimer] c.n.e.registry.AbstractInstanceRegistry  : Running the evict task with compensationTime 0ms
2019-08-05 12:59:21.762  INFO 21064 --- [Eureka-EvictionTimer] c.n.e.registry.AbstractInstanceRegistry  : Running the evict task with compensationTime 0ms
2019-08-05 13:00:21.762  INFO 21064 --- [Eureka-EvictionTimer] c.n.e.registry.AbstractInstanceRegistry  : Running the evict task with compensationTime 0ms
2019-08-05 13:01:21.763  INFO 21064 --- [Eureka-EvictionTimer] c.n.e.registry.AbstractInstanceRegistry  : Running the evict task with compensationTime 0ms
2019-08-05 13:02:21.763  INFO 21064 --- [Eureka-EvictionTimer] c.n.e.registry.AbstractInstanceRegistry  : Running the evict task with compensationTime 0ms
2019-08-05 13:03:20.911  INFO 21064 --- [ReplicaAwareInstanceRegistry - RenewalThresholdUpdater] c.n.e.r.PeerAwareInstanceRegistryImpl    : Current renewal threshold is : 3
2019-08-05 13:03:21.764  INFO 21064 --- [Eureka-EvictionTimer] c.n.e.registry.AbstractInstanceRegistry  : Running the evict task with compensationTime 0ms
2019-08-05 13:04:21.764  INFO 21064 --- [Eureka-EvictionTimer] c.n.e.registry.AbstractInstanceRegistry  : Running the evict task with compensationTime 0ms
2019-08-05 13:05:21.765  INFO 21064 --- [Eureka-EvictionTimer] c.n.e.registry.AbstractInstanceRegistry  : Running the evict task with compensationTime 0ms
2019-08-05 13:06:21.765  INFO 21064 --- [Eureka-EvictionTimer] c.n.e.registry.AbstractInstanceRegistry  : Running the evict task with compensationTime 0ms
2019-08-05 13:07:21.766  INFO 21064 --- [Eureka-EvictionTimer] c.n.e.registry.AbstractInstanceRegistry  : Running the evict task with compensationTime 0ms
2019-08-05 13:08:21.767  INFO 21064 --- [Eureka-EvictionTimer] c.n.e.registry.AbstractInstanceRegistry  : Running the evict task with compensationTime 0ms
2019-08-05 13:09:21.767  INFO 21064 --- [Eureka-EvictionTimer] c.n.e.registry.AbstractInstanceRegistry  : Running the evict task with compensationTime 0ms
2019-08-05 13:10:21.768  INFO 21064 --- [Eureka-EvictionTimer] c.n.e.registry.AbstractInstanceRegistry  : Running the evict task with compensationTime 0ms
2019-08-05 13:11:21.768  INFO 21064 --- [Eureka-EvictionTimer] c.n.e.registry.AbstractInstanceRegistry  : Running the evict task with compensationTime 0ms
2019-08-05 13:12:21.769  INFO 21064 --- [Eureka-EvictionTimer] c.n.e.registry.AbstractInstanceRegistry  : Running the evict task with compensationTime 0ms
2019-08-05 13:13:21.769  INFO 21064 --- [Eureka-EvictionTimer] c.n.e.registry.AbstractInstanceRegistry  : Running the evict task with compensationTime 0ms
2019-08-05 13:14:21.770  INFO 21064 --- [Eureka-EvictionTimer] c.n.e.registry.AbstractInstanceRegistry  : Running the evict task with compensationTime 0ms
2019-08-05 13:15:21.770  INFO 21064 --- [Eureka-EvictionTimer] c.n.e.registry.AbstractInstanceRegistry  : Running the evict task with compensationTime 0ms
2019-08-05 13:16:21.771  INFO 21064 --- [Eureka-EvictionTimer] c.n.e.registry.AbstractInstanceRegistry  : Running the evict task with compensationTime 0ms
2019-08-05 13:17:21.771  INFO 21064 --- [Eureka-EvictionTimer] c.n.e.registry.AbstractInstanceRegistry  : Running the evict task with compensationTime 0ms
2019-08-05 13:18:20.911  INFO 21064 --- [ReplicaAwareInstanceRegistry - RenewalThresholdUpdater] c.n.e.r.PeerAwareInstanceRegistryImpl    : Current renewal threshold is : 3
2019-08-05 13:18:21.772  INFO 21064 --- [Eureka-EvictionTimer] c.n.e.registry.AbstractInstanceRegistry  : Running the evict task with compensationTime 0ms
2019-08-05 13:19:21.773  INFO 21064 --- [Eureka-EvictionTimer] c.n.e.registry.AbstractInstanceRegistry  : Running the evict task with compensationTime 0ms
2019-08-05 13:20:21.773  INFO 21064 --- [Eureka-EvictionTimer] c.n.e.registry.AbstractInstanceRegistry  : Running the evict task with compensationTime 0ms
2019-08-05 13:21:21.774  INFO 21064 --- [Eureka-EvictionTimer] c.n.e.registry.AbstractInstanceRegistry  : Running the evict task with compensationTime 0ms
2019-08-05 13:22:21.774  INFO 21064 --- [Eureka-EvictionTimer] c.n.e.registry.AbstractInstanceRegistry  : Running the evict task with compensationTime 0ms
2019-08-05 13:23:21.775  INFO 21064 --- [Eureka-EvictionTimer] c.n.e.registry.AbstractInstanceRegistry  : Running the evict task with compensationTime 0ms
2019-08-05 13:24:21.775  INFO 21064 --- [Eureka-EvictionTimer] c.n.e.registry.AbstractInstanceRegistry  : Running the evict task with compensationTime 0ms
2019-08-05 13:25:21.776  INFO 21064 --- [Eureka-EvictionTimer] c.n.e.registry.AbstractInstanceRegistry  : Running the evict task with compensationTime 0ms
2019-08-05 13:26:21.776  INFO 21064 --- [Eureka-EvictionTimer] c.n.e.registry.AbstractInstanceRegistry  : Running the evict task with compensationTime 0ms
2019-08-05 13:27:21.777  INFO 21064 --- [Eureka-EvictionTimer] c.n.e.registry.AbstractInstanceRegistry  : Running the evict task with compensationTime 0ms
2019-08-05 13:28:21.777  INFO 21064 --- [Eureka-EvictionTimer] c.n.e.registry.AbstractInstanceRegistry  : Running the evict task with compensationTime 0ms
2019-08-05 13:29:21.778  INFO 21064 --- [Eureka-EvictionTimer] c.n.e.registry.AbstractInstanceRegistry  : Running the evict task with compensationTime 0ms
2019-08-05 13:30:21.778  INFO 21064 --- [Eureka-EvictionTimer] c.n.e.registry.AbstractInstanceRegistry  : Running the evict task with compensationTime 0ms
2019-08-05 13:31:21.779  INFO 21064 --- [Eureka-EvictionTimer] c.n.e.registry.AbstractInstanceRegistry  : Running the evict task with compensationTime 0ms
2019-08-05 13:32:21.782  INFO 21064 --- [Eureka-EvictionTimer] c.n.e.registry.AbstractInstanceRegistry  : Running the evict task with compensationTime 2ms
2019-08-05 13:33:20.912  INFO 21064 --- [ReplicaAwareInstanceRegistry - RenewalThresholdUpdater] c.n.e.r.PeerAwareInstanceRegistryImpl    : Current renewal threshold is : 3
2019-08-05 13:33:21.782  INFO 21064 --- [Eureka-EvictionTimer] c.n.e.registry.AbstractInstanceRegistry  : Running the evict task with compensationTime 0ms
2019-08-05 13:34:21.783  INFO 21064 --- [Eureka-EvictionTimer] c.n.e.registry.AbstractInstanceRegistry  : Running the evict task with compensationTime 0ms
2019-08-05 13:35:21.783  INFO 21064 --- [Eureka-EvictionTimer] c.n.e.registry.AbstractInstanceRegistry  : Running the evict task with compensationTime 0ms
2019-08-05 13:36:21.784  INFO 21064 --- [Eureka-EvictionTimer] c.n.e.registry.AbstractInstanceRegistry  : Running the evict task with compensationTime 0ms
2019-08-05 13:37:21.784  INFO 21064 --- [Eureka-EvictionTimer] c.n.e.registry.AbstractInstanceRegistry  : Running the evict task with compensationTime 0ms
2019-08-05 13:38:21.785  INFO 21064 --- [Eureka-EvictionTimer] c.n.e.registry.AbstractInstanceRegistry  : Running the evict task with compensationTime 0ms
2019-08-05 13:39:21.785  INFO 21064 --- [Eureka-EvictionTimer] c.n.e.registry.AbstractInstanceRegistry  : Running the evict task with compensationTime 0ms
2019-08-05 13:40:21.786  INFO 21064 --- [Eureka-EvictionTimer] c.n.e.registry.AbstractInstanceRegistry  : Running the evict task with compensationTime 0ms
2019-08-05 13:41:21.786  INFO 21064 --- [Eureka-EvictionTimer] c.n.e.registry.AbstractInstanceRegistry  : Running the evict task with compensationTime 0ms
2019-08-05 13:42:21.787  INFO 21064 --- [Eureka-EvictionTimer] c.n.e.registry.AbstractInstanceRegistry  : Running the evict task with compensationTime 0ms
2019-08-05 13:43:21.787  INFO 21064 --- [Eureka-EvictionTimer] c.n.e.registry.AbstractInstanceRegistry  : Running the evict task with compensationTime 0ms
2019-08-05 13:44:21.788  INFO 21064 --- [Eureka-EvictionTimer] c.n.e.registry.AbstractInstanceRegistry  : Running the evict task with compensationTime 0ms
2019-08-05 13:45:21.788  INFO 21064 --- [Eureka-EvictionTimer] c.n.e.registry.AbstractInstanceRegistry  : Running the evict task with compensationTime 0ms
2019-08-05 13:46:21.789  INFO 21064 --- [Eureka-EvictionTimer] c.n.e.registry.AbstractInstanceRegistry  : Running the evict task with compensationTime 0ms
2019-08-05 13:47:21.789  INFO 21064 --- [Eureka-EvictionTimer] c.n.e.registry.AbstractInstanceRegistry  : Running the evict task with compensationTime 0ms
2019-08-05 13:48:20.912  INFO 21064 --- [ReplicaAwareInstanceRegistry - RenewalThresholdUpdater] c.n.e.r.PeerAwareInstanceRegistryImpl    : Current renewal threshold is : 3
2019-08-05 13:48:21.790  INFO 21064 --- [Eureka-EvictionTimer] c.n.e.registry.AbstractInstanceRegistry  : Running the evict task with compensationTime 0ms
2019-08-05 13:49:21.790  INFO 21064 --- [Eureka-EvictionTimer] c.n.e.registry.AbstractInstanceRegistry  : Running the evict task with compensationTime 0ms
2019-08-05 13:50:21.791  INFO 21064 --- [Eureka-EvictionTimer] c.n.e.registry.AbstractInstanceRegistry  : Running the evict task with compensationTime 0ms
2019-08-05 13:51:21.792  INFO 21064 --- [Eureka-EvictionTimer] c.n.e.registry.AbstractInstanceRegistry  : Running the evict task with compensationTime 0ms
2019-08-05 13:52:21.793  INFO 21064 --- [Eureka-EvictionTimer] c.n.e.registry.AbstractInstanceRegistry  : Running the evict task with compensationTime 0ms
2019-08-05 13:53:21.793  INFO 21064 --- [Eureka-EvictionTimer] c.n.e.registry.AbstractInstanceRegistry  : Running the evict task with compensationTime 0ms
2019-08-05 13:54:21.794  INFO 21064 --- [Eureka-EvictionTimer] c.n.e.registry.AbstractInstanceRegistry  : Running the evict task with compensationTime 0ms
2019-08-05 13:55:21.794  INFO 21064 --- [Eureka-EvictionTimer] c.n.e.registry.AbstractInstanceRegistry  : Running the evict task with compensationTime 0ms
2019-08-05 13:56:21.795  INFO 21064 --- [Eureka-EvictionTimer] c.n.e.registry.AbstractInstanceRegistry  : Running the evict task with compensationTime 0ms
2019-08-05 13:57:21.795  INFO 21064 --- [Eureka-EvictionTimer] c.n.e.registry.AbstractInstanceRegistry  : Running the evict task with compensationTime 0ms
2019-08-05 13:58:21.796  INFO 21064 --- [Eureka-EvictionTimer] c.n.e.registry.AbstractInstanceRegistry  : Running the evict task with compensationTime 0ms
2019-08-05 13:59:21.796  INFO 21064 --- [Eureka-EvictionTimer] c.n.e.registry.AbstractInstanceRegistry  : Running the evict task with compensationTime 0ms
2019-08-05 14:00:21.797  INFO 21064 --- [Eureka-EvictionTimer] c.n.e.registry.AbstractInstanceRegistry  : Running the evict task with compensationTime 0ms
2019-08-05 14:01:21.797  INFO 21064 --- [Eureka-EvictionTimer] c.n.e.registry.AbstractInstanceRegistry  : Running the evict task with compensationTime 0ms
2019-08-05 14:02:21.798  INFO 21064 --- [Eureka-EvictionTimer] c.n.e.registry.AbstractInstanceRegistry  : Running the evict task with compensationTime 0ms
2019-08-05 14:03:20.913  INFO 21064 --- [ReplicaAwareInstanceRegistry - RenewalThresholdUpdater] c.n.e.r.PeerAwareInstanceRegistryImpl    : Current renewal threshold is : 3
2019-08-05 14:03:21.799  INFO 21064 --- [Eureka-EvictionTimer] c.n.e.registry.AbstractInstanceRegistry  : Running the evict task with compensationTime 0ms
2019-08-05 14:04:21.799  INFO 21064 --- [Eureka-EvictionTimer] c.n.e.registry.AbstractInstanceRegistry  : Running the evict task with compensationTime 0ms
2019-08-05 14:05:21.800  INFO 21064 --- [Eureka-EvictionTimer] c.n.e.registry.AbstractInstanceRegistry  : Running the evict task with compensationTime 0ms
2019-08-05 14:06:21.800  INFO 21064 --- [Eureka-EvictionTimer] c.n.e.registry.AbstractInstanceRegistry  : Running the evict task with compensationTime 0ms
2019-08-05 14:07:21.801  INFO 21064 --- [Eureka-EvictionTimer] c.n.e.registry.AbstractInstanceRegistry  : Running the evict task with compensationTime 0ms
2019-08-05 14:08:21.801  INFO 21064 --- [Eureka-EvictionTimer] c.n.e.registry.AbstractInstanceRegistry  : Running the evict task with compensationTime 0ms
2019-08-05 14:09:21.802  INFO 21064 --- [Eureka-EvictionTimer] c.n.e.registry.AbstractInstanceRegistry  : Running the evict task with compensationTime 0ms
2019-08-05 14:10:21.802  INFO 21064 --- [Eureka-EvictionTimer] c.n.e.registry.AbstractInstanceRegistry  : Running the evict task with compensationTime 0ms
2019-08-05 14:11:21.804  INFO 21064 --- [Eureka-EvictionTimer] c.n.e.registry.AbstractInstanceRegistry  : Running the evict task with compensationTime 2ms
2019-08-05 14:12:21.805  INFO 21064 --- [Eureka-EvictionTimer] c.n.e.registry.AbstractInstanceRegistry  : Running the evict task with compensationTime 0ms
2019-08-05 14:13:21.805  INFO 21064 --- [Eureka-EvictionTimer] c.n.e.registry.AbstractInstanceRegistry  : Running the evict task with compensationTime 1ms
2019-08-05 14:14:21.806  INFO 21064 --- [Eureka-EvictionTimer] c.n.e.registry.AbstractInstanceRegistry  : Running the evict task with compensationTime 0ms
2019-08-05 14:15:21.806  INFO 21064 --- [Eureka-EvictionTimer] c.n.e.registry.AbstractInstanceRegistry  : Running the evict task with compensationTime 0ms
2019-08-05 14:16:21.807  INFO 21064 --- [Eureka-EvictionTimer] c.n.e.registry.AbstractInstanceRegistry  : Running the evict task with compensationTime 0ms
2019-08-05 14:16:37.547  INFO 21064 --- [http-nio-8761-exec-4] c.n.e.registry.AbstractInstanceRegistry  : Registered instance TAO_FEIGN/V9AVS9NHI49S52E:tao_feign:89 with status DOWN (replication=false)
2019-08-05 14:16:38.053  INFO 21064 --- [http-nio-8761-exec-5] c.n.e.registry.AbstractInstanceRegistry  : Registered instance TAO_FEIGN/V9AVS9NHI49S52E:tao_feign:89 with status DOWN (replication=true)
2019-08-05 14:16:41.935  INFO 21064 --- [http-nio-8761-exec-6] c.n.e.registry.AbstractInstanceRegistry  : Cancelled instance TAO_FEIGN/V9AVS9NHI49S52E:tao_feign:89 (replication=false)
2019-08-05 14:16:42.460  INFO 21064 --- [http-nio-8761-exec-9] c.n.eureka.resources.InstanceResource    : Not Found (Cancel): TAO_FEIGN - V9AVS9NHI49S52E:tao_feign:89
2019-08-05 14:16:50.787  INFO 21064 --- [http-nio-8761-exec-7] c.n.e.registry.AbstractInstanceRegistry  : Registered instance TAO_FEIGN/V9AVS9NHI49S52E:tao_feign:89 with status UP (replication=false)
2019-08-05 14:16:51.303  INFO 21064 --- [http-nio-8761-exec-2] c.n.e.registry.AbstractInstanceRegistry  : Registered instance TAO_FEIGN/V9AVS9NHI49S52E:tao_feign:89 with status UP (replication=true)
2019-08-05 14:17:21.807  INFO 21064 --- [Eureka-EvictionTimer] c.n.e.registry.AbstractInstanceRegistry  : Running the evict task with compensationTime 0ms
2019-08-05 14:17:56.520  INFO 21064 --- [http-nio-8761-exec-9] c.n.e.registry.AbstractInstanceRegistry  : Registered instance TAO_FEIGN/V9AVS9NHI49S52E:tao_feign:89 with status DOWN (replication=false)
2019-08-05 14:17:57.025  INFO 21064 --- [http-nio-8761-exec-8] c.n.e.registry.AbstractInstanceRegistry  : Registered instance TAO_FEIGN/V9AVS9NHI49S52E:tao_feign:89 with status DOWN (replication=true)
2019-08-05 14:18:00.646  INFO 21064 --- [http-nio-8761-exec-7] c.n.e.registry.AbstractInstanceRegistry  : Cancelled instance TAO_FEIGN/V9AVS9NHI49S52E:tao_feign:89 (replication=false)
2019-08-05 14:18:01.156  INFO 21064 --- [http-nio-8761-exec-3] c.n.eureka.resources.InstanceResource    : Not Found (Cancel): TAO_FEIGN - V9AVS9NHI49S52E:tao_feign:89
2019-08-05 14:18:08.371  INFO 21064 --- [http-nio-8761-exec-5] c.n.e.registry.AbstractInstanceRegistry  : Registered instance TAO_FEIGN/V9AVS9NHI49S52E:tao_feign:89 with status UP (replication=false)
2019-08-05 14:18:08.879  INFO 21064 --- [http-nio-8761-exec-6] c.n.e.registry.AbstractInstanceRegistry  : Registered instance TAO_FEIGN/V9AVS9NHI49S52E:tao_feign:89 with status UP (replication=true)
2019-08-05 14:18:20.913  INFO 21064 --- [ReplicaAwareInstanceRegistry - RenewalThresholdUpdater] c.n.e.r.PeerAwareInstanceRegistryImpl    : Current renewal threshold is : 3
2019-08-05 14:18:21.808  INFO 21064 --- [Eureka-EvictionTimer] c.n.e.registry.AbstractInstanceRegistry  : Running the evict task with compensationTime 0ms
2019-08-05 14:19:21.808  INFO 21064 --- [Eureka-EvictionTimer] c.n.e.registry.AbstractInstanceRegistry  : Running the evict task with compensationTime 0ms
2019-08-05 14:20:21.809  INFO 21064 --- [Eureka-EvictionTimer] c.n.e.registry.AbstractInstanceRegistry  : Running the evict task with compensationTime 0ms
2019-08-05 14:21:21.810  INFO 21064 --- [Eureka-EvictionTimer] c.n.e.registry.AbstractInstanceRegistry  : Running the evict task with compensationTime 0ms
2019-08-05 14:22:21.810  INFO 21064 --- [Eureka-EvictionTimer] c.n.e.registry.AbstractInstanceRegistry  : Running the evict task with compensationTime 0ms
2019-08-05 14:23:21.811  INFO 21064 --- [Eureka-EvictionTimer] c.n.e.registry.AbstractInstanceRegistry  : Running the evict task with compensationTime 0ms
2019-08-05 14:24:21.811  INFO 21064 --- [Eureka-EvictionTimer] c.n.e.registry.AbstractInstanceRegistry  : Running the evict task with compensationTime 0ms
2019-08-05 14:25:21.812  INFO 21064 --- [Eureka-EvictionTimer] c.n.e.registry.AbstractInstanceRegistry  : Running the evict task with compensationTime 0ms
2019-08-05 14:26:21.812  INFO 21064 --- [Eureka-EvictionTimer] c.n.e.registry.AbstractInstanceRegistry  : Running the evict task with compensationTime 0ms
2019-08-05 14:27:21.813  INFO 21064 --- [Eureka-EvictionTimer] c.n.e.registry.AbstractInstanceRegistry  : Running the evict task with compensationTime 0ms
2019-08-05 14:28:21.813  INFO 21064 --- [Eureka-EvictionTimer] c.n.e.registry.AbstractInstanceRegistry  : Running the evict task with compensationTime 0ms
2019-08-05 14:29:21.813  INFO 21064 --- [Eureka-EvictionTimer] c.n.e.registry.AbstractInstanceRegistry  : Running the evict task with compensationTime 0ms
2019-08-05 14:29:48.076  INFO 21064 --- [http-nio-8761-exec-5] c.n.e.registry.AbstractInstanceRegistry  : Registered instance TAO_FEIGN/V9AVS9NHI49S52E:tao_feign:89 with status DOWN (replication=false)
2019-08-05 14:29:48.673  INFO 21064 --- [http-nio-8761-exec-6] c.n.e.registry.AbstractInstanceRegistry  : Registered instance TAO_FEIGN/V9AVS9NHI49S52E:tao_feign:89 with status DOWN (replication=true)
2019-08-05 14:29:52.197  INFO 21064 --- [http-nio-8761-exec-9] c.n.e.registry.AbstractInstanceRegistry  : Cancelled instance TAO_FEIGN/V9AVS9NHI49S52E:tao_feign:89 (replication=false)
2019-08-05 14:29:52.735  INFO 21064 --- [http-nio-8761-exec-2] c.n.eureka.resources.InstanceResource    : Not Found (Cancel): TAO_FEIGN - V9AVS9NHI49S52E:tao_feign:89
2019-08-05 14:30:00.775  INFO 21064 --- [http-nio-8761-exec-10] c.n.e.registry.AbstractInstanceRegistry  : Registered instance UNKNOWN/V9AVS9NHI49S52E with status UP (replication=false)
2019-08-05 14:30:01.287  INFO 21064 --- [http-nio-8761-exec-3] c.n.e.registry.AbstractInstanceRegistry  : Registered instance UNKNOWN/V9AVS9NHI49S52E with status UP (replication=true)
2019-08-05 14:30:21.814  INFO 21064 --- [Eureka-EvictionTimer] c.n.e.registry.AbstractInstanceRegistry  : Running the evict task with compensationTime 0ms
