2018-12-23 14:35:42.381  INFO 20348 --- [restartedMain] .e.DevToolsPropertyDefaultsPostProcessor : Devtools property defaults active! Set 'spring.devtools.add-properties' to 'false' to disable
2018-12-23 20:08:55.796  INFO 20316 --- [main] com.youmeng.taoshelf.QuartzTest          : Starting QuartzTest on V9AVS9NHI49S52E with PID 20316 (started by Administrator in C:\Users\Administrator\Desktop\taobao-master-ea5f180bce6037defaf4ad4c2d39c37324f0c5aataobao.git)
2018-12-23 20:08:55.800  INFO 20316 --- [main] com.youmeng.taoshelf.QuartzTest          : No active profile set, falling back to default profiles: default
2018-12-23 20:08:58.218  INFO 20316 --- [main] .s.d.r.c.RepositoryConfigurationDelegate : Multiple Spring Data modules found, entering strict repository configuration mode!
2018-12-23 20:08:58.223  INFO 20316 --- [main] .s.d.r.c.RepositoryConfigurationDelegate : Bootstrapping Spring Data repositories in DEFAULT mode.
2018-12-23 20:08:58.641  INFO 20316 --- [main] .s.d.r.c.RepositoryConfigurationDelegate : Finished Spring Data repository scanning in 393ms. Found 5 repository interfaces.
2018-12-23 20:08:58.676  INFO 20316 --- [main] .s.d.r.c.RepositoryConfigurationDelegate : Multiple Spring Data modules found, entering strict repository configuration mode!
2018-12-23 20:08:58.681  INFO 20316 --- [main] .s.d.r.c.RepositoryConfigurationDelegate : Bootstrapping Spring Data repositories in DEFAULT mode.
2018-12-23 20:08:58.744  INFO 20316 --- [main] .RepositoryConfigurationExtensionSupport : Spring Data Redis - Could not safely identify store assignment for repository candidate interface com.youmeng.taoshelf.repository.AdminRepository.
2018-12-23 20:08:58.747  INFO 20316 --- [main] .RepositoryConfigurationExtensionSupport : Spring Data Redis - Could not safely identify store assignment for repository candidate interface com.youmeng.taoshelf.repository.CardRepository.
2018-12-23 20:08:58.749  INFO 20316 --- [main] .RepositoryConfigurationExtensionSupport : Spring Data Redis - Could not safely identify store assignment for repository candidate interface com.youmeng.taoshelf.repository.LogRepository.
2018-12-23 20:08:58.755  INFO 20316 --- [main] .RepositoryConfigurationExtensionSupport : Spring Data Redis - Could not safely identify store assignment for repository candidate interface com.youmeng.taoshelf.repository.TaskRepository.
2018-12-23 20:08:58.758  INFO 20316 --- [main] .RepositoryConfigurationExtensionSupport : Spring Data Redis - Could not safely identify store assignment for repository candidate interface com.youmeng.taoshelf.repository.UserRepository.
2018-12-23 20:08:58.760  INFO 20316 --- [main] .s.d.r.c.RepositoryConfigurationDelegate : Finished Spring Data repository scanning in 55ms. Found 0 repository interfaces.
2018-12-23 20:08:59.910  INFO 20316 --- [main] trationDelegate$BeanPostProcessorChecker : Bean 'org.springframework.transaction.annotation.ProxyTransactionManagementConfiguration' of type [org.springframework.transaction.annotation.ProxyTransactionManagementConfiguration$$EnhancerBySpringCGLIB$$c87a84d0] is not eligible for getting processed by all BeanPostProcessors (for example: not eligible for auto-proxying)
2018-12-23 20:09:00.152  INFO 20316 --- [main] trationDelegate$BeanPostProcessorChecker : Bean 'org.springframework.security.config.annotation.configuration.ObjectPostProcessorConfiguration' of type [org.springframework.security.config.annotation.configuration.ObjectPostProcessorConfiguration$$EnhancerBySpringCGLIB$$61284d0a] is not eligible for getting processed by all BeanPostProcessors (for example: not eligible for auto-proxying)
2018-12-23 20:09:00.171  INFO 20316 --- [main] trationDelegate$BeanPostProcessorChecker : Bean 'objectPostProcessor' of type [org.springframework.security.config.annotation.configuration.AutowireBeanFactoryObjectPostProcessor] is not eligible for getting processed by all BeanPostProcessors (for example: not eligible for auto-proxying)
2018-12-23 20:09:00.176  INFO 20316 --- [main] trationDelegate$BeanPostProcessorChecker : Bean 'org.springframework.security.access.expression.method.DefaultMethodSecurityExpressionHandler@74174a23' of type [org.springframework.security.access.expression.method.DefaultMethodSecurityExpressionHandler] is not eligible for getting processed by all BeanPostProcessors (for example: not eligible for auto-proxying)
2018-12-23 20:09:00.190  INFO 20316 --- [main] trationDelegate$BeanPostProcessorChecker : Bean 'org.springframework.security.config.annotation.method.configuration.GlobalMethodSecurityConfiguration' of type [org.springframework.security.config.annotation.method.configuration.GlobalMethodSecurityConfiguration$$EnhancerBySpringCGLIB$$85fcefbc] is not eligible for getting processed by all BeanPostProcessors (for example: not eligible for auto-proxying)
2018-12-23 20:09:00.214  INFO 20316 --- [main] trationDelegate$BeanPostProcessorChecker : Bean 'methodSecurityMetadataSource' of type [org.springframework.security.access.method.DelegatingMethodSecurityMetadataSource] is not eligible for getting processed by all BeanPostProcessors (for example: not eligible for auto-proxying)
2018-12-23 20:09:01.191  INFO 20316 --- [main] com.zaxxer.hikari.HikariDataSource       : MyHikariCP - Starting...
2018-12-23 20:09:03.547  INFO 20316 --- [main] o.hibernate.jpa.internal.util.LogHelper  : HHH000204: Processing PersistenceUnitInfo [
	name: default
	...]
2018-12-23 20:09:03.635  INFO 20316 --- [main] org.hibernate.Version                    : HHH000412: Hibernate Core {5.3.7.Final}
2018-12-23 20:09:03.639  INFO 20316 --- [main] org.hibernate.cfg.Environment            : HHH000206: hibernate.properties not found
2018-12-23 20:09:03.855  INFO 20316 --- [main] o.hibernate.annotations.common.Version   : HCANN000001: Hibernate Commons Annotations {5.0.4.Final}
2018-12-23 20:09:04.615  INFO 20316 --- [main] com.zaxxer.hikari.HikariDataSource       : MyHikariCP - Starting...
2018-12-23 20:09:06.706  INFO 20316 --- [main] org.hibernate.dialect.Dialect            : HHH000400: Using dialect: org.hibernate.dialect.MySQLDialect
2018-12-23 20:09:06.779  INFO 20316 --- [main] o.h.e.j.e.i.LobCreatorBuilderImpl        : HHH000422: Disabling contextual LOB creation as connection was null
2018-12-23 20:09:09.660  INFO 20316 --- [main] com.zaxxer.hikari.HikariDataSource       : MyHikariCP - Starting...
2018-12-23 20:09:11.963  INFO 20316 --- [main] ConditionEvaluationReportLoggingListener : 

Error starting ApplicationContext. To display the conditions report re-run your application with 'debug' enabled.
