2018-12-30 20:28:31.392  INFO 23116 --- [main] trationDelegate$BeanPostProcessorChecker : Bean 'org.springframework.cloud.autoconfigure.ConfigurationPropertiesRebinderAutoConfiguration' of type [org.springframework.cloud.autoconfigure.ConfigurationPropertiesRebinderAutoConfiguration$$EnhancerBySpringCGLIB$$f16d8079] is not eligible for getting processed by all BeanPostProcessors (for example: not eligible for auto-proxying)
2018-12-30 20:28:32.411  INFO 23116 --- [main] com.youmeng.taoshelf.QuartzTest          : No active profile set, falling back to default profiles: default
2018-12-30 20:28:33.966  INFO 23116 --- [main] .s.d.r.c.RepositoryConfigurationDelegate : Multiple Spring Data modules found, entering strict repository configuration mode!
2018-12-30 20:28:33.971  INFO 23116 --- [main] .s.d.r.c.RepositoryConfigurationDelegate : Bootstrapping Spring Data repositories in DEFAULT mode.
2018-12-30 20:28:34.382  INFO 23116 --- [main] .s.d.r.c.RepositoryConfigurationDelegate : Finished Spring Data repository scanning in 389ms. Found 5 repository interfaces.
2018-12-30 20:28:34.404  INFO 23116 --- [main] .s.d.r.c.RepositoryConfigurationDelegate : Multiple Spring Data modules found, entering strict repository configuration mode!
2018-12-30 20:28:34.406  INFO 23116 --- [main] .s.d.r.c.RepositoryConfigurationDelegate : Bootstrapping Spring Data repositories in DEFAULT mode.
2018-12-30 20:28:34.444  INFO 23116 --- [main] .RepositoryConfigurationExtensionSupport : Spring Data Redis - Could not safely identify store assignment for repository candidate interface com.youmeng.taoshelf.repository.AdminRepository.
2018-12-30 20:28:34.446  INFO 23116 --- [main] .RepositoryConfigurationExtensionSupport : Spring Data Redis - Could not safely identify store assignment for repository candidate interface com.youmeng.taoshelf.repository.CardRepository.
2018-12-30 20:28:34.451  INFO 23116 --- [main] .RepositoryConfigurationExtensionSupport : Spring Data Redis - Could not safely identify store assignment for repository candidate interface com.youmeng.taoshelf.repository.LogRepository.
2018-12-30 20:28:34.453  INFO 23116 --- [main] .RepositoryConfigurationExtensionSupport : Spring Data Redis - Could not safely identify store assignment for repository candidate interface com.youmeng.taoshelf.repository.TaskRepository.
2018-12-30 20:28:34.455  INFO 23116 --- [main] .RepositoryConfigurationExtensionSupport : Spring Data Redis - Could not safely identify store assignment for repository candidate interface com.youmeng.taoshelf.repository.UserRepository.
2018-12-30 20:28:34.455  INFO 23116 --- [main] .s.d.r.c.RepositoryConfigurationDelegate : Finished Spring Data repository scanning in 37ms. Found 0 repository interfaces.
2018-12-30 20:28:35.270  INFO 23116 --- [main] o.s.cloud.context.scope.GenericScope     : BeanFactory id=f99e6ed0-2d98-3c2b-bb4b-a1f27d0248a9
2018-12-30 20:28:35.604  INFO 23116 --- [main] trationDelegate$BeanPostProcessorChecker : Bean 'org.springframework.transaction.annotation.ProxyTransactionManagementConfiguration' of type [org.springframework.transaction.annotation.ProxyTransactionManagementConfiguration$$EnhancerBySpringCGLIB$$d5537d7c] is not eligible for getting processed by all BeanPostProcessors (for example: not eligible for auto-proxying)
2018-12-30 20:28:35.783  INFO 23116 --- [main] trationDelegate$BeanPostProcessorChecker : Bean 'org.springframework.security.config.annotation.configuration.ObjectPostProcessorConfiguration' of type [org.springframework.security.config.annotation.configuration.ObjectPostProcessorConfiguration$$EnhancerBySpringCGLIB$$6e0145b6] is not eligible for getting processed by all BeanPostProcessors (for example: not eligible for auto-proxying)
2018-12-30 20:28:35.801  INFO 23116 --- [main] trationDelegate$BeanPostProcessorChecker : Bean 'objectPostProcessor' of type [org.springframework.security.config.annotation.configuration.AutowireBeanFactoryObjectPostProcessor] is not eligible for getting processed by all BeanPostProcessors (for example: not eligible for auto-proxying)
2018-12-30 20:28:35.805  INFO 23116 --- [main] trationDelegate$BeanPostProcessorChecker : Bean 'org.springframework.security.access.expression.method.DefaultMethodSecurityExpressionHandler@d611f1c' of type [org.springframework.security.access.expression.method.DefaultMethodSecurityExpressionHandler] is not eligible for getting processed by all BeanPostProcessors (for example: not eligible for auto-proxying)
2018-12-30 20:28:35.818  INFO 23116 --- [main] trationDelegate$BeanPostProcessorChecker : Bean 'org.springframework.security.config.annotation.method.configuration.GlobalMethodSecurityConfiguration' of type [org.springframework.security.config.annotation.method.configuration.GlobalMethodSecurityConfiguration$$EnhancerBySpringCGLIB$$92d5e868] is not eligible for getting processed by all BeanPostProcessors (for example: not eligible for auto-proxying)
2018-12-30 20:28:35.832  INFO 23116 --- [main] trationDelegate$BeanPostProcessorChecker : Bean 'methodSecurityMetadataSource' of type [org.springframework.security.access.method.DelegatingMethodSecurityMetadataSource] is not eligible for getting processed by all BeanPostProcessors (for example: not eligible for auto-proxying)
2018-12-30 20:28:35.873  INFO 23116 --- [main] trationDelegate$BeanPostProcessorChecker : Bean 'org.springframework.cloud.autoconfigure.ConfigurationPropertiesRebinderAutoConfiguration' of type [org.springframework.cloud.autoconfigure.ConfigurationPropertiesRebinderAutoConfiguration$$EnhancerBySpringCGLIB$$f16d8079] is not eligible for getting processed by all BeanPostProcessors (for example: not eligible for auto-proxying)
2018-12-30 20:28:37.104  INFO 23116 --- [main] com.zaxxer.hikari.HikariDataSource       : MyHikariCP - Starting...
2018-12-30 20:28:40.739  INFO 23116 --- [main] com.zaxxer.hikari.HikariDataSource       : MyHikariCP - Starting...
2018-12-30 20:28:44.427  INFO 23116 --- [main] com.zaxxer.hikari.HikariDataSource       : MyHikariCP - Starting...
2018-12-30 20:28:46.497  INFO 23116 --- [main] ConditionEvaluationReportLoggingListener : 

Error starting ApplicationContext. To display the conditions report re-run your application with 'debug' enabled.
2018-12-30 20:28:46.540  INFO 23116 --- [main] .b.t.c.SpringBootTestContextBootstrapper : Neither @ContextConfiguration nor @ContextHierarchy found for test class [com.youmeng.taoshelf.RedisTest], using SpringBootContextLoader
2018-12-30 20:28:46.543  INFO 23116 --- [main] o.s.t.c.support.AbstractContextLoader    : Could not detect default resource locations for test class [com.youmeng.taoshelf.RedisTest]: no resource found for suffixes {-context.xml, Context.groovy}.
2018-12-30 20:28:46.543  INFO 23116 --- [main] t.c.s.AnnotationConfigContextLoaderUtils : Could not detect default configuration classes for test class [com.youmeng.taoshelf.RedisTest]: RedisTest does not declare any static, non-private, non-final, nested classes annotated with @Configuration.
2018-12-30 20:28:46.550  INFO 23116 --- [main] .b.t.c.SpringBootTestContextBootstrapper : Found @SpringBootConfiguration com.youmeng.taoshelf.TaoshelfApplication for test class com.youmeng.taoshelf.RedisTest
2018-12-30 20:28:46.557  INFO 23116 --- [main] .b.t.c.SpringBootTestContextBootstrapper : Loaded default TestExecutionListener class names from location [META-INF/spring.factories]: [org.springframework.boot.test.mock.mockito.MockitoTestExecutionListener, org.springframework.boot.test.mock.mockito.ResetMocksTestExecutionListener, org.springframework.boot.test.autoconfigure.restdocs.RestDocsTestExecutionListener, org.springframework.boot.test.autoconfigure.web.client.MockRestServiceServerResetTestExecutionListener, org.springframework.boot.test.autoconfigure.web.servlet.MockMvcPrintOnlyOnFailureTestExecutionListener, org.springframework.boot.test.autoconfigure.web.servlet.WebDriverTestExecutionListener, org.springframework.test.context.web.ServletTestExecutionListener, org.springframework.test.context.support.DirtiesContextBeforeModesTestExecutionListener, org.springframework.test.context.support.DependencyInjectionTestExecutionListener, org.springframework.test.context.support.DirtiesContextTestExecutionListener, org.springframework.test.context.transaction.TransactionalTestExecutionListener, org.springframework.test.context.jdbc.SqlScriptsTestExecutionListener, org.springframework.security.test.context.support.WithSecurityContextTestExecutionListener, org.springframework.security.test.context.support.ReactorContextTestExecutionListener]
2018-12-30 20:28:46.561  INFO 23116 --- [main] .b.t.c.SpringBootTestContextBootstrapper : Using TestExecutionListeners: [org.springframework.test.context.web.ServletTestExecutionListener@24c84e65, org.springframework.test.context.support.DirtiesContextBeforeModesTestExecutionListener@7337bd2e, org.springframework.boot.test.mock.mockito.MockitoTestExecutionListener@4604e051, org.springframework.boot.test.autoconfigure.SpringBootDependencyInjectionTestExecutionListener@4535bdc6, org.springframework.test.context.support.DirtiesContextTestExecutionListener@23e86863, org.springframework.test.context.transaction.TransactionalTestExecutionListener@6df87ffd, org.springframework.test.context.jdbc.SqlScriptsTestExecutionListener@c1f0c7b, org.springframework.security.test.context.support.WithSecurityContextTestExecutionListener@642c5bb3, org.springframework.security.test.context.support.ReactorContextTestExecutionListener@4e79c25, org.springframework.boot.test.mock.mockito.ResetMocksTestExecutionListener@2ace1cd3, org.springframework.boot.test.autoconfigure.restdocs.RestDocsTestExecutionListener@5e46a125, org.springframework.boot.test.autoconfigure.web.client.MockRestServiceServerResetTestExecutionListener@5831989d, org.springframework.boot.test.autoconfigure.web.servlet.MockMvcPrintOnlyOnFailureTestExecutionListener@608f310a, org.springframework.boot.test.autoconfigure.web.servlet.WebDriverTestExecutionListener@3a7d914c]
2018-12-30 20:28:47.632  INFO 23116 --- [main] trationDelegate$BeanPostProcessorChecker : Bean 'org.springframework.cloud.autoconfigure.ConfigurationPropertiesRebinderAutoConfiguration' of type [org.springframework.cloud.autoconfigure.ConfigurationPropertiesRebinderAutoConfiguration$$EnhancerBySpringCGLIB$$f16d8079] is not eligible for getting processed by all BeanPostProcessors (for example: not eligible for auto-proxying)
2018-12-30 20:28:48.473  INFO 23116 --- [main] com.youmeng.taoshelf.RedisTest           : No active profile set, falling back to default profiles: default
2018-12-30 20:28:49.139  INFO 23116 --- [main] .s.d.r.c.RepositoryConfigurationDelegate : Multiple Spring Data modules found, entering strict repository configuration mode!
2018-12-30 20:28:49.141  INFO 23116 --- [main] .s.d.r.c.RepositoryConfigurationDelegate : Bootstrapping Spring Data repositories in DEFAULT mode.
2018-12-30 20:28:49.208  INFO 23116 --- [main] .s.d.r.c.RepositoryConfigurationDelegate : Finished Spring Data repository scanning in 62ms. Found 5 repository interfaces.
2018-12-30 20:28:49.215  INFO 23116 --- [main] .s.d.r.c.RepositoryConfigurationDelegate : Multiple Spring Data modules found, entering strict repository configuration mode!
2018-12-30 20:28:49.215  INFO 23116 --- [main] .s.d.r.c.RepositoryConfigurationDelegate : Bootstrapping Spring Data repositories in DEFAULT mode.
2018-12-30 20:28:49.248  INFO 23116 --- [main] .RepositoryConfigurationExtensionSupport : Spring Data Redis - Could not safely identify store assignment for repository candidate interface com.youmeng.taoshelf.repository.AdminRepository.
2018-12-30 20:28:49.249  INFO 23116 --- [main] .RepositoryConfigurationExtensionSupport : Spring Data Redis - Could not safely identify store assignment for repository candidate interface com.youmeng.taoshelf.repository.CardRepository.
2018-12-30 20:28:49.250  INFO 23116 --- [main] .RepositoryConfigurationExtensionSupport : Spring Data Redis - Could not safely identify store assignment for repository candidate interface com.youmeng.taoshelf.repository.LogRepository.
2018-12-30 20:28:49.251  INFO 23116 --- [main] .RepositoryConfigurationExtensionSupport : Spring Data Redis - Could not safely identify store assignment for repository candidate interface com.youmeng.taoshelf.repository.TaskRepository.
2018-12-30 20:28:49.253  INFO 23116 --- [main] .RepositoryConfigurationExtensionSupport : Spring Data Redis - Could not safely identify store assignment for repository candidate interface com.youmeng.taoshelf.repository.UserRepository.
2018-12-30 20:28:49.254  INFO 23116 --- [main] .s.d.r.c.RepositoryConfigurationDelegate : Finished Spring Data repository scanning in 38ms. Found 0 repository interfaces.
2018-12-30 20:28:49.381  INFO 23116 --- [main] o.s.cloud.context.scope.GenericScope     : BeanFactory id=f99e6ed0-2d98-3c2b-bb4b-a1f27d0248a9
2018-12-30 20:28:49.543  INFO 23116 --- [main] trationDelegate$BeanPostProcessorChecker : Bean 'org.springframework.transaction.annotation.ProxyTransactionManagementConfiguration' of type [org.springframework.transaction.annotation.ProxyTransactionManagementConfiguration$$EnhancerBySpringCGLIB$$d5537d7c] is not eligible for getting processed by all BeanPostProcessors (for example: not eligible for auto-proxying)
2018-12-30 20:28:49.626  INFO 23116 --- [main] trationDelegate$BeanPostProcessorChecker : Bean 'org.springframework.security.config.annotation.configuration.ObjectPostProcessorConfiguration' of type [org.springframework.security.config.annotation.configuration.ObjectPostProcessorConfiguration$$EnhancerBySpringCGLIB$$6e0145b6] is not eligible for getting processed by all BeanPostProcessors (for example: not eligible for auto-proxying)
2018-12-30 20:28:49.642  INFO 23116 --- [main] trationDelegate$BeanPostProcessorChecker : Bean 'objectPostProcessor' of type [org.springframework.security.config.annotation.configuration.AutowireBeanFactoryObjectPostProcessor] is not eligible for getting processed by all BeanPostProcessors (for example: not eligible for auto-proxying)
2018-12-30 20:28:49.644  INFO 23116 --- [main] trationDelegate$BeanPostProcessorChecker : Bean 'org.springframework.security.access.expression.method.DefaultMethodSecurityExpressionHandler@6e489bb8' of type [org.springframework.security.access.expression.method.DefaultMethodSecurityExpressionHandler] is not eligible for getting processed by all BeanPostProcessors (for example: not eligible for auto-proxying)
2018-12-30 20:28:49.663  INFO 23116 --- [main] trationDelegate$BeanPostProcessorChecker : Bean 'org.springframework.security.config.annotation.method.configuration.GlobalMethodSecurityConfiguration' of type [org.springframework.security.config.annotation.method.configuration.GlobalMethodSecurityConfiguration$$EnhancerBySpringCGLIB$$92d5e868] is not eligible for getting processed by all BeanPostProcessors (for example: not eligible for auto-proxying)
2018-12-30 20:28:49.678  INFO 23116 --- [main] trationDelegate$BeanPostProcessorChecker : Bean 'methodSecurityMetadataSource' of type [org.springframework.security.access.method.DelegatingMethodSecurityMetadataSource] is not eligible for getting processed by all BeanPostProcessors (for example: not eligible for auto-proxying)
2018-12-30 20:28:49.712  INFO 23116 --- [main] trationDelegate$BeanPostProcessorChecker : Bean 'org.springframework.cloud.autoconfigure.ConfigurationPropertiesRebinderAutoConfiguration' of type [org.springframework.cloud.autoconfigure.ConfigurationPropertiesRebinderAutoConfiguration$$EnhancerBySpringCGLIB$$f16d8079] is not eligible for getting processed by all BeanPostProcessors (for example: not eligible for auto-proxying)
2018-12-30 20:28:50.121  INFO 23116 --- [main] com.zaxxer.hikari.HikariDataSource       : MyHikariCP - Starting...
2018-12-30 20:28:52.343  INFO 23116 --- [main] com.zaxxer.hikari.HikariDataSource       : MyHikariCP - Starting...
2018-12-30 20:28:54.608  INFO 23116 --- [main] com.zaxxer.hikari.HikariDataSource       : MyHikariCP - Starting...
2018-12-30 20:28:56.629  INFO 23116 --- [main] ConditionEvaluationReportLoggingListener : 

Error starting ApplicationContext. To display the conditions report re-run your application with 'debug' enabled.
2018-12-30 20:28:57.558  INFO 23116 --- [main] trationDelegate$BeanPostProcessorChecker : Bean 'org.springframework.cloud.autoconfigure.ConfigurationPropertiesRebinderAutoConfiguration' of type [org.springframework.cloud.autoconfigure.ConfigurationPropertiesRebinderAutoConfiguration$$EnhancerBySpringCGLIB$$f16d8079] is not eligible for getting processed by all BeanPostProcessors (for example: not eligible for auto-proxying)
2018-12-30 20:28:58.545  INFO 23116 --- [main] com.youmeng.taoshelf.RedisTest           : No active profile set, falling back to default profiles: default
2018-12-30 20:28:59.765  INFO 23116 --- [main] .s.d.r.c.RepositoryConfigurationDelegate : Multiple Spring Data modules found, entering strict repository configuration mode!
2018-12-30 20:28:59.767  INFO 23116 --- [main] .s.d.r.c.RepositoryConfigurationDelegate : Bootstrapping Spring Data repositories in DEFAULT mode.
2018-12-30 20:28:59.883  INFO 23116 --- [main] .s.d.r.c.RepositoryConfigurationDelegate : Finished Spring Data repository scanning in 115ms. Found 5 repository interfaces.
2018-12-30 20:28:59.895  INFO 23116 --- [main] .s.d.r.c.RepositoryConfigurationDelegate : Multiple Spring Data modules found, entering strict repository configuration mode!
2018-12-30 20:28:59.896  INFO 23116 --- [main] .s.d.r.c.RepositoryConfigurationDelegate : Bootstrapping Spring Data repositories in DEFAULT mode.
2018-12-30 20:28:59.944  INFO 23116 --- [main] .RepositoryConfigurationExtensionSupport : Spring Data Redis - Could not safely identify store assignment for repository candidate interface com.youmeng.taoshelf.repository.AdminRepository.
2018-12-30 20:28:59.945  INFO 23116 --- [main] .RepositoryConfigurationExtensionSupport : Spring Data Redis - Could not safely identify store assignment for repository candidate interface com.youmeng.taoshelf.repository.CardRepository.
2018-12-30 20:28:59.947  INFO 23116 --- [main] .RepositoryConfigurationExtensionSupport : Spring Data Redis - Could not safely identify store assignment for repository candidate interface com.youmeng.taoshelf.repository.LogRepository.
2018-12-30 20:28:59.949  INFO 23116 --- [main] .RepositoryConfigurationExtensionSupport : Spring Data Redis - Could not safely identify store assignment for repository candidate interface com.youmeng.taoshelf.repository.TaskRepository.
2018-12-30 20:28:59.950  INFO 23116 --- [main] .RepositoryConfigurationExtensionSupport : Spring Data Redis - Could not safely identify store assignment for repository candidate interface com.youmeng.taoshelf.repository.UserRepository.
2018-12-30 20:28:59.950  INFO 23116 --- [main] .s.d.r.c.RepositoryConfigurationDelegate : Finished Spring Data repository scanning in 53ms. Found 0 repository interfaces.
2018-12-30 20:29:00.200  INFO 23116 --- [main] o.s.cloud.context.scope.GenericScope     : BeanFactory id=f99e6ed0-2d98-3c2b-bb4b-a1f27d0248a9
2018-12-30 20:29:00.487  INFO 23116 --- [main] trationDelegate$BeanPostProcessorChecker : Bean 'org.springframework.transaction.annotation.ProxyTransactionManagementConfiguration' of type [org.springframework.transaction.annotation.ProxyTransactionManagementConfiguration$$EnhancerBySpringCGLIB$$d5537d7c] is not eligible for getting processed by all BeanPostProcessors (for example: not eligible for auto-proxying)
2018-12-30 20:29:00.698  INFO 23116 --- [main] trationDelegate$BeanPostProcessorChecker : Bean 'org.springframework.security.config.annotation.configuration.ObjectPostProcessorConfiguration' of type [org.springframework.security.config.annotation.configuration.ObjectPostProcessorConfiguration$$EnhancerBySpringCGLIB$$6e0145b6] is not eligible for getting processed by all BeanPostProcessors (for example: not eligible for auto-proxying)
2018-12-30 20:29:00.720  INFO 23116 --- [main] trationDelegate$BeanPostProcessorChecker : Bean 'objectPostProcessor' of type [org.springframework.security.config.annotation.configuration.AutowireBeanFactoryObjectPostProcessor] is not eligible for getting processed by all BeanPostProcessors (for example: not eligible for auto-proxying)
2018-12-30 20:29:00.722  INFO 23116 --- [main] trationDelegate$BeanPostProcessorChecker : Bean 'org.springframework.security.access.expression.method.DefaultMethodSecurityExpressionHandler@17635531' of type [org.springframework.security.access.expression.method.DefaultMethodSecurityExpressionHandler] is not eligible for getting processed by all BeanPostProcessors (for example: not eligible for auto-proxying)
2018-12-30 20:29:00.750  INFO 23116 --- [main] trationDelegate$BeanPostProcessorChecker : Bean 'org.springframework.security.config.annotation.method.configuration.GlobalMethodSecurityConfiguration' of type [org.springframework.security.config.annotation.method.configuration.GlobalMethodSecurityConfiguration$$EnhancerBySpringCGLIB$$92d5e868] is not eligible for getting processed by all BeanPostProcessors (for example: not eligible for auto-proxying)
2018-12-30 20:29:00.773  INFO 23116 --- [main] trationDelegate$BeanPostProcessorChecker : Bean 'methodSecurityMetadataSource' of type [org.springframework.security.access.method.DelegatingMethodSecurityMetadataSource] is not eligible for getting processed by all BeanPostProcessors (for example: not eligible for auto-proxying)
2018-12-30 20:29:00.847  INFO 23116 --- [main] trationDelegate$BeanPostProcessorChecker : Bean 'org.springframework.cloud.autoconfigure.ConfigurationPropertiesRebinderAutoConfiguration' of type [org.springframework.cloud.autoconfigure.ConfigurationPropertiesRebinderAutoConfiguration$$EnhancerBySpringCGLIB$$f16d8079] is not eligible for getting processed by all BeanPostProcessors (for example: not eligible for auto-proxying)
2018-12-30 20:29:01.650  INFO 23116 --- [main] com.zaxxer.hikari.HikariDataSource       : MyHikariCP - Starting...
2018-12-30 20:29:04.096  INFO 23116 --- [main] com.zaxxer.hikari.HikariDataSource       : MyHikariCP - Starting...
2018-12-30 20:29:06.446  INFO 23116 --- [main] com.zaxxer.hikari.HikariDataSource       : MyHikariCP - Starting...
2018-12-30 20:29:08.464  INFO 23116 --- [main] ConditionEvaluationReportLoggingListener : 

Error starting ApplicationContext. To display the conditions report re-run your application with 'debug' enabled.
2018-12-30 20:29:08.471  INFO 23116 --- [main] .b.t.c.SpringBootTestContextBootstrapper : Neither @ContextConfiguration nor @ContextHierarchy found for test class [com.youmeng.taoshelf.SpringTest], using SpringBootContextLoader
2018-12-30 20:29:08.472  INFO 23116 --- [main] o.s.t.c.support.AbstractContextLoader    : Could not detect default resource locations for test class [com.youmeng.taoshelf.SpringTest]: no resource found for suffixes {-context.xml, Context.groovy}.
2018-12-30 20:29:08.473  INFO 23116 --- [main] t.c.s.AnnotationConfigContextLoaderUtils : Could not detect default configuration classes for test class [com.youmeng.taoshelf.SpringTest]: SpringTest does not declare any static, non-private, non-final, nested classes annotated with @Configuration.
2018-12-30 20:29:08.475  INFO 23116 --- [main] .b.t.c.SpringBootTestContextBootstrapper : Found @SpringBootConfiguration com.youmeng.taoshelf.TaoshelfApplication for test class com.youmeng.taoshelf.SpringTest
2018-12-30 20:29:08.483  INFO 23116 --- [main] .b.t.c.SpringBootTestContextBootstrapper : Loaded default TestExecutionListener class names from location [META-INF/spring.factories]: [org.springframework.boot.test.mock.mockito.MockitoTestExecutionListener, org.springframework.boot.test.mock.mockito.ResetMocksTestExecutionListener, org.springframework.boot.test.autoconfigure.restdocs.RestDocsTestExecutionListener, org.springframework.boot.test.autoconfigure.web.client.MockRestServiceServerResetTestExecutionListener, org.springframework.boot.test.autoconfigure.web.servlet.MockMvcPrintOnlyOnFailureTestExecutionListener, org.springframework.boot.test.autoconfigure.web.servlet.WebDriverTestExecutionListener, org.springframework.test.context.web.ServletTestExecutionListener, org.springframework.test.context.support.DirtiesContextBeforeModesTestExecutionListener, org.springframework.test.context.support.DependencyInjectionTestExecutionListener, org.springframework.test.context.support.DirtiesContextTestExecutionListener, org.springframework.test.context.transaction.TransactionalTestExecutionListener, org.springframework.test.context.jdbc.SqlScriptsTestExecutionListener, org.springframework.security.test.context.support.WithSecurityContextTestExecutionListener, org.springframework.security.test.context.support.ReactorContextTestExecutionListener]
2018-12-30 20:29:08.484  INFO 23116 --- [main] .b.t.c.SpringBootTestContextBootstrapper : Using TestExecutionListeners: [org.springframework.test.context.web.ServletTestExecutionListener@260f05ee, org.springframework.test.context.support.DirtiesContextBeforeModesTestExecutionListener@65fe1f47, org.springframework.boot.test.mock.mockito.MockitoTestExecutionListener@4afdb05e, org.springframework.boot.test.autoconfigure.SpringBootDependencyInjectionTestExecutionListener@2165d4ab, org.springframework.test.context.support.DirtiesContextTestExecutionListener@7f9b851c, org.springframework.test.context.transaction.TransactionalTestExecutionListener@6a8ab98f, org.springframework.test.context.jdbc.SqlScriptsTestExecutionListener@4d529bc0, org.springframework.security.test.context.support.WithSecurityContextTestExecutionListener@429dde4d, org.springframework.security.test.context.support.ReactorContextTestExecutionListener@610d0067, org.springframework.boot.test.mock.mockito.ResetMocksTestExecutionListener@5ef48b08, org.springframework.boot.test.autoconfigure.restdocs.RestDocsTestExecutionListener@7a1878d, org.springframework.boot.test.autoconfigure.web.client.MockRestServiceServerResetTestExecutionListener@2b625e82, org.springframework.boot.test.autoconfigure.web.servlet.MockMvcPrintOnlyOnFailureTestExecutionListener@22657db1, org.springframework.boot.test.autoconfigure.web.servlet.WebDriverTestExecutionListener@58b30e3e]
2018-12-30 20:29:09.632  INFO 23116 --- [main] trationDelegate$BeanPostProcessorChecker : Bean 'org.springframework.cloud.autoconfigure.ConfigurationPropertiesRebinderAutoConfiguration' of type [org.springframework.cloud.autoconfigure.ConfigurationPropertiesRebinderAutoConfiguration$$EnhancerBySpringCGLIB$$f16d8079] is not eligible for getting processed by all BeanPostProcessors (for example: not eligible for auto-proxying)
2018-12-30 20:29:11.138  INFO 23116 --- [main] com.youmeng.taoshelf.SpringTest          : No active profile set, falling back to default profiles: default
2018-12-30 20:29:12.531  INFO 23116 --- [main] .s.d.r.c.RepositoryConfigurationDelegate : Multiple Spring Data modules found, entering strict repository configuration mode!
2018-12-30 20:29:12.532  INFO 23116 --- [main] .s.d.r.c.RepositoryConfigurationDelegate : Bootstrapping Spring Data repositories in DEFAULT mode.
2018-12-30 20:29:12.651  INFO 23116 --- [main] .s.d.r.c.RepositoryConfigurationDelegate : Finished Spring Data repository scanning in 115ms. Found 5 repository interfaces.
2018-12-30 20:29:12.657  INFO 23116 --- [main] .s.d.r.c.RepositoryConfigurationDelegate : Multiple Spring Data modules found, entering strict repository configuration mode!
2018-12-30 20:29:12.658  INFO 23116 --- [main] .s.d.r.c.RepositoryConfigurationDelegate : Bootstrapping Spring Data repositories in DEFAULT mode.
2018-12-30 20:29:12.695  INFO 23116 --- [main] .RepositoryConfigurationExtensionSupport : Spring Data Redis - Could not safely identify store assignment for repository candidate interface com.youmeng.taoshelf.repository.AdminRepository.
2018-12-30 20:29:12.696  INFO 23116 --- [main] .RepositoryConfigurationExtensionSupport : Spring Data Redis - Could not safely identify store assignment for repository candidate interface com.youmeng.taoshelf.repository.CardRepository.
2018-12-30 20:29:12.698  INFO 23116 --- [main] .RepositoryConfigurationExtensionSupport : Spring Data Redis - Could not safely identify store assignment for repository candidate interface com.youmeng.taoshelf.repository.LogRepository.
2018-12-30 20:29:12.701  INFO 23116 --- [main] .RepositoryConfigurationExtensionSupport : Spring Data Redis - Could not safely identify store assignment for repository candidate interface com.youmeng.taoshelf.repository.TaskRepository.
2018-12-30 20:29:12.705  INFO 23116 --- [main] .RepositoryConfigurationExtensionSupport : Spring Data Redis - Could not safely identify store assignment for repository candidate interface com.youmeng.taoshelf.repository.UserRepository.
2018-12-30 20:29:12.705  INFO 23116 --- [main] .s.d.r.c.RepositoryConfigurationDelegate : Finished Spring Data repository scanning in 47ms. Found 0 repository interfaces.
2018-12-30 20:29:12.914  INFO 23116 --- [main] o.s.cloud.context.scope.GenericScope     : BeanFactory id=f99e6ed0-2d98-3c2b-bb4b-a1f27d0248a9
2018-12-30 20:29:13.232  INFO 23116 --- [main] trationDelegate$BeanPostProcessorChecker : Bean 'org.springframework.transaction.annotation.ProxyTransactionManagementConfiguration' of type [org.springframework.transaction.annotation.ProxyTransactionManagementConfiguration$$EnhancerBySpringCGLIB$$d5537d7c] is not eligible for getting processed by all BeanPostProcessors (for example: not eligible for auto-proxying)
2018-12-30 20:29:13.462  INFO 23116 --- [main] trationDelegate$BeanPostProcessorChecker : Bean 'org.springframework.security.config.annotation.configuration.ObjectPostProcessorConfiguration' of type [org.springframework.security.config.annotation.configuration.ObjectPostProcessorConfiguration$$EnhancerBySpringCGLIB$$6e0145b6] is not eligible for getting processed by all BeanPostProcessors (for example: not eligible for auto-proxying)
2018-12-30 20:29:13.472  INFO 23116 --- [main] trationDelegate$BeanPostProcessorChecker : Bean 'objectPostProcessor' of type [org.springframework.security.config.annotation.configuration.AutowireBeanFactoryObjectPostProcessor] is not eligible for getting processed by all BeanPostProcessors (for example: not eligible for auto-proxying)
2018-12-30 20:29:13.473  INFO 23116 --- [main] trationDelegate$BeanPostProcessorChecker : Bean 'org.springframework.security.access.expression.method.DefaultMethodSecurityExpressionHandler@27f8f1cc' of type [org.springframework.security.access.expression.method.DefaultMethodSecurityExpressionHandler] is not eligible for getting processed by all BeanPostProcessors (for example: not eligible for auto-proxying)
2018-12-30 20:29:13.487  INFO 23116 --- [main] trationDelegate$BeanPostProcessorChecker : Bean 'org.springframework.security.config.annotation.method.configuration.GlobalMethodSecurityConfiguration' of type [org.springframework.security.config.annotation.method.configuration.GlobalMethodSecurityConfiguration$$EnhancerBySpringCGLIB$$92d5e868] is not eligible for getting processed by all BeanPostProcessors (for example: not eligible for auto-proxying)
2018-12-30 20:29:13.506  INFO 23116 --- [main] trationDelegate$BeanPostProcessorChecker : Bean 'methodSecurityMetadataSource' of type [org.springframework.security.access.method.DelegatingMethodSecurityMetadataSource] is not eligible for getting processed by all BeanPostProcessors (for example: not eligible for auto-proxying)
2018-12-30 20:29:13.560  INFO 23116 --- [main] trationDelegate$BeanPostProcessorChecker : Bean 'org.springframework.cloud.autoconfigure.ConfigurationPropertiesRebinderAutoConfiguration' of type [org.springframework.cloud.autoconfigure.ConfigurationPropertiesRebinderAutoConfiguration$$EnhancerBySpringCGLIB$$f16d8079] is not eligible for getting processed by all BeanPostProcessors (for example: not eligible for auto-proxying)
2018-12-30 20:29:14.312  INFO 23116 --- [main] com.zaxxer.hikari.HikariDataSource       : MyHikariCP - Starting...
2018-12-30 20:29:16.763  INFO 23116 --- [main] com.zaxxer.hikari.HikariDataSource       : MyHikariCP - Starting...
2018-12-30 20:29:19.056  INFO 23116 --- [main] com.zaxxer.hikari.HikariDataSource       : MyHikariCP - Starting...
2018-12-30 20:29:21.074  INFO 23116 --- [main] ConditionEvaluationReportLoggingListener : 

Error starting ApplicationContext. To display the conditions report re-run your application with 'debug' enabled.
2018-12-30 20:29:21.080  INFO 23116 --- [main] .b.t.c.SpringBootTestContextBootstrapper : Neither @ContextConfiguration nor @ContextHierarchy found for test class [com.youmeng.taoshelf.TaoshelfApplicationTests], using SpringBootContextLoader
2018-12-30 20:29:21.082  INFO 23116 --- [main] o.s.t.c.support.AbstractContextLoader    : Could not detect default resource locations for test class [com.youmeng.taoshelf.TaoshelfApplicationTests]: no resource found for suffixes {-context.xml, Context.groovy}.
2018-12-30 20:29:21.082  INFO 23116 --- [main] t.c.s.AnnotationConfigContextLoaderUtils : Could not detect default configuration classes for test class [com.youmeng.taoshelf.TaoshelfApplicationTests]: TaoshelfApplicationTests does not declare any static, non-private, non-final, nested classes annotated with @Configuration.
2018-12-30 20:29:21.085  INFO 23116 --- [main] .b.t.c.SpringBootTestContextBootstrapper : Found @SpringBootConfiguration com.youmeng.taoshelf.TaoshelfApplication for test class com.youmeng.taoshelf.TaoshelfApplicationTests
2018-12-30 20:29:21.087  INFO 23116 --- [main] .b.t.c.SpringBootTestContextBootstrapper : Loaded default TestExecutionListener class names from location [META-INF/spring.factories]: [org.springframework.boot.test.mock.mockito.MockitoTestExecutionListener, org.springframework.boot.test.mock.mockito.ResetMocksTestExecutionListener, org.springframework.boot.test.autoconfigure.restdocs.RestDocsTestExecutionListener, org.springframework.boot.test.autoconfigure.web.client.MockRestServiceServerResetTestExecutionListener, org.springframework.boot.test.autoconfigure.web.servlet.MockMvcPrintOnlyOnFailureTestExecutionListener, org.springframework.boot.test.autoconfigure.web.servlet.WebDriverTestExecutionListener, org.springframework.test.context.web.ServletTestExecutionListener, org.springframework.test.context.support.DirtiesContextBeforeModesTestExecutionListener, org.springframework.test.context.support.DependencyInjectionTestExecutionListener, org.springframework.test.context.support.DirtiesContextTestExecutionListener, org.springframework.test.context.transaction.TransactionalTestExecutionListener, org.springframework.test.context.jdbc.SqlScriptsTestExecutionListener, org.springframework.security.test.context.support.WithSecurityContextTestExecutionListener, org.springframework.security.test.context.support.ReactorContextTestExecutionListener]
2018-12-30 20:29:21.087  INFO 23116 --- [main] .b.t.c.SpringBootTestContextBootstrapper : Using TestExecutionListeners: [org.springframework.test.context.web.ServletTestExecutionListener@3431cb1f, org.springframework.test.context.support.DirtiesContextBeforeModesTestExecutionListener@42c9f2cd, org.springframework.boot.test.mock.mockito.MockitoTestExecutionListener@797c67c, org.springframework.boot.test.autoconfigure.SpringBootDependencyInjectionTestExecutionListener@31ce271c, org.springframework.test.context.support.DirtiesContextTestExecutionListener@b1d7b09, org.springframework.test.context.transaction.TransactionalTestExecutionListener@64faf3d, org.springframework.test.context.jdbc.SqlScriptsTestExecutionListener@3f523dae, org.springframework.security.test.context.support.WithSecurityContextTestExecutionListener@7fe40b9f, org.springframework.security.test.context.support.ReactorContextTestExecutionListener@1f41f259, org.springframework.boot.test.mock.mockito.ResetMocksTestExecutionListener@648c80cb, org.springframework.boot.test.autoconfigure.restdocs.RestDocsTestExecutionListener@4a9d6eb9, org.springframework.boot.test.autoconfigure.web.client.MockRestServiceServerResetTestExecutionListener@157a2c86, org.springframework.boot.test.autoconfigure.web.servlet.MockMvcPrintOnlyOnFailureTestExecutionListener@5b9c74a, org.springframework.boot.test.autoconfigure.web.servlet.WebDriverTestExecutionListener@5b395ee]
2018-12-30 20:29:21.903  INFO 23116 --- [main] trationDelegate$BeanPostProcessorChecker : Bean 'org.springframework.cloud.autoconfigure.ConfigurationPropertiesRebinderAutoConfiguration' of type [org.springframework.cloud.autoconfigure.ConfigurationPropertiesRebinderAutoConfiguration$$EnhancerBySpringCGLIB$$f16d8079] is not eligible for getting processed by all BeanPostProcessors (for example: not eligible for auto-proxying)
2018-12-30 20:29:22.805  INFO 23116 --- [main] c.y.taoshelf.TaoshelfApplicationTests    : No active profile set, falling back to default profiles: default
2018-12-30 20:29:23.560  INFO 23116 --- [main] .s.d.r.c.RepositoryConfigurationDelegate : Multiple Spring Data modules found, entering strict repository configuration mode!
2018-12-30 20:29:23.563  INFO 23116 --- [main] .s.d.r.c.RepositoryConfigurationDelegate : Bootstrapping Spring Data repositories in DEFAULT mode.
2018-12-30 20:29:23.664  INFO 23116 --- [main] .s.d.r.c.RepositoryConfigurationDelegate : Finished Spring Data repository scanning in 100ms. Found 5 repository interfaces.
2018-12-30 20:29:23.681  INFO 23116 --- [main] .s.d.r.c.RepositoryConfigurationDelegate : Multiple Spring Data modules found, entering strict repository configuration mode!
2018-12-30 20:29:23.683  INFO 23116 --- [main] .s.d.r.c.RepositoryConfigurationDelegate : Bootstrapping Spring Data repositories in DEFAULT mode.
2018-12-30 20:29:23.712  INFO 23116 --- [main] .RepositoryConfigurationExtensionSupport : Spring Data Redis - Could not safely identify store assignment for repository candidate interface com.youmeng.taoshelf.repository.AdminRepository.
2018-12-30 20:29:23.714  INFO 23116 --- [main] .RepositoryConfigurationExtensionSupport : Spring Data Redis - Could not safely identify store assignment for repository candidate interface com.youmeng.taoshelf.repository.CardRepository.
2018-12-30 20:29:23.717  INFO 23116 --- [main] .RepositoryConfigurationExtensionSupport : Spring Data Redis - Could not safely identify store assignment for repository candidate interface com.youmeng.taoshelf.repository.LogRepository.
2018-12-30 20:29:23.720  INFO 23116 --- [main] .RepositoryConfigurationExtensionSupport : Spring Data Redis - Could not safely identify store assignment for repository candidate interface com.youmeng.taoshelf.repository.TaskRepository.
2018-12-30 20:29:23.722  INFO 23116 --- [main] .RepositoryConfigurationExtensionSupport : Spring Data Redis - Could not safely identify store assignment for repository candidate interface com.youmeng.taoshelf.repository.UserRepository.
2018-12-30 20:29:23.724  INFO 23116 --- [main] .s.d.r.c.RepositoryConfigurationDelegate : Finished Spring Data repository scanning in 39ms. Found 0 repository interfaces.
2018-12-30 20:29:23.799  INFO 23116 --- [main] o.s.cloud.context.scope.GenericScope     : BeanFactory id=f99e6ed0-2d98-3c2b-bb4b-a1f27d0248a9
2018-12-30 20:29:23.948  INFO 23116 --- [main] trationDelegate$BeanPostProcessorChecker : Bean 'org.springframework.transaction.annotation.ProxyTransactionManagementConfiguration' of type [org.springframework.transaction.annotation.ProxyTransactionManagementConfiguration$$EnhancerBySpringCGLIB$$d5537d7c] is not eligible for getting processed by all BeanPostProcessors (for example: not eligible for auto-proxying)
2018-12-30 20:29:24.028  INFO 23116 --- [main] trationDelegate$BeanPostProcessorChecker : Bean 'org.springframework.security.config.annotation.configuration.ObjectPostProcessorConfiguration' of type [org.springframework.security.config.annotation.configuration.ObjectPostProcessorConfiguration$$EnhancerBySpringCGLIB$$6e0145b6] is not eligible for getting processed by all BeanPostProcessors (for example: not eligible for auto-proxying)
2018-12-30 20:29:24.042  INFO 23116 --- [main] trationDelegate$BeanPostProcessorChecker : Bean 'objectPostProcessor' of type [org.springframework.security.config.annotation.configuration.AutowireBeanFactoryObjectPostProcessor] is not eligible for getting processed by all BeanPostProcessors (for example: not eligible for auto-proxying)
2018-12-30 20:29:24.045  INFO 23116 --- [main] trationDelegate$BeanPostProcessorChecker : Bean 'org.springframework.security.access.expression.method.DefaultMethodSecurityExpressionHandler@2acbbee4' of type [org.springframework.security.access.expression.method.DefaultMethodSecurityExpressionHandler] is not eligible for getting processed by all BeanPostProcessors (for example: not eligible for auto-proxying)
2018-12-30 20:29:24.060  INFO 23116 --- [main] trationDelegate$BeanPostProcessorChecker : Bean 'org.springframework.security.config.annotation.method.configuration.GlobalMethodSecurityConfiguration' of type [org.springframework.security.config.annotation.method.configuration.GlobalMethodSecurityConfiguration$$EnhancerBySpringCGLIB$$92d5e868] is not eligible for getting processed by all BeanPostProcessors (for example: not eligible for auto-proxying)
2018-12-30 20:29:24.066  INFO 23116 --- [main] trationDelegate$BeanPostProcessorChecker : Bean 'methodSecurityMetadataSource' of type [org.springframework.security.access.method.DelegatingMethodSecurityMetadataSource] is not eligible for getting processed by all BeanPostProcessors (for example: not eligible for auto-proxying)
2018-12-30 20:29:24.114  INFO 23116 --- [main] trationDelegate$BeanPostProcessorChecker : Bean 'org.springframework.cloud.autoconfigure.ConfigurationPropertiesRebinderAutoConfiguration' of type [org.springframework.cloud.autoconfigure.ConfigurationPropertiesRebinderAutoConfiguration$$EnhancerBySpringCGLIB$$f16d8079] is not eligible for getting processed by all BeanPostProcessors (for example: not eligible for auto-proxying)
2018-12-30 20:29:24.381  INFO 23116 --- [main] com.zaxxer.hikari.HikariDataSource       : MyHikariCP - Starting...
2018-12-30 20:29:26.573  INFO 23116 --- [main] com.zaxxer.hikari.HikariDataSource       : MyHikariCP - Starting...
2018-12-30 20:29:28.863  INFO 23116 --- [main] com.zaxxer.hikari.HikariDataSource       : MyHikariCP - Starting...
2018-12-30 20:29:30.902  INFO 23116 --- [main] ConditionEvaluationReportLoggingListener : 

Error starting ApplicationContext. To display the conditions report re-run your application with 'debug' enabled.
