2018-12-21 16:08:35.925  INFO 8680 --- [main] com.youmeng.taoshelf.QuartzTest          : Starting QuartzTest on V9AVS9NHI49S52E with PID 8680 (started by Administrator in C:\Users\Administrator\Desktop\taobao-master-ea5f180bce6037defaf4ad4c2d39c37324f0c5aataobao.git)
2018-12-21 16:08:35.928  INFO 8680 --- [main] com.youmeng.taoshelf.QuartzTest          : No active profile set, falling back to default profiles: default
2018-12-21 16:08:36.021  INFO 8680 --- [main] o.s.w.c.s.GenericWebApplicationContext   : Refreshing org.springframework.web.context.support.GenericWebApplicationContext@7b205dbd: startup date [Fri Dec 21 16:08:36 CST 2018]; root of context hierarchy
2018-12-21 16:08:38.935  INFO 8680 --- [main] .s.d.r.c.RepositoryConfigurationDelegate : Multiple Spring Data modules found, entering strict repository configuration mode!
2018-12-21 16:08:39.235  INFO 8680 --- [main] .s.d.r.c.RepositoryConfigurationDelegate : Multiple Spring Data modules found, entering strict repository configuration mode!
2018-12-21 16:08:39.298  INFO 8680 --- [main] .RepositoryConfigurationExtensionSupport : Spring Data Redis - Could not safely identify store assignment for repository candidate interface com.youmeng.taoshelf.repository.AdminRepository.
2018-12-21 16:08:39.307  INFO 8680 --- [main] .RepositoryConfigurationExtensionSupport : Spring Data Redis - Could not safely identify store assignment for repository candidate interface com.youmeng.taoshelf.repository.CardRepository.
2018-12-21 16:08:39.308  INFO 8680 --- [main] .RepositoryConfigurationExtensionSupport : Spring Data Redis - Could not safely identify store assignment for repository candidate interface com.youmeng.taoshelf.repository.LogRepository.
2018-12-21 16:08:39.309  INFO 8680 --- [main] .RepositoryConfigurationExtensionSupport : Spring Data Redis - Could not safely identify store assignment for repository candidate interface com.youmeng.taoshelf.repository.TaskRepository.
2018-12-21 16:08:39.310  INFO 8680 --- [main] .RepositoryConfigurationExtensionSupport : Spring Data Redis - Could not safely identify store assignment for repository candidate interface com.youmeng.taoshelf.repository.UserRepository.
2018-12-21 16:08:40.424  INFO 8680 --- [main] trationDelegate$BeanPostProcessorChecker : Bean 'org.springframework.transaction.annotation.ProxyTransactionManagementConfiguration' of type [org.springframework.transaction.annotation.ProxyTransactionManagementConfiguration$$EnhancerBySpringCGLIB$$b3460c92] is not eligible for getting processed by all BeanPostProcessors (for example: not eligible for auto-proxying)
2018-12-21 16:08:40.615  INFO 8680 --- [main] trationDelegate$BeanPostProcessorChecker : Bean 'org.springframework.security.config.annotation.configuration.ObjectPostProcessorConfiguration' of type [org.springframework.security.config.annotation.configuration.ObjectPostProcessorConfiguration$$EnhancerBySpringCGLIB$$4bf3d4cc] is not eligible for getting processed by all BeanPostProcessors (for example: not eligible for auto-proxying)
2018-12-21 16:08:40.652  INFO 8680 --- [main] trationDelegate$BeanPostProcessorChecker : Bean 'objectPostProcessor' of type [org.springframework.security.config.annotation.configuration.AutowireBeanFactoryObjectPostProcessor] is not eligible for getting processed by all BeanPostProcessors (for example: not eligible for auto-proxying)
2018-12-21 16:08:40.667  INFO 8680 --- [main] trationDelegate$BeanPostProcessorChecker : Bean 'org.springframework.security.access.expression.method.DefaultMethodSecurityExpressionHandler@7899de11' of type [org.springframework.security.access.expression.method.DefaultMethodSecurityExpressionHandler] is not eligible for getting processed by all BeanPostProcessors (for example: not eligible for auto-proxying)
2018-12-21 16:08:40.686  INFO 8680 --- [main] trationDelegate$BeanPostProcessorChecker : Bean 'org.springframework.security.config.annotation.method.configuration.GlobalMethodSecurityConfiguration' of type [org.springframework.security.config.annotation.method.configuration.GlobalMethodSecurityConfiguration$$EnhancerBySpringCGLIB$$70c8777e] is not eligible for getting processed by all BeanPostProcessors (for example: not eligible for auto-proxying)
2018-12-21 16:08:40.725  INFO 8680 --- [main] trationDelegate$BeanPostProcessorChecker : Bean 'methodSecurityMetadataSource' of type [org.springframework.security.access.method.DelegatingMethodSecurityMetadataSource] is not eligible for getting processed by all BeanPostProcessors (for example: not eligible for auto-proxying)
2018-12-21 16:08:41.683  INFO 8680 --- [main] com.zaxxer.hikari.HikariDataSource       : MyHikariCP - Starting...
2018-12-21 16:08:44.090  INFO 8680 --- [main] j.LocalContainerEntityManagerFactoryBean : Building JPA container EntityManagerFactory for persistence unit 'default'
2018-12-21 16:08:44.151  INFO 8680 --- [main] o.hibernate.jpa.internal.util.LogHelper  : HHH000204: Processing PersistenceUnitInfo [
	name: default
	...]
2018-12-21 16:08:44.520  INFO 8680 --- [main] org.hibernate.Version                    : HHH000412: Hibernate Core {5.2.17.Final}
2018-12-21 16:08:44.525  INFO 8680 --- [main] org.hibernate.cfg.Environment            : HHH000206: hibernate.properties not found
2018-12-21 16:08:44.709  INFO 8680 --- [main] o.hibernate.annotations.common.Version   : HCANN000001: Hibernate Commons Annotations {5.0.1.Final}
2018-12-21 16:08:45.469  INFO 8680 --- [main] com.zaxxer.hikari.HikariDataSource       : MyHikariCP - Starting...
2018-12-21 16:08:47.524  INFO 8680 --- [main] org.hibernate.dialect.Dialect            : HHH000400: Using dialect: org.hibernate.dialect.MySQLDialect
2018-12-21 16:08:47.590  INFO 8680 --- [main] o.h.e.j.e.i.LobCreatorBuilderImpl        : HHH000422: Disabling contextual LOB creation as connection was null
2018-12-21 16:08:49.265  INFO 8680 --- [main] com.zaxxer.hikari.HikariDataSource       : MyHikariCP - Starting...
