2019-03-27 00:06:47.276  WARN 9372 --- [restartedMain] o.m.s.mapper.ClassPathMapperScanner      : No MyBatis mapper was found in '[com.youmeng.taoshelf.mapper.mapper*]' package. Please check your configuration.
2019-03-27 00:06:53.462  WARN 9372 --- [restartedMain] com.zaxxer.hikari.HikariConfig           : MyHikariCP - idleTimeout is close to or more than maxLifetime, disabling it.
2019-03-27 00:06:53.472  WARN 9372 --- [restartedMain] com.zaxxer.hikari.util.DriverDataSource  : Registered driver with driverClassName=com.mysql.jdbc.Driver was not found, trying direct instantiation.
2019-03-27 00:06:56.435  WARN 9372 --- [restartedMain] o.s.b.d.a.OptionalLiveReloadServer       : Unable to start LiveReload server
2019-03-27 00:06:58.380  WARN 9372 --- [restartedMain] ConfigServletWebServerApplicationContext : Exception encountered during context initialization - cancelling refresh attempt: org.springframework.beans.factory.UnsatisfiedDependencyException: Error creating bean with name 'flowPackageServiceImpl': Unsatisfied dependency expressed through field 'baseMapper'; nested exception is org.springframework.beans.factory.UnsatisfiedDependencyException: Error creating bean with name 'flowPackageMapper' defined in file [C:\Hondsome\Myeclipse_Project\taobao-master-ea5f180bce6037defaf4ad4c2d39c37324f0c5aataobao.git\target\classes\com\youmeng\taoshelf\mapper\FlowPackageMapper.class]: Unsatisfied dependency expressed through bean property 'sqlSessionFactory'; nested exception is org.springframework.beans.factory.BeanCreationException: Error creating bean with name 'sqlSessionFactory' defined in class path resource [com/baomidou/mybatisplus/autoconfigure/MybatisPlusAutoConfiguration.class]: Bean instantiation via factory method failed; nested exception is org.springframework.beans.BeanInstantiationException: Failed to instantiate [org.apache.ibatis.session.SqlSessionFactory]: Factory method 'sqlSessionFactory' threw exception; nested exception is org.springframework.core.NestedIOException: Failed to parse mapping resource: 'file [C:\Hondsome\Myeclipse_Project\taobao-master-ea5f180bce6037defaf4ad4c2d39c37324f0c5aataobao.git\target\classes\com\youmeng\taoshelf\xml\FlowPackageMapper.xml]'; nested exception is org.apache.ibatis.builder.BuilderException: Error parsing Mapper XML. The XML location is 'file [C:\Hondsome\Myeclipse_Project\taobao-master-ea5f180bce6037defaf4ad4c2d39c37324f0c5aataobao.git\target\classes\com\youmeng\taoshelf\xml\FlowPackageMapper.xml]'. Cause: org.apache.ibatis.builder.BuilderException: Error resolving class. Cause: org.apache.ibatis.type.TypeException: Could not resolve type alias 'com.youmeng.taoshelf.entity.FlowPackage'.  Cause: java.lang.ClassNotFoundException: Cannot find class: com.youmeng.taoshelf.entity.FlowPackage
2019-03-27 00:07:38.252  WARN 7228 --- [restartedMain] o.m.s.mapper.ClassPathMapperScanner      : No MyBatis mapper was found in '[com.youmeng.taoshelf.mapper.mapper*]' package. Please check your configuration.
2019-03-27 00:07:44.366  WARN 7228 --- [restartedMain] com.zaxxer.hikari.HikariConfig           : MyHikariCP - idleTimeout is close to or more than maxLifetime, disabling it.
2019-03-27 00:07:44.374  WARN 7228 --- [restartedMain] com.zaxxer.hikari.util.DriverDataSource  : Registered driver with driverClassName=com.mysql.jdbc.Driver was not found, trying direct instantiation.
2019-03-27 00:07:47.189  WARN 7228 --- [restartedMain] o.s.b.d.a.OptionalLiveReloadServer       : Unable to start LiveReload server
2019-03-27 00:07:50.228  WARN 7228 --- [restartedMain] c.n.c.sources.URLConfigurationSource     : No URLs will be polled as dynamic configuration sources.
2019-03-27 00:07:50.238  WARN 7228 --- [restartedMain] c.n.c.sources.URLConfigurationSource     : No URLs will be polled as dynamic configuration sources.
2019-03-27 00:13:05.522  WARN 7228 --- [Thread-1] com.netflix.discovery.DiscoveryClient    : Saw local status change event StatusChangeEvent [timestamp=1553616785522, current=DOWN, previous=UP]
2019-03-27 00:13:13.886  WARN 7228 --- [restartedMain] o.m.s.mapper.ClassPathMapperScanner      : No MyBatis mapper was found in '[com.youmeng.taoshelf.mapper.mapper*]' package. Please check your configuration.
2019-03-27 00:13:15.655  WARN 7228 --- [restartedMain] com.zaxxer.hikari.HikariConfig           : MyHikariCP - idleTimeout is close to or more than maxLifetime, disabling it.
2019-03-27 00:13:15.655  WARN 7228 --- [restartedMain] com.zaxxer.hikari.util.DriverDataSource  : Registered driver with driverClassName=com.mysql.jdbc.Driver was not found, trying direct instantiation.
2019-03-27 00:13:16.275  WARN 7228 --- [restartedMain] o.s.b.d.a.OptionalLiveReloadServer       : Unable to start LiveReload server
2019-03-27 00:13:17.761  WARN 7228 --- [restartedMain] c.n.c.sources.URLConfigurationSource     : No URLs will be polled as dynamic configuration sources.
2019-03-27 00:15:12.248  WARN 9044 --- [restartedMain] o.m.s.mapper.ClassPathMapperScanner      : No MyBatis mapper was found in '[com.youmeng.taoshelf.mapper.mapper*]' package. Please check your configuration.
2019-03-27 00:15:19.608  WARN 9044 --- [restartedMain] com.zaxxer.hikari.HikariConfig           : MyHikariCP - idleTimeout is close to or more than maxLifetime, disabling it.
2019-03-27 00:15:19.619  WARN 9044 --- [restartedMain] com.zaxxer.hikari.util.DriverDataSource  : Registered driver with driverClassName=com.mysql.jdbc.Driver was not found, trying direct instantiation.
2019-03-27 00:15:22.435  WARN 9044 --- [restartedMain] o.s.b.d.a.OptionalLiveReloadServer       : Unable to start LiveReload server
2019-03-27 00:15:25.721  WARN 9044 --- [restartedMain] c.n.c.sources.URLConfigurationSource     : No URLs will be polled as dynamic configuration sources.
2019-03-27 00:15:25.741  WARN 9044 --- [restartedMain] c.n.c.sources.URLConfigurationSource     : No URLs will be polled as dynamic configuration sources.
2019-03-27 00:18:26.310  WARN 9968 --- [restartedMain] o.m.s.mapper.ClassPathMapperScanner      : No MyBatis mapper was found in '[com.youmeng.taoshelf.mapper.mapper*]' package. Please check your configuration.
2019-03-27 00:18:33.075  WARN 9968 --- [restartedMain] com.zaxxer.hikari.HikariConfig           : MyHikariCP - idleTimeout is close to or more than maxLifetime, disabling it.
2019-03-27 00:18:33.085  WARN 9968 --- [restartedMain] com.zaxxer.hikari.util.DriverDataSource  : Registered driver with driverClassName=com.mysql.jdbc.Driver was not found, trying direct instantiation.
2019-03-27 00:18:35.732  WARN 9968 --- [restartedMain] o.s.b.d.a.OptionalLiveReloadServer       : Unable to start LiveReload server
2019-03-27 00:18:38.786  WARN 9968 --- [restartedMain] c.n.c.sources.URLConfigurationSource     : No URLs will be polled as dynamic configuration sources.
2019-03-27 00:18:38.796  WARN 9968 --- [restartedMain] c.n.c.sources.URLConfigurationSource     : No URLs will be polled as dynamic configuration sources.
2019-03-27 00:19:43.399  WARN 9884 --- [restartedMain] o.m.s.mapper.ClassPathMapperScanner      : No MyBatis mapper was found in '[com.youmeng.taoshelf.mapper.mapper*]' package. Please check your configuration.
2019-03-27 00:19:50.531  WARN 9884 --- [restartedMain] com.zaxxer.hikari.HikariConfig           : MyHikariCP - idleTimeout is close to or more than maxLifetime, disabling it.
2019-03-27 00:19:50.540  WARN 9884 --- [restartedMain] com.zaxxer.hikari.util.DriverDataSource  : Registered driver with driverClassName=com.mysql.jdbc.Driver was not found, trying direct instantiation.
2019-03-27 00:19:53.801  WARN 9884 --- [restartedMain] o.s.b.d.a.OptionalLiveReloadServer       : Unable to start LiveReload server
2019-03-27 00:19:57.253  WARN 9884 --- [restartedMain] c.n.c.sources.URLConfigurationSource     : No URLs will be polled as dynamic configuration sources.
2019-03-27 00:19:57.263  WARN 9884 --- [restartedMain] c.n.c.sources.URLConfigurationSource     : No URLs will be polled as dynamic configuration sources.
